[01m[K/home/max/Documents/GitHub/IR2117/tb3_ws/olympic/src/ring_server.cpp:[m[K In function ‘[01m[Kint main(int, char**)[m[K’:
[01m[K/home/max/Documents/GitHub/IR2117/tb3_ws/olympic/src/ring_server.cpp:16:21:[m[K [01;31m[Kerror: [m[K‘[01m[KSetPen[m[K’ was not declared in this scope; did you mean ‘[01m[Kturtlesim::srv::SetPen[m[K’?
   16 |     rclcpp::Service<[01;31m[KSetPen[m[K>SharedPtr client = node->create_client<turtlesim::srv::SetPen>("set_pen");
      |                     [01;31m[K^~~~~~[m[K
      |                     [32m[Kturtlesim::srv::SetPen[m[K
In file included from [01m[K/opt/ros/foxy/include/turtlesim/srv/set_pen.hpp:7[m[K,
                 from [01m[K/home/max/Documents/GitHub/IR2117/tb3_ws/olympic/src/ring_server.cpp:2[m[K:
[01m[K/opt/ros/foxy/include/turtlesim/srv/detail/set_pen__struct.hpp:299:8:[m[K [01;36m[Knote: [m[K‘[01m[Kturtlesim::srv::SetPen[m[K’ declared here
  299 | struct [01;36m[KSetPen[m[K
      |        [01;36m[K^~~~~~[m[K
[01m[K/home/max/Documents/GitHub/IR2117/tb3_ws/olympic/src/ring_server.cpp:16:27:[m[K [01;31m[Kerror: [m[Ktemplate argument 1 is invalid
   16 |     rclcpp::Service<SetPen[01;31m[K>[m[KSharedPtr client = node->create_client<turtlesim::srv::SetPen>("set_pen");
      |                           [01;31m[K^[m[K
[01m[K/home/max/Documents/GitHub/IR2117/tb3_ws/olympic/src/ring_server.cpp:16:38:[m[K [01;31m[Kerror: [m[Kexpected initializer before ‘[01m[Kclient[m[K’
   16 |     rclcpp::Service<SetPen>SharedPtr [01;31m[Kclient[m[K = node->create_client<turtlesim::srv::SetPen>("set_pen");
      |                                      [01;31m[K^~~~~~[m[K
[01m[K/home/max/Documents/GitHub/IR2117/tb3_ws/olympic/src/ring_server.cpp:23:13:[m[K [01;31m[Kerror: [m[K‘[01m[Kclient[m[K’ was not declared in this scope
   23 |     while (![01;31m[Kclient[m[K->wait_for_service(1s)) {
      |             [01;31m[K^~~~~~[m[K
[01m[K/home/max/Documents/GitHub/IR2117/tb3_ws/olympic/src/ring_server.cpp:23:38:[m[K [01;31m[Kerror: [m[Kunable to find numeric literal operator ‘[01m[Koperator""s[m[K’
   23 |     while (!client->wait_for_service([01;31m[K1s[m[K)) {
      |                                      [01;31m[K^~[m[K
[01m[K/home/max/Documents/GitHub/IR2117/tb3_ws/olympic/src/ring_server.cpp:32:19:[m[K [01;31m[Kerror: [m[K‘[01m[Kclient[m[K’ was not declared in this scope
   32 |     auto result = [01;31m[Kclient[m[K->async_send_request(request);
      |                   [01;31m[K^~~~~~[m[K
make[2]: *** [CMakeFiles/client.dir/build.make:63: CMakeFiles/client.dir/src/ring_server.cpp.o] Error 1
make[1]: *** [CMakeFiles/Makefile2:80: CMakeFiles/client.dir/all] Error 2
make: *** [Makefile:141: all] Error 2
