[0.012s] Invoking command in '/home/max/Documents/GitHub/IR2117/ros2_ws/build/examples_sum': CMAKE_PREFIX_PATH=${CMAKE_PREFIX_PATH}:/opt/ros/foxy /usr/bin/cmake /home/max/Documents/GitHub/IR2117/ros2_ws/src/examples/sum -DCMAKE_INSTALL_PREFIX=/home/max/Documents/GitHub/IR2117/ros2_ws/install/examples_sum
[0.043s] -- The C compiler identification is GNU 9.4.0
[0.073s] -- The CXX compiler identification is GNU 9.4.0
[0.075s] -- Check for working C compiler: /usr/bin/cc
[0.111s] -- Check for working C compiler: /usr/bin/cc -- works
[0.112s] -- Detecting C compiler ABI info
[0.178s] -- Detecting C compiler ABI info - done
[0.187s] -- Detecting C compile features
[0.187s] -- Detecting C compile features - done
[0.188s] -- Check for working CXX compiler: /usr/bin/c++
[0.252s] -- Check for working CXX compiler: /usr/bin/c++ -- works
[0.253s] -- Detecting CXX compiler ABI info
[0.317s] -- Detecting CXX compiler ABI info - done
[0.323s] -- Detecting CXX compile features
[0.324s] -- Detecting CXX compile features - done
[0.325s] -- Found ament_cmake: 0.9.11 (/opt/ros/foxy/share/ament_cmake/cmake)
[0.338s] -- Found PythonInterp: /usr/bin/python3 (found suitable version "3.8.10", minimum required is "3") 
[0.338s] -- Using PYTHON_EXECUTABLE: /usr/bin/python3
[0.424s] -- Found rclcpp: 2.4.2 (/opt/ros/foxy/share/rclcpp/cmake)
[0.446s] -- Using all available rosidl_typesupport_c: rosidl_typesupport_fastrtps_c;rosidl_typesupport_introspection_c
[0.449s] -- Found rosidl_adapter: 1.3.0 (/opt/ros/foxy/share/rosidl_adapter/cmake)
[0.488s] -- Found OpenSSL: /usr/lib/x86_64-linux-gnu/libcrypto.so (found version "1.1.1f")  
[0.503s] -- Found FastRTPS: /opt/ros/foxy/include  
[0.542s] -- Using all available rosidl_typesupport_cpp: rosidl_typesupport_fastrtps_cpp;rosidl_typesupport_introspection_cpp
[0.570s] -- Found rmw_implementation_cmake: 1.0.3 (/opt/ros/foxy/share/rmw_implementation_cmake/cmake)
[0.571s] -- Using RMW implementation 'rmw_fastrtps_cpp' as default
[0.572s] -- Looking for pthread.h
[0.619s] -- Looking for pthread.h - found
[0.619s] -- Performing Test CMAKE_HAVE_LIBC_PTHREAD
[0.719s] -- Performing Test CMAKE_HAVE_LIBC_PTHREAD - Failed
[0.719s] -- Looking for pthread_create in pthreads
[0.787s] -- Looking for pthread_create in pthreads - not found
[0.787s] -- Looking for pthread_create in pthread
[0.869s] -- Looking for pthread_create in pthread - found
[0.870s] -- Found Threads: TRUE  
[0.979s] CMake Error at /opt/ros/foxy/share/ament_cmake_core/cmake/core/ament_package_xml.cmake:53 (message):
[0.979s]   ament_package_xml() package name 'examples_sum' in '/package.xml' does not
[0.980s]   match current PROJECT_NAME 'examples_s'.  You must call project() with the
[0.980s]   same package name before.
[0.980s] Call Stack (most recent call first):
[0.980s]   /opt/ros/foxy/share/ament_cmake_core/cmake/core/ament_package.cmake:63 (ament_package_xml)
[0.980s]   CMakeLists.txt:25 (ament_package)
[0.980s] 
[0.980s] 
[0.980s] -- Configuring incomplete, errors occurred!
[0.980s] See also "/home/max/Documents/GitHub/IR2117/ros2_ws/build/examples_sum/CMakeFiles/CMakeOutput.log".
[0.980s] See also "/home/max/Documents/GitHub/IR2117/ros2_ws/build/examples_sum/CMakeFiles/CMakeError.log".
[0.985s] Invoked command in '/home/max/Documents/GitHub/IR2117/ros2_ws/build/examples_sum' returned '1': CMAKE_PREFIX_PATH=${CMAKE_PREFIX_PATH}:/opt/ros/foxy /usr/bin/cmake /home/max/Documents/GitHub/IR2117/ros2_ws/src/examples/sum -DCMAKE_INSTALL_PREFIX=/home/max/Documents/GitHub/IR2117/ros2_ws/install/examples_sum
