[0.007s] Invoking command in '/home/max/Documents/GitHub/IR2117/ros2_ws/src/build/olympic_interfaces': CMAKE_PREFIX_PATH=/opt/ros/foxy /usr/bin/cmake /home/max/Documents/GitHub/IR2117/ros2_ws/src/olympic_interfaces -DCMAKE_INSTALL_PREFIX=/home/max/Documents/GitHub/IR2117/ros2_ws/src/install/olympic_interfaces
[0.016s] -- Found ament_cmake: 0.9.11 (/opt/ros/foxy/share/ament_cmake/cmake)
[0.028s] -- Using PYTHON_EXECUTABLE: /usr/bin/python3
[0.108s] -- Found rclcpp: 2.4.2 (/opt/ros/foxy/share/rclcpp/cmake)
[0.126s] -- Using all available rosidl_typesupport_c: rosidl_typesupport_fastrtps_c;rosidl_typesupport_introspection_c
[0.128s] -- Found rosidl_adapter: 1.3.0 (/opt/ros/foxy/share/rosidl_adapter/cmake)
[0.190s] -- Using all available rosidl_typesupport_cpp: rosidl_typesupport_fastrtps_cpp;rosidl_typesupport_introspection_cpp
[0.215s] -- Found rmw_implementation_cmake: 1.0.3 (/opt/ros/foxy/share/rmw_implementation_cmake/cmake)
[0.216s] -- Using RMW implementation 'rmw_fastrtps_cpp' as default
[0.291s] -- Found rclcpp_action: 2.4.2 (/opt/ros/foxy/share/rclcpp_action/cmake)
[0.330s] CMake Error at /opt/ros/foxy/share/ament_cmake_target_dependencies/cmake/ament_target_dependencies.cmake:77 (message):
[0.330s]   ament_target_dependencies() the passed package name 'olympic_interfaces'
[0.330s]   was not found before
[0.330s] Call Stack (most recent call first):
[0.330s]   CMakeLists.txt:27 (ament_target_dependencies)
[0.330s] 
[0.330s] 
[0.330s] -- Configuring incomplete, errors occurred!
[0.330s] See also "/home/max/Documents/GitHub/IR2117/ros2_ws/src/build/olympic_interfaces/CMakeFiles/CMakeOutput.log".
[0.330s] See also "/home/max/Documents/GitHub/IR2117/ros2_ws/src/build/olympic_interfaces/CMakeFiles/CMakeError.log".
[0.334s] Invoked command in '/home/max/Documents/GitHub/IR2117/ros2_ws/src/build/olympic_interfaces' returned '1': CMAKE_PREFIX_PATH=/opt/ros/foxy /usr/bin/cmake /home/max/Documents/GitHub/IR2117/ros2_ws/src/olympic_interfaces -DCMAKE_INSTALL_PREFIX=/home/max/Documents/GitHub/IR2117/ros2_ws/src/install/olympic_interfaces
