-- The C compiler identification is GNU 9.4.0
-- The CXX compiler identification is GNU 9.4.0
-- Check for working C compiler: /usr/bin/cc
-- Check for working C compiler: /usr/bin/cc -- works
-- Detecting C compiler ABI info
-- Detecting C compiler ABI info - done
-- Detecting C compile features
-- Detecting C compile features - done
-- Check for working CXX compiler: /usr/bin/c++
-- Check for working CXX compiler: /usr/bin/c++ -- works
-- Detecting CXX compiler ABI info
-- Detecting CXX compiler ABI info - done
-- Detecting CXX compile features
-- Detecting CXX compile features - done
-- Found ament_cmake: 0.9.11 (/opt/ros/foxy/share/ament_cmake/cmake)
-- Found PythonInterp: /usr/bin/python3 (found suitable version "3.8.10", minimum required is "3") 
-- Using PYTHON_EXECUTABLE: /usr/bin/python3
-- Found rclcpp: 2.4.2 (/opt/ros/foxy/share/rclcpp/cmake)
-- Using all available rosidl_typesupport_c: rosidl_typesupport_fastrtps_c;rosidl_typesupport_introspection_c
-- Found rosidl_adapter: 1.3.0 (/opt/ros/foxy/share/rosidl_adapter/cmake)
-- Found OpenSSL: /usr/lib/x86_64-linux-gnu/libcrypto.so (found version "1.1.1f")  
-- Found FastRTPS: /opt/ros/foxy/include  
-- Using all available rosidl_typesupport_cpp: rosidl_typesupport_fastrtps_cpp;rosidl_typesupport_introspection_cpp
-- Found rmw_implementation_cmake: 1.0.3 (/opt/ros/foxy/share/rmw_implementation_cmake/cmake)
-- Using RMW implementation 'rmw_fastrtps_cpp' as default
-- Looking for pthread.h
-- Looking for pthread.h - found
-- Performing Test CMAKE_HAVE_LIBC_PTHREAD
-- Performing Test CMAKE_HAVE_LIBC_PTHREAD - Failed
-- Looking for pthread_create in pthreads
-- Looking for pthread_create in pthreads - not found
-- Looking for pthread_create in pthread
-- Looking for pthread_create in pthread - found
-- Found Threads: TRUE  
-- Configuring done
-- Generating done
-- Build files have been written to: /home/max/Documents/GitHub/IR2117/ros2_ws/build/examples_topics
[35m[1mScanning dependencies of target subscriber[0m
[35m[1mScanning dependencies of target publisher[0m
[ 50%] [32mBuilding CXX object CMakeFiles/subscriber.dir/subscriber.cpp.o[0m
[ 50%] [32mBuilding CXX object CMakeFiles/publisher.dir/publisher.cpp.o[0m
[ 75%] [32m[1mLinking CXX executable publisher[0m
[ 75%] Built target publisher
[100%] [32m[1mLinking CXX executable subscriber[0m
[100%] Built target subscriber
-- Install configuration: ""
-- Installing: /home/max/Documents/GitHub/IR2117/ros2_ws/install/examples_topics/lib/examples_topics/publisher
-- Set runtime path of "/home/max/Documents/GitHub/IR2117/ros2_ws/install/examples_topics/lib/examples_topics/publisher" to ""
-- Installing: /home/max/Documents/GitHub/IR2117/ros2_ws/install/examples_topics/lib/examples_topics/subscriber
-- Set runtime path of "/home/max/Documents/GitHub/IR2117/ros2_ws/install/examples_topics/lib/examples_topics/subscriber" to ""
-- Installing: /home/max/Documents/GitHub/IR2117/ros2_ws/install/examples_topics/share/ament_index/resource_index/package_run_dependencies/examples_topics
-- Installing: /home/max/Documents/GitHub/IR2117/ros2_ws/install/examples_topics/share/ament_index/resource_index/parent_prefix_path/examples_topics
-- Installing: /home/max/Documents/GitHub/IR2117/ros2_ws/install/examples_topics/share/examples_topics/environment/ament_prefix_path.sh
-- Installing: /home/max/Documents/GitHub/IR2117/ros2_ws/install/examples_topics/share/examples_topics/environment/ament_prefix_path.dsv
-- Installing: /home/max/Documents/GitHub/IR2117/ros2_ws/install/examples_topics/share/examples_topics/environment/path.sh
-- Installing: /home/max/Documents/GitHub/IR2117/ros2_ws/install/examples_topics/share/examples_topics/environment/path.dsv
-- Installing: /home/max/Documents/GitHub/IR2117/ros2_ws/install/examples_topics/share/examples_topics/local_setup.bash
-- Installing: /home/max/Documents/GitHub/IR2117/ros2_ws/install/examples_topics/share/examples_topics/local_setup.sh
-- Installing: /home/max/Documents/GitHub/IR2117/ros2_ws/install/examples_topics/share/examples_topics/local_setup.zsh
-- Installing: /home/max/Documents/GitHub/IR2117/ros2_ws/install/examples_topics/share/examples_topics/local_setup.dsv
-- Installing: /home/max/Documents/GitHub/IR2117/ros2_ws/install/examples_topics/share/examples_topics/package.dsv
-- Installing: /home/max/Documents/GitHub/IR2117/ros2_ws/install/examples_topics/share/ament_index/resource_index/packages/examples_topics
-- Installing: /home/max/Documents/GitHub/IR2117/ros2_ws/install/examples_topics/share/examples_topics/cmake/examples_topicsConfig.cmake
-- Installing: /home/max/Documents/GitHub/IR2117/ros2_ws/install/examples_topics/share/examples_topics/cmake/examples_topicsConfig-version.cmake
-- Installing: /home/max/Documents/GitHub/IR2117/ros2_ws/install/examples_topics/share/examples_topics/package.xml
