[0.008s] Invoking command in '/home/max/Documents/GitHub/IR2117/ros2_ws/build/examples_topics': CMAKE_PREFIX_PATH=/opt/ros/foxy /usr/bin/cmake /home/max/Documents/GitHub/IR2117/ros2_ws/src/examples/topics -DCMAKE_INSTALL_PREFIX=/home/max/Documents/GitHub/IR2117/ros2_ws/install/examples_topics
[0.094s] -- The C compiler identification is GNU 9.4.0
[0.293s] -- The CXX compiler identification is GNU 9.4.0
[0.295s] -- Check for working C compiler: /usr/bin/cc
[0.384s] -- Check for working C compiler: /usr/bin/cc -- works
[0.384s] -- Detecting C compiler ABI info
[0.438s] -- Detecting C compiler ABI info - done
[0.452s] -- Detecting C compile features
[0.452s] -- Detecting C compile features - done
[0.454s] -- Check for working CXX compiler: /usr/bin/c++
[0.525s] -- Check for working CXX compiler: /usr/bin/c++ -- works
[0.526s] -- Detecting CXX compiler ABI info
[0.638s] -- Detecting CXX compiler ABI info - done
[0.648s] -- Detecting CXX compile features
[0.648s] -- Detecting CXX compile features - done
[0.649s] -- Found ament_cmake: 0.9.11 (/opt/ros/foxy/share/ament_cmake/cmake)
[0.662s] -- Found PythonInterp: /usr/bin/python3 (found suitable version "3.8.10", minimum required is "3") 
[0.662s] -- Using PYTHON_EXECUTABLE: /usr/bin/python3
[0.750s] -- Found rclcpp: 2.4.2 (/opt/ros/foxy/share/rclcpp/cmake)
[0.773s] -- Using all available rosidl_typesupport_c: rosidl_typesupport_fastrtps_c;rosidl_typesupport_introspection_c
[0.776s] -- Found rosidl_adapter: 1.3.0 (/opt/ros/foxy/share/rosidl_adapter/cmake)
[0.816s] -- Found OpenSSL: /usr/lib/x86_64-linux-gnu/libcrypto.so (found version "1.1.1f")  
[0.833s] -- Found FastRTPS: /opt/ros/foxy/include  
[0.872s] -- Using all available rosidl_typesupport_cpp: rosidl_typesupport_fastrtps_cpp;rosidl_typesupport_introspection_cpp
[0.900s] -- Found rmw_implementation_cmake: 1.0.3 (/opt/ros/foxy/share/rmw_implementation_cmake/cmake)
[0.901s] -- Using RMW implementation 'rmw_fastrtps_cpp' as default
[0.902s] -- Looking for pthread.h
[0.977s] -- Looking for pthread.h - found
[0.977s] -- Performing Test CMAKE_HAVE_LIBC_PTHREAD
[1.075s] -- Performing Test CMAKE_HAVE_LIBC_PTHREAD - Failed
[1.075s] -- Looking for pthread_create in pthreads
[1.142s] -- Looking for pthread_create in pthreads - not found
[1.142s] -- Looking for pthread_create in pthread
[1.209s] -- Looking for pthread_create in pthread - found
[1.211s] -- Found Threads: TRUE  
[1.337s] -- Configuring done
[1.343s] -- Generating done
[1.344s] -- Build files have been written to: /home/max/Documents/GitHub/IR2117/ros2_ws/build/examples_topics
[1.348s] Invoked command in '/home/max/Documents/GitHub/IR2117/ros2_ws/build/examples_topics' returned '0': CMAKE_PREFIX_PATH=/opt/ros/foxy /usr/bin/cmake /home/max/Documents/GitHub/IR2117/ros2_ws/src/examples/topics -DCMAKE_INSTALL_PREFIX=/home/max/Documents/GitHub/IR2117/ros2_ws/install/examples_topics
[1.349s] Invoking command in '/home/max/Documents/GitHub/IR2117/ros2_ws/build/examples_topics': CMAKE_PREFIX_PATH=/opt/ros/foxy /usr/bin/cmake --build /home/max/Documents/GitHub/IR2117/ros2_ws/build/examples_topics -- -j20 -l20
[1.386s] [35m[1mScanning dependencies of target subscriber[0m
[1.386s] [35m[1mScanning dependencies of target publisher[0m
[1.403s] [ 50%] [32mBuilding CXX object CMakeFiles/subscriber.dir/subscriber.cpp.o[0m
[1.403s] [ 50%] [32mBuilding CXX object CMakeFiles/publisher.dir/publisher.cpp.o[0m
[2.840s] [ 75%] [32m[1mLinking CXX executable publisher[0m
[2.918s] [ 75%] Built target publisher
[3.727s] [100%] [32m[1mLinking CXX executable subscriber[0m
[3.840s] [100%] Built target subscriber
[3.847s] Invoked command in '/home/max/Documents/GitHub/IR2117/ros2_ws/build/examples_topics' returned '0': CMAKE_PREFIX_PATH=/opt/ros/foxy /usr/bin/cmake --build /home/max/Documents/GitHub/IR2117/ros2_ws/build/examples_topics -- -j20 -l20
[3.864s] Invoking command in '/home/max/Documents/GitHub/IR2117/ros2_ws/build/examples_topics': CMAKE_PREFIX_PATH=/opt/ros/foxy /usr/bin/cmake --install /home/max/Documents/GitHub/IR2117/ros2_ws/build/examples_topics
[3.870s] -- Install configuration: ""
[3.870s] -- Installing: /home/max/Documents/GitHub/IR2117/ros2_ws/install/examples_topics/lib/examples_topics/publisher
[3.871s] -- Set runtime path of "/home/max/Documents/GitHub/IR2117/ros2_ws/install/examples_topics/lib/examples_topics/publisher" to ""
[3.871s] -- Installing: /home/max/Documents/GitHub/IR2117/ros2_ws/install/examples_topics/lib/examples_topics/subscriber
[3.873s] -- Set runtime path of "/home/max/Documents/GitHub/IR2117/ros2_ws/install/examples_topics/lib/examples_topics/subscriber" to ""
[3.873s] -- Installing: /home/max/Documents/GitHub/IR2117/ros2_ws/install/examples_topics/share/ament_index/resource_index/package_run_dependencies/examples_topics
[3.873s] -- Installing: /home/max/Documents/GitHub/IR2117/ros2_ws/install/examples_topics/share/ament_index/resource_index/parent_prefix_path/examples_topics
[3.873s] -- Installing: /home/max/Documents/GitHub/IR2117/ros2_ws/install/examples_topics/share/examples_topics/environment/ament_prefix_path.sh
[3.873s] -- Installing: /home/max/Documents/GitHub/IR2117/ros2_ws/install/examples_topics/share/examples_topics/environment/ament_prefix_path.dsv
[3.873s] -- Installing: /home/max/Documents/GitHub/IR2117/ros2_ws/install/examples_topics/share/examples_topics/environment/path.sh
[3.874s] -- Installing: /home/max/Documents/GitHub/IR2117/ros2_ws/install/examples_topics/share/examples_topics/environment/path.dsv
[3.874s] -- Installing: /home/max/Documents/GitHub/IR2117/ros2_ws/install/examples_topics/share/examples_topics/local_setup.bash
[3.874s] -- Installing: /home/max/Documents/GitHub/IR2117/ros2_ws/install/examples_topics/share/examples_topics/local_setup.sh
[3.874s] -- Installing: /home/max/Documents/GitHub/IR2117/ros2_ws/install/examples_topics/share/examples_topics/local_setup.zsh
[3.874s] -- Installing: /home/max/Documents/GitHub/IR2117/ros2_ws/install/examples_topics/share/examples_topics/local_setup.dsv
[3.874s] -- Installing: /home/max/Documents/GitHub/IR2117/ros2_ws/install/examples_topics/share/examples_topics/package.dsv
[3.874s] -- Installing: /home/max/Documents/GitHub/IR2117/ros2_ws/install/examples_topics/share/ament_index/resource_index/packages/examples_topics
[3.874s] -- Installing: /home/max/Documents/GitHub/IR2117/ros2_ws/install/examples_topics/share/examples_topics/cmake/examples_topicsConfig.cmake
[3.874s] -- Installing: /home/max/Documents/GitHub/IR2117/ros2_ws/install/examples_topics/share/examples_topics/cmake/examples_topicsConfig-version.cmake
[3.874s] -- Installing: /home/max/Documents/GitHub/IR2117/ros2_ws/install/examples_topics/share/examples_topics/package.xml
[3.876s] Invoked command in '/home/max/Documents/GitHub/IR2117/ros2_ws/build/examples_topics' returned '0': CMAKE_PREFIX_PATH=/opt/ros/foxy /usr/bin/cmake --install /home/max/Documents/GitHub/IR2117/ros2_ws/build/examples_topics
