[0.166s] DEBUG:colcon:Command line arguments: ['/usr/bin/colcon', 'build', '--packages-select', 'cpp_srvcli']
[0.166s] DEBUG:colcon:Parsed command line arguments: Namespace(allow_overriding=[], ament_cmake_args=None, base_paths=['.'], build_base='build', catkin_cmake_args=None, catkin_skip_building_tests=False, cmake_args=None, cmake_clean_cache=False, cmake_clean_first=False, cmake_force_configure=False, cmake_target=None, cmake_target_skip_unavailable=False, continue_on_error=False, event_handlers=None, executor='parallel', ignore_user_meta=False, install_base='install', log_base=None, log_level=None, main=<bound method BuildVerb.main of <colcon_core.verb.build.BuildVerb object at 0x7fcf9ce117f0>>, merge_install=False, metas=['./colcon.meta'], packages_above=None, packages_above_and_dependencies=None, packages_above_depth=None, packages_end=None, packages_ignore=None, packages_ignore_regex=None, packages_select=['cpp_srvcli'], packages_select_build_failed=False, packages_select_by_dep=None, packages_select_regex=None, packages_select_test_failures=False, packages_skip=None, packages_skip_build_finished=False, packages_skip_by_dep=None, packages_skip_regex=None, packages_skip_test_passed=False, packages_skip_up_to=None, packages_start=None, packages_up_to=None, packages_up_to_regex=None, parallel_workers=20, paths=None, symlink_install=False, test_result_base=None, verb_extension=<colcon_core.verb.build.BuildVerb object at 0x7fcf9ce117f0>, verb_name='build', verb_parser=<colcon_defaults.argument_parser.defaults.DefaultArgumentsDecorator object at 0x7fcf9ce11d60>)
[0.189s] Level 1:colcon.colcon_core.package_discovery:discover_packages(colcon_meta) check parameters
[0.189s] Level 1:colcon.colcon_core.package_discovery:discover_packages(recursive) check parameters
[0.189s] Level 1:colcon.colcon_core.package_discovery:discover_packages(ignore) check parameters
[0.189s] Level 1:colcon.colcon_core.package_discovery:discover_packages(path) check parameters
[0.189s] Level 1:colcon.colcon_core.package_discovery:discover_packages(colcon_meta) discover
[0.189s] Level 1:colcon.colcon_core.package_discovery:discover_packages(recursive) discover
[0.189s] INFO:colcon.colcon_core.package_discovery:Crawling recursively for packages in '/home/max/Documents/GitHub/IR2117/ros2_ws'
[0.189s] Level 1:colcon.colcon_core.package_identification:_identify(.) by extensions ['ignore', 'ignore_ament_install']
[0.189s] Level 1:colcon.colcon_core.package_identification:_identify(.) by extension 'ignore'
[0.189s] Level 1:colcon.colcon_core.package_identification:_identify(.) by extension 'ignore_ament_install'
[0.189s] Level 1:colcon.colcon_core.package_identification:_identify(.) by extensions ['colcon_pkg']
[0.189s] Level 1:colcon.colcon_core.package_identification:_identify(.) by extension 'colcon_pkg'
[0.189s] Level 1:colcon.colcon_core.package_identification:_identify(.) by extensions ['colcon_meta']
[0.189s] Level 1:colcon.colcon_core.package_identification:_identify(.) by extension 'colcon_meta'
[0.189s] Level 1:colcon.colcon_core.package_identification:_identify(.) by extensions ['ros']
[0.189s] Level 1:colcon.colcon_core.package_identification:_identify(.) by extension 'ros'
[0.199s] Level 1:colcon.colcon_core.package_identification:_identify(.) by extensions ['cmake', 'python']
[0.199s] Level 1:colcon.colcon_core.package_identification:_identify(.) by extension 'cmake'
[0.199s] Level 1:colcon.colcon_core.package_identification:_identify(.) by extension 'python'
[0.199s] Level 1:colcon.colcon_core.package_identification:_identify(.) by extensions ['python_setup_py']
[0.199s] Level 1:colcon.colcon_core.package_identification:_identify(.) by extension 'python_setup_py'
[0.199s] Level 1:colcon.colcon_core.package_identification:_identify(build) by extensions ['ignore', 'ignore_ament_install']
[0.199s] Level 1:colcon.colcon_core.package_identification:_identify(build) by extension 'ignore'
[0.199s] Level 1:colcon.colcon_core.package_identification:_identify(build) ignored
[0.199s] Level 1:colcon.colcon_core.package_identification:_identify(install) by extensions ['ignore', 'ignore_ament_install']
[0.199s] Level 1:colcon.colcon_core.package_identification:_identify(install) by extension 'ignore'
[0.199s] Level 1:colcon.colcon_core.package_identification:_identify(install) ignored
[0.199s] Level 1:colcon.colcon_core.package_identification:_identify(log) by extensions ['ignore', 'ignore_ament_install']
[0.199s] Level 1:colcon.colcon_core.package_identification:_identify(log) by extension 'ignore'
[0.199s] Level 1:colcon.colcon_core.package_identification:_identify(log) ignored
[0.199s] Level 1:colcon.colcon_core.package_identification:_identify(src) by extensions ['ignore', 'ignore_ament_install']
[0.199s] Level 1:colcon.colcon_core.package_identification:_identify(src) by extension 'ignore'
[0.199s] Level 1:colcon.colcon_core.package_identification:_identify(src) by extension 'ignore_ament_install'
[0.199s] Level 1:colcon.colcon_core.package_identification:_identify(src) by extensions ['colcon_pkg']
[0.199s] Level 1:colcon.colcon_core.package_identification:_identify(src) by extension 'colcon_pkg'
[0.199s] Level 1:colcon.colcon_core.package_identification:_identify(src) by extensions ['colcon_meta']
[0.199s] Level 1:colcon.colcon_core.package_identification:_identify(src) by extension 'colcon_meta'
[0.199s] Level 1:colcon.colcon_core.package_identification:_identify(src) by extensions ['ros']
[0.199s] Level 1:colcon.colcon_core.package_identification:_identify(src) by extension 'ros'
[0.199s] Level 1:colcon.colcon_core.package_identification:_identify(src) by extensions ['cmake', 'python']
[0.199s] Level 1:colcon.colcon_core.package_identification:_identify(src) by extension 'cmake'
[0.199s] Level 1:colcon.colcon_core.package_identification:_identify(src) by extension 'python'
[0.199s] Level 1:colcon.colcon_core.package_identification:_identify(src) by extensions ['python_setup_py']
[0.199s] Level 1:colcon.colcon_core.package_identification:_identify(src) by extension 'python_setup_py'
[0.199s] Level 1:colcon.colcon_core.package_identification:_identify(src/cpp_srvcli) by extensions ['ignore', 'ignore_ament_install']
[0.200s] Level 1:colcon.colcon_core.package_identification:_identify(src/cpp_srvcli) by extension 'ignore'
[0.200s] Level 1:colcon.colcon_core.package_identification:_identify(src/cpp_srvcli) by extension 'ignore_ament_install'
[0.200s] Level 1:colcon.colcon_core.package_identification:_identify(src/cpp_srvcli) by extensions ['colcon_pkg']
[0.200s] Level 1:colcon.colcon_core.package_identification:_identify(src/cpp_srvcli) by extension 'colcon_pkg'
[0.200s] Level 1:colcon.colcon_core.package_identification:_identify(src/cpp_srvcli) by extensions ['colcon_meta']
[0.200s] Level 1:colcon.colcon_core.package_identification:_identify(src/cpp_srvcli) by extension 'colcon_meta'
[0.200s] Level 1:colcon.colcon_core.package_identification:_identify(src/cpp_srvcli) by extensions ['ros']
[0.200s] Level 1:colcon.colcon_core.package_identification:_identify(src/cpp_srvcli) by extension 'ros'
[0.201s] DEBUG:colcon.colcon_core.package_identification:Package 'src/cpp_srvcli' with type 'ros.ament_cmake' and name 'cpp_srvcli'
[0.201s] Level 1:colcon.colcon_core.package_identification:_identify(src/examples) by extensions ['ignore', 'ignore_ament_install']
[0.201s] Level 1:colcon.colcon_core.package_identification:_identify(src/examples) by extension 'ignore'
[0.201s] Level 1:colcon.colcon_core.package_identification:_identify(src/examples) by extension 'ignore_ament_install'
[0.201s] Level 1:colcon.colcon_core.package_identification:_identify(src/examples) by extensions ['colcon_pkg']
[0.201s] Level 1:colcon.colcon_core.package_identification:_identify(src/examples) by extension 'colcon_pkg'
[0.201s] Level 1:colcon.colcon_core.package_identification:_identify(src/examples) by extensions ['colcon_meta']
[0.201s] Level 1:colcon.colcon_core.package_identification:_identify(src/examples) by extension 'colcon_meta'
[0.201s] Level 1:colcon.colcon_core.package_identification:_identify(src/examples) by extensions ['ros']
[0.201s] Level 1:colcon.colcon_core.package_identification:_identify(src/examples) by extension 'ros'
[0.201s] Level 1:colcon.colcon_core.package_identification:_identify(src/examples) by extensions ['cmake', 'python']
[0.201s] Level 1:colcon.colcon_core.package_identification:_identify(src/examples) by extension 'cmake'
[0.201s] Level 1:colcon.colcon_core.package_identification:_identify(src/examples) by extension 'python'
[0.201s] Level 1:colcon.colcon_core.package_identification:_identify(src/examples) by extensions ['python_setup_py']
[0.201s] Level 1:colcon.colcon_core.package_identification:_identify(src/examples) by extension 'python_setup_py'
[0.201s] Level 1:colcon.colcon_core.package_identification:_identify(src/examples/sum) by extensions ['ignore', 'ignore_ament_install']
[0.201s] Level 1:colcon.colcon_core.package_identification:_identify(src/examples/sum) by extension 'ignore'
[0.201s] Level 1:colcon.colcon_core.package_identification:_identify(src/examples/sum) by extension 'ignore_ament_install'
[0.201s] Level 1:colcon.colcon_core.package_identification:_identify(src/examples/sum) by extensions ['colcon_pkg']
[0.201s] Level 1:colcon.colcon_core.package_identification:_identify(src/examples/sum) by extension 'colcon_pkg'
[0.201s] Level 1:colcon.colcon_core.package_identification:_identify(src/examples/sum) by extensions ['colcon_meta']
[0.201s] Level 1:colcon.colcon_core.package_identification:_identify(src/examples/sum) by extension 'colcon_meta'
[0.201s] Level 1:colcon.colcon_core.package_identification:_identify(src/examples/sum) by extensions ['ros']
[0.202s] Level 1:colcon.colcon_core.package_identification:_identify(src/examples/sum) by extension 'ros'
[0.202s] DEBUG:colcon.colcon_core.package_identification:Package 'src/examples/sum' with type 'ros.ament_cmake' and name 'examples_sum'
[0.202s] Level 1:colcon.colcon_core.package_identification:_identify(src/examples/topics) by extensions ['ignore', 'ignore_ament_install']
[0.202s] Level 1:colcon.colcon_core.package_identification:_identify(src/examples/topics) by extension 'ignore'
[0.202s] Level 1:colcon.colcon_core.package_identification:_identify(src/examples/topics) by extension 'ignore_ament_install'
[0.202s] Level 1:colcon.colcon_core.package_identification:_identify(src/examples/topics) by extensions ['colcon_pkg']
[0.202s] Level 1:colcon.colcon_core.package_identification:_identify(src/examples/topics) by extension 'colcon_pkg'
[0.202s] Level 1:colcon.colcon_core.package_identification:_identify(src/examples/topics) by extensions ['colcon_meta']
[0.202s] Level 1:colcon.colcon_core.package_identification:_identify(src/examples/topics) by extension 'colcon_meta'
[0.202s] Level 1:colcon.colcon_core.package_identification:_identify(src/examples/topics) by extensions ['ros']
[0.202s] Level 1:colcon.colcon_core.package_identification:_identify(src/examples/topics) by extension 'ros'
[0.202s] DEBUG:colcon.colcon_core.package_identification:Package 'src/examples/topics' with type 'ros.ament_cmake' and name 'examples_topics'
[0.202s] Level 1:colcon.colcon_core.package_discovery:discover_packages(recursive) using defaults
[0.202s] Level 1:colcon.colcon_core.package_discovery:discover_packages(ignore) discover
[0.202s] Level 1:colcon.colcon_core.package_discovery:discover_packages(ignore) using defaults
[0.202s] Level 1:colcon.colcon_core.package_discovery:discover_packages(path) discover
[0.202s] Level 1:colcon.colcon_core.package_discovery:discover_packages(path) using defaults
[0.217s] INFO:colcon.colcon_core.package_selection:Skipping not selected package 'examples_sum' in 'src/examples/sum'
[0.217s] INFO:colcon.colcon_core.package_selection:Skipping not selected package 'examples_topics' in 'src/examples/topics'
[0.218s] Level 1:colcon.colcon_core.package_discovery:discover_packages(prefix_path) check parameters
[0.218s] Level 1:colcon.colcon_core.package_discovery:discover_packages(prefix_path) discover
[0.220s] DEBUG:colcon.colcon_installed_package_information.package_discovery:Found 289 installed packages in /opt/ros/foxy
[0.221s] Level 1:colcon.colcon_core.package_discovery:discover_packages(prefix_path) using defaults
[0.266s] Level 5:colcon.colcon_core.verb:set package 'cpp_srvcli' build argument 'cmake_args' from command line to 'None'
[0.266s] Level 5:colcon.colcon_core.verb:set package 'cpp_srvcli' build argument 'cmake_target' from command line to 'None'
[0.266s] Level 5:colcon.colcon_core.verb:set package 'cpp_srvcli' build argument 'cmake_target_skip_unavailable' from command line to 'False'
[0.266s] Level 5:colcon.colcon_core.verb:set package 'cpp_srvcli' build argument 'cmake_clean_cache' from command line to 'False'
[0.266s] Level 5:colcon.colcon_core.verb:set package 'cpp_srvcli' build argument 'cmake_clean_first' from command line to 'False'
[0.266s] Level 5:colcon.colcon_core.verb:set package 'cpp_srvcli' build argument 'cmake_force_configure' from command line to 'False'
[0.266s] Level 5:colcon.colcon_core.verb:set package 'cpp_srvcli' build argument 'ament_cmake_args' from command line to 'None'
[0.266s] Level 5:colcon.colcon_core.verb:set package 'cpp_srvcli' build argument 'catkin_cmake_args' from command line to 'None'
[0.266s] Level 5:colcon.colcon_core.verb:set package 'cpp_srvcli' build argument 'catkin_skip_building_tests' from command line to 'False'
[0.266s] DEBUG:colcon.colcon_core.verb:Building package 'cpp_srvcli' with the following arguments: {'ament_cmake_args': None, 'build_base': '/home/max/Documents/GitHub/IR2117/ros2_ws/build/cpp_srvcli', 'catkin_cmake_args': None, 'catkin_skip_building_tests': False, 'cmake_args': None, 'cmake_clean_cache': False, 'cmake_clean_first': False, 'cmake_force_configure': False, 'cmake_target': None, 'cmake_target_skip_unavailable': False, 'install_base': '/home/max/Documents/GitHub/IR2117/ros2_ws/install/cpp_srvcli', 'merge_install': False, 'path': '/home/max/Documents/GitHub/IR2117/ros2_ws/src/cpp_srvcli', 'symlink_install': False, 'test_result_base': None}
[0.266s] INFO:colcon.colcon_core.executor:Executing jobs using 'parallel' executor
[0.268s] DEBUG:colcon.colcon_parallel_executor.executor.parallel:run_until_complete
[0.268s] INFO:colcon.colcon_ros.task.ament_cmake.build:Building ROS package in '/home/max/Documents/GitHub/IR2117/ros2_ws/src/cpp_srvcli' with build type 'ament_cmake'
[0.268s] INFO:colcon.colcon_cmake.task.cmake.build:Building CMake package in '/home/max/Documents/GitHub/IR2117/ros2_ws/src/cpp_srvcli'
[0.272s] INFO:colcon.colcon_core.plugin_system:Skipping extension 'colcon_core.shell.bat': Not used on non-Windows systems
[0.272s] INFO:colcon.colcon_core.shell:Skip shell extension 'powershell' for command environment: Not usable outside of PowerShell
[0.272s] DEBUG:colcon.colcon_core.shell:Skip shell extension 'dsv' for command environment
[0.279s] DEBUG:colcon.colcon_core.event_handler.log_command:Invoking command in '/home/max/Documents/GitHub/IR2117/ros2_ws/build/cpp_srvcli': CMAKE_PREFIX_PATH=/opt/ros/foxy /usr/bin/cmake /home/max/Documents/GitHub/IR2117/ros2_ws/src/cpp_srvcli -DCMAKE_INSTALL_PREFIX=/home/max/Documents/GitHub/IR2117/ros2_ws/install/cpp_srvcli
[1.771s] DEBUG:colcon.colcon_core.event_handler.log_command:Invoked command in '/home/max/Documents/GitHub/IR2117/ros2_ws/build/cpp_srvcli' returned '1': CMAKE_PREFIX_PATH=/opt/ros/foxy /usr/bin/cmake /home/max/Documents/GitHub/IR2117/ros2_ws/src/cpp_srvcli -DCMAKE_INSTALL_PREFIX=/home/max/Documents/GitHub/IR2117/ros2_ws/install/cpp_srvcli
[1.778s] Level 1:colcon.colcon_core.environment:create_environment_scripts_only(cpp_srvcli)
[1.783s] Level 1:colcon.colcon_core.environment:checking '/home/max/Documents/GitHub/IR2117/ros2_ws/install/cpp_srvcli' for CMake module files
[1.784s] Level 1:colcon.colcon_core.environment:checking '/home/max/Documents/GitHub/IR2117/ros2_ws/install/cpp_srvcli' for CMake config files
[1.784s] Level 1:colcon.colcon_core.environment:checking '/home/max/Documents/GitHub/IR2117/ros2_ws/install/cpp_srvcli/bin'
[1.784s] Level 1:colcon.colcon_core.environment:checking '/home/max/Documents/GitHub/IR2117/ros2_ws/install/cpp_srvcli/lib/pkgconfig/cpp_srvcli.pc'
[1.784s] Level 1:colcon.colcon_core.environment:checking '/home/max/Documents/GitHub/IR2117/ros2_ws/install/cpp_srvcli/lib/python3.8/site-packages'
[1.784s] Level 1:colcon.colcon_core.environment:checking '/home/max/Documents/GitHub/IR2117/ros2_ws/install/cpp_srvcli/bin'
[1.785s] INFO:colcon.colcon_core.shell:Creating package script '/home/max/Documents/GitHub/IR2117/ros2_ws/install/cpp_srvcli/share/cpp_srvcli/package.ps1'
[1.785s] INFO:colcon.colcon_core.shell:Creating package descriptor '/home/max/Documents/GitHub/IR2117/ros2_ws/install/cpp_srvcli/share/cpp_srvcli/package.dsv'
[1.786s] INFO:colcon.colcon_core.shell:Creating package script '/home/max/Documents/GitHub/IR2117/ros2_ws/install/cpp_srvcli/share/cpp_srvcli/package.sh'
[1.786s] INFO:colcon.colcon_core.shell:Creating package script '/home/max/Documents/GitHub/IR2117/ros2_ws/install/cpp_srvcli/share/cpp_srvcli/package.bash'
[1.787s] INFO:colcon.colcon_core.shell:Creating package script '/home/max/Documents/GitHub/IR2117/ros2_ws/install/cpp_srvcli/share/cpp_srvcli/package.zsh'
[1.787s] Level 1:colcon.colcon_core.environment:create_file_with_runtime_dependencies(/home/max/Documents/GitHub/IR2117/ros2_ws/install/cpp_srvcli/share/colcon-core/packages/cpp_srvcli)
[1.798s] DEBUG:colcon.colcon_parallel_executor.executor.parallel:closing loop
[1.798s] DEBUG:colcon.colcon_parallel_executor.executor.parallel:loop closed
[1.798s] DEBUG:colcon.colcon_parallel_executor.executor.parallel:run_until_complete finished with '1'
[1.798s] DEBUG:colcon.colcon_core.event_reactor:joining thread
[1.805s] INFO:colcon.colcon_core.plugin_system:Skipping extension 'colcon_notification.desktop_notification.notify_send': Could not find 'notify-send'
[1.805s] INFO:colcon.colcon_core.plugin_system:Skipping extension 'colcon_notification.desktop_notification.terminal_notifier': Not used on non-Darwin systems
[1.805s] INFO:colcon.colcon_core.plugin_system:Skipping extension 'colcon_notification.desktop_notification.win32': Not used on non-Windows systems
[1.805s] INFO:colcon.colcon_notification.desktop_notification:Sending desktop notification using 'notify2'
[1.838s] DEBUG:colcon.colcon_core.event_reactor:joined thread
[1.839s] INFO:colcon.colcon_core.shell:Creating prefix script '/home/max/Documents/GitHub/IR2117/ros2_ws/install/local_setup.ps1'
[1.841s] INFO:colcon.colcon_core.shell:Creating prefix util module '/home/max/Documents/GitHub/IR2117/ros2_ws/install/_local_setup_util_ps1.py'
[1.842s] INFO:colcon.colcon_core.shell:Creating prefix chain script '/home/max/Documents/GitHub/IR2117/ros2_ws/install/setup.ps1'
[1.843s] INFO:colcon.colcon_core.shell:Creating prefix script '/home/max/Documents/GitHub/IR2117/ros2_ws/install/local_setup.sh'
[1.844s] INFO:colcon.colcon_core.shell:Creating prefix util module '/home/max/Documents/GitHub/IR2117/ros2_ws/install/_local_setup_util_sh.py'
[1.844s] INFO:colcon.colcon_core.shell:Creating prefix chain script '/home/max/Documents/GitHub/IR2117/ros2_ws/install/setup.sh'
[1.845s] INFO:colcon.colcon_core.shell:Creating prefix script '/home/max/Documents/GitHub/IR2117/ros2_ws/install/local_setup.bash'
[1.845s] INFO:colcon.colcon_core.shell:Creating prefix chain script '/home/max/Documents/GitHub/IR2117/ros2_ws/install/setup.bash'
[1.846s] INFO:colcon.colcon_core.shell:Creating prefix script '/home/max/Documents/GitHub/IR2117/ros2_ws/install/local_setup.zsh'
[1.847s] INFO:colcon.colcon_core.shell:Creating prefix chain script '/home/max/Documents/GitHub/IR2117/ros2_ws/install/setup.zsh'
