[0.254s] DEBUG:colcon:Command line arguments: ['/usr/bin/colcon', 'build']
[0.255s] DEBUG:colcon:Parsed command line arguments: Namespace(allow_overriding=[], ament_cmake_args=None, base_paths=['.'], build_base='build', catkin_cmake_args=None, catkin_skip_building_tests=False, cmake_args=None, cmake_clean_cache=False, cmake_clean_first=False, cmake_force_configure=False, cmake_target=None, cmake_target_skip_unavailable=False, continue_on_error=False, event_handlers=None, executor='parallel', ignore_user_meta=False, install_base='install', log_base=None, log_level=None, main=<bound method BuildVerb.main of <colcon_core.verb.build.BuildVerb object at 0x7fa322424970>>, merge_install=False, metas=['./colcon.meta'], packages_above=None, packages_above_and_dependencies=None, packages_above_depth=None, packages_end=None, packages_ignore=None, packages_ignore_regex=None, packages_select=None, packages_select_build_failed=False, packages_select_by_dep=None, packages_select_regex=None, packages_select_test_failures=False, packages_skip=None, packages_skip_build_finished=False, packages_skip_by_dep=None, packages_skip_regex=None, packages_skip_test_passed=False, packages_skip_up_to=None, packages_start=None, packages_up_to=None, packages_up_to_regex=None, parallel_workers=20, paths=None, symlink_install=False, test_result_base=None, verb_extension=<colcon_core.verb.build.BuildVerb object at 0x7fa322424970>, verb_name='build', verb_parser=<colcon_defaults.argument_parser.defaults.DefaultArgumentsDecorator object at 0x7fa322424ee0>)
[0.281s] Level 1:colcon.colcon_core.package_discovery:discover_packages(colcon_meta) check parameters
[0.281s] Level 1:colcon.colcon_core.package_discovery:discover_packages(recursive) check parameters
[0.281s] Level 1:colcon.colcon_core.package_discovery:discover_packages(ignore) check parameters
[0.281s] Level 1:colcon.colcon_core.package_discovery:discover_packages(path) check parameters
[0.281s] Level 1:colcon.colcon_core.package_discovery:discover_packages(colcon_meta) discover
[0.281s] Level 1:colcon.colcon_core.package_discovery:discover_packages(recursive) discover
[0.281s] INFO:colcon.colcon_core.package_discovery:Crawling recursively for packages in '/home/max/Documents/GitHub/IR2117/tb3_ws/src'
[0.281s] Level 1:colcon.colcon_core.package_identification:_identify(.) by extensions ['ignore', 'ignore_ament_install']
[0.282s] Level 1:colcon.colcon_core.package_identification:_identify(.) by extension 'ignore'
[0.282s] Level 1:colcon.colcon_core.package_identification:_identify(.) by extension 'ignore_ament_install'
[0.282s] Level 1:colcon.colcon_core.package_identification:_identify(.) by extensions ['colcon_pkg']
[0.282s] Level 1:colcon.colcon_core.package_identification:_identify(.) by extension 'colcon_pkg'
[0.282s] Level 1:colcon.colcon_core.package_identification:_identify(.) by extensions ['colcon_meta']
[0.282s] Level 1:colcon.colcon_core.package_identification:_identify(.) by extension 'colcon_meta'
[0.282s] Level 1:colcon.colcon_core.package_identification:_identify(.) by extensions ['ros']
[0.282s] Level 1:colcon.colcon_core.package_identification:_identify(.) by extension 'ros'
[0.298s] Level 1:colcon.colcon_core.package_identification:_identify(.) by extensions ['cmake', 'python']
[0.298s] Level 1:colcon.colcon_core.package_identification:_identify(.) by extension 'cmake'
[0.298s] Level 1:colcon.colcon_core.package_identification:_identify(.) by extension 'python'
[0.298s] Level 1:colcon.colcon_core.package_identification:_identify(.) by extensions ['python_setup_py']
[0.298s] Level 1:colcon.colcon_core.package_identification:_identify(.) by extension 'python_setup_py'
[0.299s] Level 1:colcon.colcon_core.package_identification:_identify(build) by extensions ['ignore', 'ignore_ament_install']
[0.299s] Level 1:colcon.colcon_core.package_identification:_identify(build) by extension 'ignore'
[0.299s] Level 1:colcon.colcon_core.package_identification:_identify(build) ignored
[0.299s] Level 1:colcon.colcon_core.package_identification:_identify(install) by extensions ['ignore', 'ignore_ament_install']
[0.299s] Level 1:colcon.colcon_core.package_identification:_identify(install) by extension 'ignore'
[0.299s] Level 1:colcon.colcon_core.package_identification:_identify(install) ignored
[0.299s] Level 1:colcon.colcon_core.package_identification:_identify(log) by extensions ['ignore', 'ignore_ament_install']
[0.299s] Level 1:colcon.colcon_core.package_identification:_identify(log) by extension 'ignore'
[0.299s] Level 1:colcon.colcon_core.package_identification:_identify(log) ignored
[0.299s] Level 1:colcon.colcon_core.package_identification:_identify(robot_trajectory) by extensions ['ignore', 'ignore_ament_install']
[0.299s] Level 1:colcon.colcon_core.package_identification:_identify(robot_trajectory) by extension 'ignore'
[0.299s] Level 1:colcon.colcon_core.package_identification:_identify(robot_trajectory) by extension 'ignore_ament_install'
[0.299s] Level 1:colcon.colcon_core.package_identification:_identify(robot_trajectory) by extensions ['colcon_pkg']
[0.299s] Level 1:colcon.colcon_core.package_identification:_identify(robot_trajectory) by extension 'colcon_pkg'
[0.299s] Level 1:colcon.colcon_core.package_identification:_identify(robot_trajectory) by extensions ['colcon_meta']
[0.299s] Level 1:colcon.colcon_core.package_identification:_identify(robot_trajectory) by extension 'colcon_meta'
[0.300s] Level 1:colcon.colcon_core.package_identification:_identify(robot_trajectory) by extensions ['ros']
[0.300s] Level 1:colcon.colcon_core.package_identification:_identify(robot_trajectory) by extension 'ros'
[0.302s] DEBUG:colcon.colcon_core.package_identification:Package 'robot_trajectory' with type 'ros.ament_cmake' and name 'robot_trajectory'
[0.302s] Level 1:colcon.colcon_core.package_discovery:discover_packages(recursive) using defaults
[0.302s] Level 1:colcon.colcon_core.package_discovery:discover_packages(ignore) discover
[0.302s] Level 1:colcon.colcon_core.package_discovery:discover_packages(ignore) using defaults
[0.302s] Level 1:colcon.colcon_core.package_discovery:discover_packages(path) discover
[0.302s] Level 1:colcon.colcon_core.package_discovery:discover_packages(path) using defaults
[0.319s] Level 1:colcon.colcon_core.package_discovery:discover_packages(prefix_path) check parameters
[0.319s] Level 1:colcon.colcon_core.package_discovery:discover_packages(prefix_path) discover
[0.321s] DEBUG:colcon.colcon_installed_package_information.package_discovery:Found 1 installed packages in /home/max/Documents/GitHub/IR2117/tb3_ws/src/install
[0.321s] DEBUG:colcon.colcon_installed_package_information.package_discovery:Found 2 installed packages in /home/max/Documents/GitHub/IR2117/tb3_ws/install
[0.322s] DEBUG:colcon.colcon_installed_package_information.package_discovery:Found 289 installed packages in /opt/ros/foxy
[0.323s] Level 1:colcon.colcon_core.package_discovery:discover_packages(prefix_path) using defaults
[0.384s] Level 5:colcon.colcon_core.verb:set package 'robot_trajectory' build argument 'cmake_args' from command line to 'None'
[0.384s] Level 5:colcon.colcon_core.verb:set package 'robot_trajectory' build argument 'cmake_target' from command line to 'None'
[0.384s] Level 5:colcon.colcon_core.verb:set package 'robot_trajectory' build argument 'cmake_target_skip_unavailable' from command line to 'False'
[0.384s] Level 5:colcon.colcon_core.verb:set package 'robot_trajectory' build argument 'cmake_clean_cache' from command line to 'False'
[0.384s] Level 5:colcon.colcon_core.verb:set package 'robot_trajectory' build argument 'cmake_clean_first' from command line to 'False'
[0.384s] Level 5:colcon.colcon_core.verb:set package 'robot_trajectory' build argument 'cmake_force_configure' from command line to 'False'
[0.384s] Level 5:colcon.colcon_core.verb:set package 'robot_trajectory' build argument 'ament_cmake_args' from command line to 'None'
[0.384s] Level 5:colcon.colcon_core.verb:set package 'robot_trajectory' build argument 'catkin_cmake_args' from command line to 'None'
[0.384s] Level 5:colcon.colcon_core.verb:set package 'robot_trajectory' build argument 'catkin_skip_building_tests' from command line to 'False'
[0.384s] DEBUG:colcon.colcon_core.verb:Building package 'robot_trajectory' with the following arguments: {'ament_cmake_args': None, 'build_base': '/home/max/Documents/GitHub/IR2117/tb3_ws/src/build/robot_trajectory', 'catkin_cmake_args': None, 'catkin_skip_building_tests': False, 'cmake_args': None, 'cmake_clean_cache': False, 'cmake_clean_first': False, 'cmake_force_configure': False, 'cmake_target': None, 'cmake_target_skip_unavailable': False, 'install_base': '/home/max/Documents/GitHub/IR2117/tb3_ws/src/install/robot_trajectory', 'merge_install': False, 'path': '/home/max/Documents/GitHub/IR2117/tb3_ws/src/robot_trajectory', 'symlink_install': False, 'test_result_base': None}
[0.385s] INFO:colcon.colcon_core.executor:Executing jobs using 'parallel' executor
[0.387s] DEBUG:colcon.colcon_parallel_executor.executor.parallel:run_until_complete
[0.388s] INFO:colcon.colcon_ros.task.ament_cmake.build:Building ROS package in '/home/max/Documents/GitHub/IR2117/tb3_ws/src/robot_trajectory' with build type 'ament_cmake'
[0.388s] INFO:colcon.colcon_cmake.task.cmake.build:Building CMake package in '/home/max/Documents/GitHub/IR2117/tb3_ws/src/robot_trajectory'
[0.391s] INFO:colcon.colcon_core.plugin_system:Skipping extension 'colcon_core.shell.bat': Not used on non-Windows systems
[0.391s] INFO:colcon.colcon_core.shell:Skip shell extension 'powershell' for command environment: Not usable outside of PowerShell
[0.391s] DEBUG:colcon.colcon_core.shell:Skip shell extension 'dsv' for command environment
[0.404s] DEBUG:colcon.colcon_core.event_handler.log_command:Invoking command in '/home/max/Documents/GitHub/IR2117/tb3_ws/src/build/robot_trajectory': CMAKE_PREFIX_PATH=${CMAKE_PREFIX_PATH}:/opt/ros/foxy /usr/bin/cmake --build /home/max/Documents/GitHub/IR2117/tb3_ws/src/build/robot_trajectory -- -j20 -l20
[4.594s] DEBUG:colcon.colcon_core.event_handler.log_command:Invoked command in '/home/max/Documents/GitHub/IR2117/tb3_ws/src/build/robot_trajectory' returned '0': CMAKE_PREFIX_PATH=${CMAKE_PREFIX_PATH}:/opt/ros/foxy /usr/bin/cmake --build /home/max/Documents/GitHub/IR2117/tb3_ws/src/build/robot_trajectory -- -j20 -l20
[4.617s] DEBUG:colcon.colcon_core.event_handler.log_command:Invoking command in '/home/max/Documents/GitHub/IR2117/tb3_ws/src/build/robot_trajectory': CMAKE_PREFIX_PATH=${CMAKE_PREFIX_PATH}:/opt/ros/foxy /usr/bin/cmake --install /home/max/Documents/GitHub/IR2117/tb3_ws/src/build/robot_trajectory
[4.626s] Level 1:colcon.colcon_core.environment:create_environment_scripts_only(robot_trajectory)
[4.626s] DEBUG:colcon.colcon_core.event_handler.log_command:Invoked command in '/home/max/Documents/GitHub/IR2117/tb3_ws/src/build/robot_trajectory' returned '0': CMAKE_PREFIX_PATH=${CMAKE_PREFIX_PATH}:/opt/ros/foxy /usr/bin/cmake --install /home/max/Documents/GitHub/IR2117/tb3_ws/src/build/robot_trajectory
[4.629s] Level 1:colcon.colcon_core.environment:checking '/home/max/Documents/GitHub/IR2117/tb3_ws/src/install/robot_trajectory' for CMake module files
[4.630s] Level 1:colcon.colcon_core.environment:checking '/home/max/Documents/GitHub/IR2117/tb3_ws/src/install/robot_trajectory' for CMake config files
[4.630s] Level 1:colcon.colcon_core.shell:create_environment_hook('robot_trajectory', 'cmake_prefix_path')
[4.631s] INFO:colcon.colcon_core.shell:Creating environment hook '/home/max/Documents/GitHub/IR2117/tb3_ws/src/install/robot_trajectory/share/robot_trajectory/hook/cmake_prefix_path.ps1'
[4.631s] INFO:colcon.colcon_core.shell:Creating environment descriptor '/home/max/Documents/GitHub/IR2117/tb3_ws/src/install/robot_trajectory/share/robot_trajectory/hook/cmake_prefix_path.dsv'
[4.631s] INFO:colcon.colcon_core.shell:Creating environment hook '/home/max/Documents/GitHub/IR2117/tb3_ws/src/install/robot_trajectory/share/robot_trajectory/hook/cmake_prefix_path.sh'
[4.632s] Level 1:colcon.colcon_core.environment:checking '/home/max/Documents/GitHub/IR2117/tb3_ws/src/install/robot_trajectory/lib'
[4.632s] Level 1:colcon.colcon_core.environment:checking '/home/max/Documents/GitHub/IR2117/tb3_ws/src/install/robot_trajectory/bin'
[4.632s] Level 1:colcon.colcon_core.environment:checking '/home/max/Documents/GitHub/IR2117/tb3_ws/src/install/robot_trajectory/lib/pkgconfig/robot_trajectory.pc'
[4.632s] Level 1:colcon.colcon_core.environment:checking '/home/max/Documents/GitHub/IR2117/tb3_ws/src/install/robot_trajectory/lib/python3.8/site-packages'
[4.632s] Level 1:colcon.colcon_core.environment:checking '/home/max/Documents/GitHub/IR2117/tb3_ws/src/install/robot_trajectory/bin'
[4.633s] INFO:colcon.colcon_core.shell:Creating package script '/home/max/Documents/GitHub/IR2117/tb3_ws/src/install/robot_trajectory/share/robot_trajectory/package.ps1'
[4.634s] INFO:colcon.colcon_core.shell:Creating package descriptor '/home/max/Documents/GitHub/IR2117/tb3_ws/src/install/robot_trajectory/share/robot_trajectory/package.dsv'
[4.634s] INFO:colcon.colcon_core.shell:Creating package script '/home/max/Documents/GitHub/IR2117/tb3_ws/src/install/robot_trajectory/share/robot_trajectory/package.sh'
[4.634s] INFO:colcon.colcon_core.shell:Creating package script '/home/max/Documents/GitHub/IR2117/tb3_ws/src/install/robot_trajectory/share/robot_trajectory/package.bash'
[4.635s] INFO:colcon.colcon_core.shell:Creating package script '/home/max/Documents/GitHub/IR2117/tb3_ws/src/install/robot_trajectory/share/robot_trajectory/package.zsh'
[4.635s] Level 1:colcon.colcon_core.environment:create_file_with_runtime_dependencies(/home/max/Documents/GitHub/IR2117/tb3_ws/src/install/robot_trajectory/share/colcon-core/packages/robot_trajectory)
[4.649s] Level 1:colcon.colcon_core.environment:create_environment_scripts_only(robot_trajectory)
[4.650s] Level 1:colcon.colcon_core.environment:checking '/home/max/Documents/GitHub/IR2117/tb3_ws/src/install/robot_trajectory' for CMake module files
[4.651s] Level 1:colcon.colcon_core.environment:checking '/home/max/Documents/GitHub/IR2117/tb3_ws/src/install/robot_trajectory' for CMake config files
[4.651s] Level 1:colcon.colcon_core.shell:create_environment_hook('robot_trajectory', 'cmake_prefix_path')
[4.652s] INFO:colcon.colcon_core.shell:Creating environment hook '/home/max/Documents/GitHub/IR2117/tb3_ws/src/install/robot_trajectory/share/robot_trajectory/hook/cmake_prefix_path.ps1'
[4.652s] INFO:colcon.colcon_core.shell:Creating environment descriptor '/home/max/Documents/GitHub/IR2117/tb3_ws/src/install/robot_trajectory/share/robot_trajectory/hook/cmake_prefix_path.dsv'
[4.652s] INFO:colcon.colcon_core.shell:Creating environment hook '/home/max/Documents/GitHub/IR2117/tb3_ws/src/install/robot_trajectory/share/robot_trajectory/hook/cmake_prefix_path.sh'
[4.653s] Level 1:colcon.colcon_core.environment:checking '/home/max/Documents/GitHub/IR2117/tb3_ws/src/install/robot_trajectory/lib'
[4.653s] Level 1:colcon.colcon_core.environment:checking '/home/max/Documents/GitHub/IR2117/tb3_ws/src/install/robot_trajectory/bin'
[4.653s] Level 1:colcon.colcon_core.environment:checking '/home/max/Documents/GitHub/IR2117/tb3_ws/src/install/robot_trajectory/lib/pkgconfig/robot_trajectory.pc'
[4.653s] Level 1:colcon.colcon_core.environment:checking '/home/max/Documents/GitHub/IR2117/tb3_ws/src/install/robot_trajectory/lib/python3.8/site-packages'
[4.653s] Level 1:colcon.colcon_core.environment:checking '/home/max/Documents/GitHub/IR2117/tb3_ws/src/install/robot_trajectory/bin'
[4.655s] INFO:colcon.colcon_core.shell:Creating package script '/home/max/Documents/GitHub/IR2117/tb3_ws/src/install/robot_trajectory/share/robot_trajectory/package.ps1'
[4.655s] INFO:colcon.colcon_core.shell:Creating package descriptor '/home/max/Documents/GitHub/IR2117/tb3_ws/src/install/robot_trajectory/share/robot_trajectory/package.dsv'
[4.655s] INFO:colcon.colcon_core.shell:Creating package script '/home/max/Documents/GitHub/IR2117/tb3_ws/src/install/robot_trajectory/share/robot_trajectory/package.sh'
[4.656s] INFO:colcon.colcon_core.shell:Creating package script '/home/max/Documents/GitHub/IR2117/tb3_ws/src/install/robot_trajectory/share/robot_trajectory/package.bash'
[4.656s] INFO:colcon.colcon_core.shell:Creating package script '/home/max/Documents/GitHub/IR2117/tb3_ws/src/install/robot_trajectory/share/robot_trajectory/package.zsh'
[4.657s] Level 1:colcon.colcon_core.environment:create_file_with_runtime_dependencies(/home/max/Documents/GitHub/IR2117/tb3_ws/src/install/robot_trajectory/share/colcon-core/packages/robot_trajectory)
[4.657s] DEBUG:colcon.colcon_parallel_executor.executor.parallel:closing loop
[4.657s] DEBUG:colcon.colcon_parallel_executor.executor.parallel:loop closed
[4.657s] DEBUG:colcon.colcon_parallel_executor.executor.parallel:run_until_complete finished with '0'
[4.658s] DEBUG:colcon.colcon_core.event_reactor:joining thread
[4.662s] INFO:colcon.colcon_core.plugin_system:Skipping extension 'colcon_notification.desktop_notification.notify_send': Could not find 'notify-send'
[4.662s] INFO:colcon.colcon_core.plugin_system:Skipping extension 'colcon_notification.desktop_notification.terminal_notifier': Not used on non-Darwin systems
[4.662s] INFO:colcon.colcon_core.plugin_system:Skipping extension 'colcon_notification.desktop_notification.win32': Not used on non-Windows systems
[4.662s] INFO:colcon.colcon_notification.desktop_notification:Sending desktop notification using 'notify2'
[4.686s] DEBUG:colcon.colcon_core.event_reactor:joined thread
[4.687s] INFO:colcon.colcon_core.shell:Creating prefix script '/home/max/Documents/GitHub/IR2117/tb3_ws/src/install/local_setup.ps1'
[4.688s] INFO:colcon.colcon_core.shell:Creating prefix util module '/home/max/Documents/GitHub/IR2117/tb3_ws/src/install/_local_setup_util_ps1.py'
[4.690s] INFO:colcon.colcon_core.shell:Creating prefix chain script '/home/max/Documents/GitHub/IR2117/tb3_ws/src/install/setup.ps1'
[4.691s] INFO:colcon.colcon_core.shell:Creating prefix script '/home/max/Documents/GitHub/IR2117/tb3_ws/src/install/local_setup.sh'
[4.691s] INFO:colcon.colcon_core.shell:Creating prefix util module '/home/max/Documents/GitHub/IR2117/tb3_ws/src/install/_local_setup_util_sh.py'
[4.692s] INFO:colcon.colcon_core.shell:Creating prefix chain script '/home/max/Documents/GitHub/IR2117/tb3_ws/src/install/setup.sh'
[4.693s] INFO:colcon.colcon_core.shell:Creating prefix script '/home/max/Documents/GitHub/IR2117/tb3_ws/src/install/local_setup.bash'
[4.693s] INFO:colcon.colcon_core.shell:Creating prefix chain script '/home/max/Documents/GitHub/IR2117/tb3_ws/src/install/setup.bash'
[4.694s] INFO:colcon.colcon_core.shell:Creating prefix script '/home/max/Documents/GitHub/IR2117/tb3_ws/src/install/local_setup.zsh'
[4.695s] INFO:colcon.colcon_core.shell:Creating prefix chain script '/home/max/Documents/GitHub/IR2117/tb3_ws/src/install/setup.zsh'
