[0.008s] Invoking command in '/home/max/Documents/GitHub/IR2117/tb3_ws/build/olympic': CMAKE_PREFIX_PATH=/opt/ros/foxy /usr/bin/cmake --build /home/max/Documents/GitHub/IR2117/tb3_ws/build/olympic -- -j20 -l20
[0.040s] [ 50%] Built target parallel
[0.041s] [100%] Built target rings
[0.048s] Invoked command in '/home/max/Documents/GitHub/IR2117/tb3_ws/build/olympic' returned '0': CMAKE_PREFIX_PATH=/opt/ros/foxy /usr/bin/cmake --build /home/max/Documents/GitHub/IR2117/tb3_ws/build/olympic -- -j20 -l20
[0.083s] Invoking command in '/home/max/Documents/GitHub/IR2117/tb3_ws/build/olympic': CMAKE_PREFIX_PATH=/opt/ros/foxy /usr/bin/cmake --install /home/max/Documents/GitHub/IR2117/tb3_ws/build/olympic
[0.092s] -- Install configuration: ""
[0.093s] -- Up-to-date: /home/max/Documents/GitHub/IR2117/tb3_ws/install/olympic/lib/olympic/rings
[0.093s] -- Up-to-date: /home/max/Documents/GitHub/IR2117/tb3_ws/install/olympic/lib/olympic/parallel
[0.093s] -- Up-to-date: /home/max/Documents/GitHub/IR2117/tb3_ws/install/olympic/share/ament_index/resource_index/package_run_dependencies/olympic
[0.093s] -- Up-to-date: /home/max/Documents/GitHub/IR2117/tb3_ws/install/olympic/share/ament_index/resource_index/parent_prefix_path/olympic
[0.093s] -- Up-to-date: /home/max/Documents/GitHub/IR2117/tb3_ws/install/olympic/share/olympic/environment/ament_prefix_path.sh
[0.093s] -- Up-to-date: /home/max/Documents/GitHub/IR2117/tb3_ws/install/olympic/share/olympic/environment/ament_prefix_path.dsv
[0.094s] -- Up-to-date: /home/max/Documents/GitHub/IR2117/tb3_ws/install/olympic/share/olympic/environment/path.sh
[0.094s] -- Up-to-date: /home/max/Documents/GitHub/IR2117/tb3_ws/install/olympic/share/olympic/environment/path.dsv
[0.094s] -- Up-to-date: /home/max/Documents/GitHub/IR2117/tb3_ws/install/olympic/share/olympic/local_setup.bash
[0.094s] -- Up-to-date: /home/max/Documents/GitHub/IR2117/tb3_ws/install/olympic/share/olympic/local_setup.sh
[0.094s] -- Up-to-date: /home/max/Documents/GitHub/IR2117/tb3_ws/install/olympic/share/olympic/local_setup.zsh
[0.094s] -- Up-to-date: /home/max/Documents/GitHub/IR2117/tb3_ws/install/olympic/share/olympic/local_setup.dsv
[0.094s] -- Installing: /home/max/Documents/GitHub/IR2117/tb3_ws/install/olympic/share/olympic/package.dsv
[0.094s] -- Up-to-date: /home/max/Documents/GitHub/IR2117/tb3_ws/install/olympic/share/ament_index/resource_index/packages/olympic
[0.094s] -- Up-to-date: /home/max/Documents/GitHub/IR2117/tb3_ws/install/olympic/share/olympic/cmake/olympicConfig.cmake
[0.094s] -- Up-to-date: /home/max/Documents/GitHub/IR2117/tb3_ws/install/olympic/share/olympic/cmake/olympicConfig-version.cmake
[0.094s] -- Up-to-date: /home/max/Documents/GitHub/IR2117/tb3_ws/install/olympic/share/olympic/package.xml
[0.097s] Invoked command in '/home/max/Documents/GitHub/IR2117/tb3_ws/build/olympic' returned '0': CMAKE_PREFIX_PATH=/opt/ros/foxy /usr/bin/cmake --install /home/max/Documents/GitHub/IR2117/tb3_ws/build/olympic
