[0.010s] Invoking command in '/home/max/Documents/GitHub/IR2117/tb3_ws/build/obstacles': CMAKE_PREFIX_PATH=/opt/ros/foxy /usr/bin/cmake --build /home/max/Documents/GitHub/IR2117/tb3_ws/build/obstacles -- -j20 -l20
[0.035s] [35m[1mScanning dependencies of target detector[0m
[0.046s] [ 50%] [32mBuilding CXX object CMakeFiles/detector.dir/src/detector.cpp.o[0m
[0.612s] [01m[K/home/max/Documents/GitHub/IR2117/tb3_ws/obstacles/src/detector.cpp:[m[K In function ‘[01m[Kvoid topic_callback(sensor_msgs::msg::LaserScan_<std::allocator<void> >::SharedPtr)[m[K’:
[0.612s] [01m[K/home/max/Documents/GitHub/IR2117/tb3_ws/obstacles/src/detector.cpp:5:66:[m[K [01;35m[Kwarning: [m[Kunused parameter ‘[01m[Kmsg[m[K’ [[01;35m[K-Wunused-parameter[m[K]
[0.612s]     5 | void topic_callback([01;35m[Kconst sensor_msgs::msg::LaserScan::SharedPtr msg[m[K){
[0.612s]       |                     [01;35m[K~~~~~~~~~~~~~~~~~~~~~~~~~~~~~~~~~~~~~~~~~~~~~^~~[m[K
[2.298s] [100%] [32m[1mLinking CXX executable detector[0m
[2.419s] [100%] Built target detector
[2.426s] Invoked command in '/home/max/Documents/GitHub/IR2117/tb3_ws/build/obstacles' returned '0': CMAKE_PREFIX_PATH=/opt/ros/foxy /usr/bin/cmake --build /home/max/Documents/GitHub/IR2117/tb3_ws/build/obstacles -- -j20 -l20
[2.442s] Invoking command in '/home/max/Documents/GitHub/IR2117/tb3_ws/build/obstacles': CMAKE_PREFIX_PATH=/opt/ros/foxy /usr/bin/cmake --install /home/max/Documents/GitHub/IR2117/tb3_ws/build/obstacles
[2.447s] -- Install configuration: ""
[2.447s] -- Installing: /home/max/Documents/GitHub/IR2117/tb3_ws/install/obstacles/lib/obstacles/detector
[2.448s] -- Set runtime path of "/home/max/Documents/GitHub/IR2117/tb3_ws/install/obstacles/lib/obstacles/detector" to ""
[2.448s] -- Installing: /home/max/Documents/GitHub/IR2117/tb3_ws/install/obstacles/share/ament_index/resource_index/package_run_dependencies/obstacles
[2.448s] -- Installing: /home/max/Documents/GitHub/IR2117/tb3_ws/install/obstacles/share/ament_index/resource_index/parent_prefix_path/obstacles
[2.448s] -- Installing: /home/max/Documents/GitHub/IR2117/tb3_ws/install/obstacles/share/obstacles/environment/ament_prefix_path.sh
[2.449s] -- Installing: /home/max/Documents/GitHub/IR2117/tb3_ws/install/obstacles/share/obstacles/environment/ament_prefix_path.dsv
[2.449s] -- Installing: /home/max/Documents/GitHub/IR2117/tb3_ws/install/obstacles/share/obstacles/environment/path.sh
[2.449s] -- Installing: /home/max/Documents/GitHub/IR2117/tb3_ws/install/obstacles/share/obstacles/environment/path.dsv
[2.449s] -- Installing: /home/max/Documents/GitHub/IR2117/tb3_ws/install/obstacles/share/obstacles/local_setup.bash
[2.449s] -- Installing: /home/max/Documents/GitHub/IR2117/tb3_ws/install/obstacles/share/obstacles/local_setup.sh
[2.449s] -- Installing: /home/max/Documents/GitHub/IR2117/tb3_ws/install/obstacles/share/obstacles/local_setup.zsh
[2.449s] -- Installing: /home/max/Documents/GitHub/IR2117/tb3_ws/install/obstacles/share/obstacles/local_setup.dsv
[2.449s] -- Installing: /home/max/Documents/GitHub/IR2117/tb3_ws/install/obstacles/share/obstacles/package.dsv
[2.449s] -- Installing: /home/max/Documents/GitHub/IR2117/tb3_ws/install/obstacles/share/ament_index/resource_index/packages/obstacles
[2.451s] -- Installing: /home/max/Documents/GitHub/IR2117/tb3_ws/install/obstacles/share/obstacles/cmake/obstaclesConfig.cmake
[2.451s] -- Installing: /home/max/Documents/GitHub/IR2117/tb3_ws/install/obstacles/share/obstacles/cmake/obstaclesConfig-version.cmake
[2.451s] -- Installing: /home/max/Documents/GitHub/IR2117/tb3_ws/install/obstacles/share/obstacles/package.xml
[2.451s] Invoked command in '/home/max/Documents/GitHub/IR2117/tb3_ws/build/obstacles' returned '0': CMAKE_PREFIX_PATH=/opt/ros/foxy /usr/bin/cmake --install /home/max/Documents/GitHub/IR2117/tb3_ws/build/obstacles
