[0.008s] Invoking command in '/home/max/Documents/GitHub/IR2117/tb3_ws/build/olympic': CMAKE_PREFIX_PATH=${CMAKE_PREFIX_PATH}:/opt/ros/foxy /usr/bin/cmake --build /home/max/Documents/GitHub/IR2117/tb3_ws/build/olympic -- -j20 -l20
[0.027s] -- Found ament_cmake: 0.9.11 (/opt/ros/foxy/share/ament_cmake/cmake)
[0.042s] -- Using PYTHON_EXECUTABLE: /usr/bin/python3
[0.132s] -- Found rclcpp: 2.4.2 (/opt/ros/foxy/share/rclcpp/cmake)
[0.159s] -- Using all available rosidl_typesupport_c: rosidl_typesupport_fastrtps_c;rosidl_typesupport_introspection_c
[0.161s] -- Found rosidl_adapter: 1.3.0 (/opt/ros/foxy/share/rosidl_adapter/cmake)
[0.236s] -- Using all available rosidl_typesupport_cpp: rosidl_typesupport_fastrtps_cpp;rosidl_typesupport_introspection_cpp
[0.271s] -- Found rmw_implementation_cmake: 1.0.3 (/opt/ros/foxy/share/rmw_implementation_cmake/cmake)
[0.272s] -- Using RMW implementation 'rmw_fastrtps_cpp' as default
[0.358s] -- Found geometry_msgs: 2.0.5 (/opt/ros/foxy/share/geometry_msgs/cmake)
[0.378s] -- Found turtlesim: 1.2.6 (/opt/ros/foxy/share/turtlesim/cmake)
[0.440s] -- Found ament_lint_auto: 0.9.7 (/opt/ros/foxy/share/ament_lint_auto/cmake)
[0.477s] -- Added test 'copyright' to check source files copyright and LICENSE
[0.478s] -- Added test 'cppcheck' to perform static code analysis on C / C++ code
[0.478s] -- Configured cppcheck include dirs: $<BUILD_INTERFACE:/home/max/Documents/GitHub/IR2117/tb3_ws/olympic/include>
[0.478s] -- Configured cppcheck exclude dirs and/or files: 
[0.478s] -- Added test 'cpplint' to check C / C++ code against the Google style
[0.478s] -- Configured cpplint exclude dirs and/or files: 
[0.479s] -- Added test 'lint_cmake' to check CMake code style
[0.479s] -- Added test 'uncrustify' to check C / C++ code style
[0.479s] -- Configured uncrustify additional arguments: 
[0.479s] -- Added test 'xmllint' to check XML markup files
[0.481s] -- Configuring done
[0.487s] -- Generating done
[0.488s] -- Build files have been written to: /home/max/Documents/GitHub/IR2117/tb3_ws/build/olympic
[0.502s] [35m[1mScanning dependencies of target client[0m
[0.507s] [ 25%] [32mBuilding CXX object CMakeFiles/client.dir/src/ring_server.cpp.o[0m
[0.512s] [01m[K/home/max/Documents/GitHub/IR2117/tb3_ws/olympic/src/ring_server.cpp:1:10:[m[K [01;31m[Kfatal error: [m[Krclcpp/rclcpp.hpp: No such file or directory
[0.512s]     1 | #include [01;31m[K"rclcpp/rclcpp.hpp"[m[K
[0.512s]       |          [01;31m[K^~~~~~~~~~~~~~~~~~~[m[K
[0.512s] compilation terminated.
[0.513s] make[2]: *** [CMakeFiles/client.dir/build.make:63: CMakeFiles/client.dir/src/ring_server.cpp.o] Error 1
[0.513s] make[1]: *** [CMakeFiles/Makefile2:80: CMakeFiles/client.dir/all] Error 2
[0.513s] make[1]: *** Waiting for unfinished jobs....
[0.514s] [ 75%] Built target rings
[0.515s] make: *** [Makefile:141: all] Error 2
[0.518s] Invoked command in '/home/max/Documents/GitHub/IR2117/tb3_ws/build/olympic' returned '2': CMAKE_PREFIX_PATH=${CMAKE_PREFIX_PATH}:/opt/ros/foxy /usr/bin/cmake --build /home/max/Documents/GitHub/IR2117/tb3_ws/build/olympic -- -j20 -l20
