[0.009s] Invoking command in '/home/max/Documents/GitHub/IR2117/ros2_ws/build/examples_topics': CMAKE_PREFIX_PATH=${CMAKE_PREFIX_PATH}:/opt/ros/foxy /usr/bin/cmake --build /home/max/Documents/GitHub/IR2117/ros2_ws/build/examples_topics -- -j20 -l20
[0.040s] [ 50%] Built target subscriber
[0.040s] [100%] Built target publisher
[0.046s] Invoked command in '/home/max/Documents/GitHub/IR2117/ros2_ws/build/examples_topics' returned '0': CMAKE_PREFIX_PATH=${CMAKE_PREFIX_PATH}:/opt/ros/foxy /usr/bin/cmake --build /home/max/Documents/GitHub/IR2117/ros2_ws/build/examples_topics -- -j20 -l20
[0.062s] Invoking command in '/home/max/Documents/GitHub/IR2117/ros2_ws/build/examples_topics': CMAKE_PREFIX_PATH=${CMAKE_PREFIX_PATH}:/opt/ros/foxy /usr/bin/cmake --install /home/max/Documents/GitHub/IR2117/ros2_ws/build/examples_topics
[0.067s] -- Install configuration: ""
[0.068s] -- Up-to-date: /home/max/Documents/GitHub/IR2117/ros2_ws/install/examples_topics/lib/examples_topics/publisher
[0.068s] -- Up-to-date: /home/max/Documents/GitHub/IR2117/ros2_ws/install/examples_topics/lib/examples_topics/subscriber
[0.068s] -- Up-to-date: /home/max/Documents/GitHub/IR2117/ros2_ws/install/examples_topics/share/ament_index/resource_index/package_run_dependencies/examples_topics
[0.068s] -- Up-to-date: /home/max/Documents/GitHub/IR2117/ros2_ws/install/examples_topics/share/ament_index/resource_index/parent_prefix_path/examples_topics
[0.068s] -- Up-to-date: /home/max/Documents/GitHub/IR2117/ros2_ws/install/examples_topics/share/examples_topics/environment/ament_prefix_path.sh
[0.068s] -- Up-to-date: /home/max/Documents/GitHub/IR2117/ros2_ws/install/examples_topics/share/examples_topics/environment/ament_prefix_path.dsv
[0.068s] -- Up-to-date: /home/max/Documents/GitHub/IR2117/ros2_ws/install/examples_topics/share/examples_topics/environment/path.sh
[0.068s] -- Up-to-date: /home/max/Documents/GitHub/IR2117/ros2_ws/install/examples_topics/share/examples_topics/environment/path.dsv
[0.068s] -- Up-to-date: /home/max/Documents/GitHub/IR2117/ros2_ws/install/examples_topics/share/examples_topics/local_setup.bash
[0.068s] -- Up-to-date: /home/max/Documents/GitHub/IR2117/ros2_ws/install/examples_topics/share/examples_topics/local_setup.sh
[0.068s] -- Up-to-date: /home/max/Documents/GitHub/IR2117/ros2_ws/install/examples_topics/share/examples_topics/local_setup.zsh
[0.068s] -- Up-to-date: /home/max/Documents/GitHub/IR2117/ros2_ws/install/examples_topics/share/examples_topics/local_setup.dsv
[0.068s] -- Installing: /home/max/Documents/GitHub/IR2117/ros2_ws/install/examples_topics/share/examples_topics/package.dsv
[0.068s] -- Up-to-date: /home/max/Documents/GitHub/IR2117/ros2_ws/install/examples_topics/share/ament_index/resource_index/packages/examples_topics
[0.068s] -- Up-to-date: /home/max/Documents/GitHub/IR2117/ros2_ws/install/examples_topics/share/examples_topics/cmake/examples_topicsConfig.cmake
[0.068s] -- Up-to-date: /home/max/Documents/GitHub/IR2117/ros2_ws/install/examples_topics/share/examples_topics/cmake/examples_topicsConfig-version.cmake
[0.068s] -- Up-to-date: /home/max/Documents/GitHub/IR2117/ros2_ws/install/examples_topics/share/examples_topics/package.xml
[0.080s] Invoked command in '/home/max/Documents/GitHub/IR2117/ros2_ws/build/examples_topics' returned '0': CMAKE_PREFIX_PATH=${CMAKE_PREFIX_PATH}:/opt/ros/foxy /usr/bin/cmake --install /home/max/Documents/GitHub/IR2117/ros2_ws/build/examples_topics
