[0.008s] Invoking command in '/home/max/Documents/GitHub/IR2117/ros2_ws/src/build/olympic_interfaces': CMAKE_PREFIX_PATH=/opt/ros/foxy /usr/bin/cmake /home/max/Documents/GitHub/IR2117/ros2_ws/src/olympic_interfaces -DCMAKE_INSTALL_PREFIX=/home/max/Documents/GitHub/IR2117/ros2_ws/src/install/olympic_interfaces
[0.015s] -- Found ament_cmake: 0.9.11 (/opt/ros/foxy/share/ament_cmake/cmake)
[0.028s] -- Found PythonInterp: /usr/bin/python3 (found suitable version "3.8.10", minimum required is "3") 
[0.028s] -- Using PYTHON_EXECUTABLE: /usr/bin/python3
[0.108s] -- Found rclcpp: 2.4.2 (/opt/ros/foxy/share/rclcpp/cmake)
[0.127s] -- Using all available rosidl_typesupport_c: rosidl_typesupport_fastrtps_c;rosidl_typesupport_introspection_c
[0.128s] -- Found rosidl_adapter: 1.3.0 (/opt/ros/foxy/share/rosidl_adapter/cmake)
[0.190s] -- Using all available rosidl_typesupport_cpp: rosidl_typesupport_fastrtps_cpp;rosidl_typesupport_introspection_cpp
[0.215s] -- Found rmw_implementation_cmake: 1.0.3 (/opt/ros/foxy/share/rmw_implementation_cmake/cmake)
[0.216s] -- Using RMW implementation 'rmw_fastrtps_cpp' as default
[0.292s] -- Found rclcpp_action: 2.4.2 (/opt/ros/foxy/share/rclcpp_action/cmake)
[0.333s] -- Found ament_lint_auto: 0.9.7 (/opt/ros/foxy/share/ament_lint_auto/cmake)
[0.365s] -- Found rosidl_default_generators: 1.0.1 (/opt/ros/foxy/share/rosidl_default_generators/cmake)
[0.381s] -- Found PythonInterp: /usr/bin/python3 (found version "3.8.10") 
[0.416s] -- Found ament_cmake_ros: 0.9.2 (/opt/ros/foxy/share/ament_cmake_ros/cmake)
[0.484s] -- Using all available rosidl_typesupport_c: rosidl_typesupport_fastrtps_c;rosidl_typesupport_introspection_c
[0.495s] -- Using all available rosidl_typesupport_cpp: rosidl_typesupport_fastrtps_cpp;rosidl_typesupport_introspection_cpp
[0.509s] -- Found PythonInterp: /usr/bin/python3 (found suitable version "3.8.10", minimum required is "3.5") 
[0.510s] -- Found python_cmake_module: 0.8.1 (/opt/ros/foxy/share/python_cmake_module/cmake)
[0.527s] -- Found PythonLibs: /usr/lib/x86_64-linux-gnu/libpython3.8.so (found suitable version "3.8.10", minimum required is "3.5") 
[0.527s] -- Using PYTHON_EXECUTABLE: /usr/bin/python3
[0.527s] -- Using PYTHON_INCLUDE_DIRS: /usr/include/python3.8
[0.527s] -- Using PYTHON_LIBRARIES: /usr/lib/x86_64-linux-gnu/libpython3.8.so
[0.541s] -- Found PythonExtra: .so  
[0.572s] -- Added test 'copyright' to check source files copyright and LICENSE
[0.573s] -- Added test 'cppcheck' to perform static code analysis on C / C++ code
[0.573s] -- Configured cppcheck include dirs: 
[0.573s] -- Configured cppcheck exclude dirs and/or files: 
[0.574s] -- Added test 'cpplint' to check C / C++ code against the Google style
[0.574s] -- Configured cpplint exclude dirs and/or files: 
[0.574s] -- Added test 'lint_cmake' to check CMake code style
[0.575s] -- Added test 'uncrustify' to check C / C++ code style
[0.575s] -- Configured uncrustify additional arguments: 
[0.575s] -- Added test 'xmllint' to check XML markup files
[0.580s] -- Configuring done
[0.608s] -- Generating done
[0.610s] -- Build files have been written to: /home/max/Documents/GitHub/IR2117/ros2_ws/src/build/olympic_interfaces
[0.616s] Invoked command in '/home/max/Documents/GitHub/IR2117/ros2_ws/src/build/olympic_interfaces' returned '0': CMAKE_PREFIX_PATH=/opt/ros/foxy /usr/bin/cmake /home/max/Documents/GitHub/IR2117/ros2_ws/src/olympic_interfaces -DCMAKE_INSTALL_PREFIX=/home/max/Documents/GitHub/IR2117/ros2_ws/src/install/olympic_interfaces
[0.617s] Invoking command in '/home/max/Documents/GitHub/IR2117/ros2_ws/src/build/olympic_interfaces': CMAKE_PREFIX_PATH=/opt/ros/foxy /usr/bin/cmake --build /home/max/Documents/GitHub/IR2117/ros2_ws/src/build/olympic_interfaces -- -j20 -l20
[0.639s] [35m[1mScanning dependencies of target olympic_interfaces__cpp[0m
[0.639s] [  2%] [34m[1mGenerating C code for ROS interfaces[0m
[0.639s] [35m[1mScanning dependencies of target rings_server[0m
[0.639s] [35m[1mScanning dependencies of target rings_client[0m
[0.644s] [  5%] [34m[1mGenerating C++ code for ROS interfaces[0m
[0.689s] [ 11%] [32mBuilding CXX object CMakeFiles/rings_server.dir/src/rings_action_server.cpp.o[0m
[0.689s] [ 11%] [32mBuilding CXX object CMakeFiles/rings_client.dir/src/rings_action_client.cpp.o[0m
[0.724s] [01m[K/home/max/Documents/GitHub/IR2117/ros2_ws/src/olympic_interfaces/src/rings_action_server.cpp:3:10:[m[K [01;31m[Kfatal error: [m[Kolympic_interfaces/action/rings.hpp: No such file or directory
[0.725s]     3 | #include [01;31m[K"olympic_interfaces/action/rings.hpp"[m[K
[0.725s]       |          [01;31m[K^~~~~~~~~~~~~~~~~~~~~~~~~~~~~~~~~~~~~[m[K
[0.725s] compilation terminated.
[0.725s] [01m[K/home/max/Documents/GitHub/IR2117/ros2_ws/src/olympic_interfaces/src/rings_action_client.cpp:3:10:[m[K [01;31m[Kfatal error: [m[Kolympic_interfaces/action/rings.hpp: No such file or directory
[0.725s]     3 | #include [01;31m[K"olympic_interfaces/action/rings.hpp"[m[K
[0.725s]       |          [01;31m[K^~~~~~~~~~~~~~~~~~~~~~~~~~~~~~~~~~~~~[m[K
[0.725s] compilation terminated.
[0.725s] make[2]: *** [CMakeFiles/rings_client.dir/build.make:63: CMakeFiles/rings_client.dir/src/rings_action_client.cpp.o] Error 1
[0.725s] make[2]: *** [CMakeFiles/rings_server.dir/build.make:63: CMakeFiles/rings_server.dir/src/rings_action_server.cpp.o] Error 1
[0.725s] make[1]: *** [CMakeFiles/Makefile2:324: CMakeFiles/rings_client.dir/all] Error 2
[0.725s] make[1]: *** Waiting for unfinished jobs....
[0.725s] make[1]: *** [CMakeFiles/Makefile2:297: CMakeFiles/rings_server.dir/all] Error 2
[0.823s] [ 11%] Built target olympic_interfaces__cpp
[0.838s] [35m[1mScanning dependencies of target olympic_interfaces__rosidl_generator_c[0m
[0.845s] [ 14%] [32mBuilding C object CMakeFiles/olympic_interfaces__rosidl_generator_c.dir/rosidl_generator_c/olympic_interfaces/action/detail/rings__functions.c.o[0m
[0.916s] [ 17%] [32m[1mLinking C shared library libolympic_interfaces__rosidl_generator_c.so[0m
[0.944s] [ 17%] Built target olympic_interfaces__rosidl_generator_c
[0.945s] make: *** [Makefile:141: all] Error 2
[0.949s] Invoked command in '/home/max/Documents/GitHub/IR2117/ros2_ws/src/build/olympic_interfaces' returned '2': CMAKE_PREFIX_PATH=/opt/ros/foxy /usr/bin/cmake --build /home/max/Documents/GitHub/IR2117/ros2_ws/src/build/olympic_interfaces -- -j20 -l20
