[0.012s] Invoking command in '/home/max/Documents/GitHub/IR2117/tb3_ws/build/olympic': CMAKE_PREFIX_PATH=${CMAKE_PREFIX_PATH}:/opt/ros/foxy /usr/bin/cmake --build /home/max/Documents/GitHub/IR2117/tb3_ws/build/olympic -- -j20 -l20
[0.038s] [35m[1mScanning dependencies of target rings[0m
[0.050s] [ 50%] [32mBuilding CXX object CMakeFiles/rings.dir/src/rings.cpp.o[0m
[0.610s] [01m[K/home/max/Documents/GitHub/IR2117/tb3_ws/olympic/src/rings.cpp:[m[K In function ‘[01m[Kint service_tp(std::shared_ptr<rclcpp::Node>, float, float)[m[K’:
[0.610s] [01m[K/home/max/Documents/GitHub/IR2117/tb3_ws/olympic/src/rings.cpp:50:11:[m[K [01;31m[Kerror: [m[K‘[01m[Kusing element_type = struct turtlesim::srv::SetPen_Request_<std::allocator<void> >[m[K’ {aka ‘[01m[Kstruct turtlesim::srv::SetPen_Request_<std::allocator<void> >[m[K’} has no member named ‘[01m[Klinear[m[K’
[0.610s]    50 |  request->[01;31m[Klinear[m[K = l;
[0.610s]       |           [01;31m[K^~~~~~[m[K
[0.610s] [01m[K/home/max/Documents/GitHub/IR2117/tb3_ws/olympic/src/rings.cpp:51:11:[m[K [01;31m[Kerror: [m[K‘[01m[Kusing element_type = struct turtlesim::srv::SetPen_Request_<std::allocator<void> >[m[K’ {aka ‘[01m[Kstruct turtlesim::srv::SetPen_Request_<std::allocator<void> >[m[K’} has no member named ‘[01m[Kangular[m[K’
[0.610s]    51 |  request->[01;31m[Kangular[m[K = a;
[0.610s]       |           [01;31m[K^~~~~~~[m[K
[0.621s] [01m[K/home/max/Documents/GitHub/IR2117/tb3_ws/olympic/src/rings.cpp:[m[K In function ‘[01m[Kint main(int, char**)[m[K’:
[0.621s] [01m[K/home/max/Documents/GitHub/IR2117/tb3_ws/olympic/src/rings.cpp:105:40:[m[K [01;31m[Kerror: [m[Ktoo few arguments to function ‘[01m[Kint service_pen(std::shared_ptr<rclcpp::Node>, int, int, int, int)[m[K’
[0.621s]   105 |     tp = service_pen(node,radius*1.08,0[01;31m[K)[m[K;
[0.621s]       |                                        [01;31m[K^[m[K
[0.621s] [01m[K/home/max/Documents/GitHub/IR2117/tb3_ws/olympic/src/rings.cpp:12:5:[m[K [01;36m[Knote: [m[Kdeclared here
[0.621s]    12 | int [01;36m[Kservice_pen[m[K(std::shared_ptr<rclcpp::Node> node , int red, int green, int blue, int w){
[0.621s]       |     [01;36m[K^~~~~~~~~~~[m[K
[1.088s] make[2]: *** [CMakeFiles/rings.dir/build.make:63: CMakeFiles/rings.dir/src/rings.cpp.o] Error 1
[1.088s] make[1]: *** [CMakeFiles/Makefile2:78: CMakeFiles/rings.dir/all] Error 2
[1.088s] make: *** [Makefile:141: all] Error 2
[1.091s] Invoked command in '/home/max/Documents/GitHub/IR2117/tb3_ws/build/olympic' returned '2': CMAKE_PREFIX_PATH=${CMAKE_PREFIX_PATH}:/opt/ros/foxy /usr/bin/cmake --build /home/max/Documents/GitHub/IR2117/tb3_ws/build/olympic -- -j20 -l20
