[0.313s] DEBUG:colcon:Command line arguments: ['/usr/bin/colcon', 'build']
[0.313s] DEBUG:colcon:Parsed command line arguments: Namespace(allow_overriding=[], ament_cmake_args=None, base_paths=['.'], build_base='build', catkin_cmake_args=None, catkin_skip_building_tests=False, cmake_args=None, cmake_clean_cache=False, cmake_clean_first=False, cmake_force_configure=False, cmake_target=None, cmake_target_skip_unavailable=False, continue_on_error=False, event_handlers=None, executor='parallel', ignore_user_meta=False, install_base='install', log_base=None, log_level=None, main=<bound method BuildVerb.main of <colcon_core.verb.build.BuildVerb object at 0x7f9009dba880>>, merge_install=False, metas=['./colcon.meta'], packages_above=None, packages_above_and_dependencies=None, packages_above_depth=None, packages_end=None, packages_ignore=None, packages_ignore_regex=None, packages_select=None, packages_select_build_failed=False, packages_select_by_dep=None, packages_select_regex=None, packages_select_test_failures=False, packages_skip=None, packages_skip_build_finished=False, packages_skip_by_dep=None, packages_skip_regex=None, packages_skip_test_passed=False, packages_skip_up_to=None, packages_start=None, packages_up_to=None, packages_up_to_regex=None, parallel_workers=20, paths=None, symlink_install=False, test_result_base=None, verb_extension=<colcon_core.verb.build.BuildVerb object at 0x7f9009dba880>, verb_name='build', verb_parser=<colcon_defaults.argument_parser.defaults.DefaultArgumentsDecorator object at 0x7f9009dbadf0>)
[0.343s] Level 1:colcon.colcon_core.package_discovery:discover_packages(colcon_meta) check parameters
[0.343s] Level 1:colcon.colcon_core.package_discovery:discover_packages(recursive) check parameters
[0.343s] Level 1:colcon.colcon_core.package_discovery:discover_packages(ignore) check parameters
[0.343s] Level 1:colcon.colcon_core.package_discovery:discover_packages(path) check parameters
[0.343s] Level 1:colcon.colcon_core.package_discovery:discover_packages(colcon_meta) discover
[0.343s] Level 1:colcon.colcon_core.package_discovery:discover_packages(recursive) discover
[0.344s] INFO:colcon.colcon_core.package_discovery:Crawling recursively for packages in '/home/max/Documents/GitHub/IR2117/tb3_ws'
[0.344s] Level 1:colcon.colcon_core.package_identification:_identify(.) by extensions ['ignore', 'ignore_ament_install']
[0.344s] Level 1:colcon.colcon_core.package_identification:_identify(.) by extension 'ignore'
[0.344s] Level 1:colcon.colcon_core.package_identification:_identify(.) by extension 'ignore_ament_install'
[0.344s] Level 1:colcon.colcon_core.package_identification:_identify(.) by extensions ['colcon_pkg']
[0.344s] Level 1:colcon.colcon_core.package_identification:_identify(.) by extension 'colcon_pkg'
[0.344s] Level 1:colcon.colcon_core.package_identification:_identify(.) by extensions ['colcon_meta']
[0.344s] Level 1:colcon.colcon_core.package_identification:_identify(.) by extension 'colcon_meta'
[0.344s] Level 1:colcon.colcon_core.package_identification:_identify(.) by extensions ['ros']
[0.344s] Level 1:colcon.colcon_core.package_identification:_identify(.) by extension 'ros'
[0.365s] Level 1:colcon.colcon_core.package_identification:_identify(.) by extensions ['cmake', 'python']
[0.365s] Level 1:colcon.colcon_core.package_identification:_identify(.) by extension 'cmake'
[0.365s] Level 1:colcon.colcon_core.package_identification:_identify(.) by extension 'python'
[0.365s] Level 1:colcon.colcon_core.package_identification:_identify(.) by extensions ['python_setup_py']
[0.365s] Level 1:colcon.colcon_core.package_identification:_identify(.) by extension 'python_setup_py'
[0.365s] Level 1:colcon.colcon_core.package_identification:_identify(build) by extensions ['ignore', 'ignore_ament_install']
[0.365s] Level 1:colcon.colcon_core.package_identification:_identify(build) by extension 'ignore'
[0.365s] Level 1:colcon.colcon_core.package_identification:_identify(build) ignored
[0.365s] Level 1:colcon.colcon_core.package_identification:_identify(install) by extensions ['ignore', 'ignore_ament_install']
[0.366s] Level 1:colcon.colcon_core.package_identification:_identify(install) by extension 'ignore'
[0.366s] Level 1:colcon.colcon_core.package_identification:_identify(install) ignored
[0.366s] Level 1:colcon.colcon_core.package_identification:_identify(log) by extensions ['ignore', 'ignore_ament_install']
[0.366s] Level 1:colcon.colcon_core.package_identification:_identify(log) by extension 'ignore'
[0.366s] Level 1:colcon.colcon_core.package_identification:_identify(log) ignored
[0.366s] Level 1:colcon.colcon_core.package_identification:_identify(obstacles) by extensions ['ignore', 'ignore_ament_install']
[0.366s] Level 1:colcon.colcon_core.package_identification:_identify(obstacles) by extension 'ignore'
[0.366s] Level 1:colcon.colcon_core.package_identification:_identify(obstacles) by extension 'ignore_ament_install'
[0.366s] Level 1:colcon.colcon_core.package_identification:_identify(obstacles) by extensions ['colcon_pkg']
[0.366s] Level 1:colcon.colcon_core.package_identification:_identify(obstacles) by extension 'colcon_pkg'
[0.366s] Level 1:colcon.colcon_core.package_identification:_identify(obstacles) by extensions ['colcon_meta']
[0.366s] Level 1:colcon.colcon_core.package_identification:_identify(obstacles) by extension 'colcon_meta'
[0.366s] Level 1:colcon.colcon_core.package_identification:_identify(obstacles) by extensions ['ros']
[0.366s] Level 1:colcon.colcon_core.package_identification:_identify(obstacles) by extension 'ros'
[0.369s] DEBUG:colcon.colcon_core.package_identification:Package 'obstacles' with type 'ros.ament_cmake' and name 'obstacles'
[0.369s] Level 1:colcon.colcon_core.package_identification:_identify(src) by extensions ['ignore', 'ignore_ament_install']
[0.369s] Level 1:colcon.colcon_core.package_identification:_identify(src) by extension 'ignore'
[0.369s] Level 1:colcon.colcon_core.package_identification:_identify(src) by extension 'ignore_ament_install'
[0.369s] Level 1:colcon.colcon_core.package_identification:_identify(src) by extensions ['colcon_pkg']
[0.369s] Level 1:colcon.colcon_core.package_identification:_identify(src) by extension 'colcon_pkg'
[0.369s] Level 1:colcon.colcon_core.package_identification:_identify(src) by extensions ['colcon_meta']
[0.369s] Level 1:colcon.colcon_core.package_identification:_identify(src) by extension 'colcon_meta'
[0.369s] Level 1:colcon.colcon_core.package_identification:_identify(src) by extensions ['ros']
[0.369s] Level 1:colcon.colcon_core.package_identification:_identify(src) by extension 'ros'
[0.369s] Level 1:colcon.colcon_core.package_identification:_identify(src) by extensions ['cmake', 'python']
[0.369s] Level 1:colcon.colcon_core.package_identification:_identify(src) by extension 'cmake'
[0.369s] Level 1:colcon.colcon_core.package_identification:_identify(src) by extension 'python'
[0.369s] Level 1:colcon.colcon_core.package_identification:_identify(src) by extensions ['python_setup_py']
[0.369s] Level 1:colcon.colcon_core.package_identification:_identify(src) by extension 'python_setup_py'
[0.369s] Level 1:colcon.colcon_core.package_identification:_identify(src/build) by extensions ['ignore', 'ignore_ament_install']
[0.369s] Level 1:colcon.colcon_core.package_identification:_identify(src/build) by extension 'ignore'
[0.369s] Level 1:colcon.colcon_core.package_identification:_identify(src/build) ignored
[0.369s] Level 1:colcon.colcon_core.package_identification:_identify(src/install) by extensions ['ignore', 'ignore_ament_install']
[0.370s] Level 1:colcon.colcon_core.package_identification:_identify(src/install) by extension 'ignore'
[0.370s] Level 1:colcon.colcon_core.package_identification:_identify(src/install) ignored
[0.370s] Level 1:colcon.colcon_core.package_identification:_identify(src/log) by extensions ['ignore', 'ignore_ament_install']
[0.370s] Level 1:colcon.colcon_core.package_identification:_identify(src/log) by extension 'ignore'
[0.370s] Level 1:colcon.colcon_core.package_identification:_identify(src/log) ignored
[0.370s] Level 1:colcon.colcon_core.package_identification:_identify(src/robot_trajectory) by extensions ['ignore', 'ignore_ament_install']
[0.370s] Level 1:colcon.colcon_core.package_identification:_identify(src/robot_trajectory) by extension 'ignore'
[0.370s] Level 1:colcon.colcon_core.package_identification:_identify(src/robot_trajectory) by extension 'ignore_ament_install'
[0.370s] Level 1:colcon.colcon_core.package_identification:_identify(src/robot_trajectory) by extensions ['colcon_pkg']
[0.370s] Level 1:colcon.colcon_core.package_identification:_identify(src/robot_trajectory) by extension 'colcon_pkg'
[0.370s] Level 1:colcon.colcon_core.package_identification:_identify(src/robot_trajectory) by extensions ['colcon_meta']
[0.370s] Level 1:colcon.colcon_core.package_identification:_identify(src/robot_trajectory) by extension 'colcon_meta'
[0.370s] Level 1:colcon.colcon_core.package_identification:_identify(src/robot_trajectory) by extensions ['ros']
[0.370s] Level 1:colcon.colcon_core.package_identification:_identify(src/robot_trajectory) by extension 'ros'
[0.371s] DEBUG:colcon.colcon_core.package_identification:Package 'src/robot_trajectory' with type 'ros.ament_cmake' and name 'robot_trajectory'
[0.371s] Level 1:colcon.colcon_core.package_discovery:discover_packages(recursive) using defaults
[0.371s] Level 1:colcon.colcon_core.package_discovery:discover_packages(ignore) discover
[0.371s] Level 1:colcon.colcon_core.package_discovery:discover_packages(ignore) using defaults
[0.371s] Level 1:colcon.colcon_core.package_discovery:discover_packages(path) discover
[0.371s] Level 1:colcon.colcon_core.package_discovery:discover_packages(path) using defaults
[0.394s] Level 1:colcon.colcon_core.package_discovery:discover_packages(prefix_path) check parameters
[0.394s] Level 1:colcon.colcon_core.package_discovery:discover_packages(prefix_path) discover
[0.397s] DEBUG:colcon.colcon_installed_package_information.package_discovery:Found 2 installed packages in /home/max/Documents/GitHub/IR2117/tb3_ws/install
[0.399s] DEBUG:colcon.colcon_installed_package_information.package_discovery:Found 289 installed packages in /opt/ros/foxy
[0.401s] Level 1:colcon.colcon_core.package_discovery:discover_packages(prefix_path) using defaults
[0.481s] Level 5:colcon.colcon_core.verb:set package 'obstacles' build argument 'cmake_args' from command line to 'None'
[0.481s] Level 5:colcon.colcon_core.verb:set package 'obstacles' build argument 'cmake_target' from command line to 'None'
[0.481s] Level 5:colcon.colcon_core.verb:set package 'obstacles' build argument 'cmake_target_skip_unavailable' from command line to 'False'
[0.481s] Level 5:colcon.colcon_core.verb:set package 'obstacles' build argument 'cmake_clean_cache' from command line to 'False'
[0.481s] Level 5:colcon.colcon_core.verb:set package 'obstacles' build argument 'cmake_clean_first' from command line to 'False'
[0.481s] Level 5:colcon.colcon_core.verb:set package 'obstacles' build argument 'cmake_force_configure' from command line to 'False'
[0.481s] Level 5:colcon.colcon_core.verb:set package 'obstacles' build argument 'ament_cmake_args' from command line to 'None'
[0.481s] Level 5:colcon.colcon_core.verb:set package 'obstacles' build argument 'catkin_cmake_args' from command line to 'None'
[0.481s] Level 5:colcon.colcon_core.verb:set package 'obstacles' build argument 'catkin_skip_building_tests' from command line to 'False'
[0.481s] DEBUG:colcon.colcon_core.verb:Building package 'obstacles' with the following arguments: {'ament_cmake_args': None, 'build_base': '/home/max/Documents/GitHub/IR2117/tb3_ws/build/obstacles', 'catkin_cmake_args': None, 'catkin_skip_building_tests': False, 'cmake_args': None, 'cmake_clean_cache': False, 'cmake_clean_first': False, 'cmake_force_configure': False, 'cmake_target': None, 'cmake_target_skip_unavailable': False, 'install_base': '/home/max/Documents/GitHub/IR2117/tb3_ws/install/obstacles', 'merge_install': False, 'path': '/home/max/Documents/GitHub/IR2117/tb3_ws/obstacles', 'symlink_install': False, 'test_result_base': None}
[0.482s] Level 5:colcon.colcon_core.verb:set package 'robot_trajectory' build argument 'cmake_args' from command line to 'None'
[0.482s] Level 5:colcon.colcon_core.verb:set package 'robot_trajectory' build argument 'cmake_target' from command line to 'None'
[0.482s] Level 5:colcon.colcon_core.verb:set package 'robot_trajectory' build argument 'cmake_target_skip_unavailable' from command line to 'False'
[0.482s] Level 5:colcon.colcon_core.verb:set package 'robot_trajectory' build argument 'cmake_clean_cache' from command line to 'False'
[0.482s] Level 5:colcon.colcon_core.verb:set package 'robot_trajectory' build argument 'cmake_clean_first' from command line to 'False'
[0.482s] Level 5:colcon.colcon_core.verb:set package 'robot_trajectory' build argument 'cmake_force_configure' from command line to 'False'
[0.482s] Level 5:colcon.colcon_core.verb:set package 'robot_trajectory' build argument 'ament_cmake_args' from command line to 'None'
[0.482s] Level 5:colcon.colcon_core.verb:set package 'robot_trajectory' build argument 'catkin_cmake_args' from command line to 'None'
[0.482s] Level 5:colcon.colcon_core.verb:set package 'robot_trajectory' build argument 'catkin_skip_building_tests' from command line to 'False'
[0.482s] DEBUG:colcon.colcon_core.verb:Building package 'robot_trajectory' with the following arguments: {'ament_cmake_args': None, 'build_base': '/home/max/Documents/GitHub/IR2117/tb3_ws/build/robot_trajectory', 'catkin_cmake_args': None, 'catkin_skip_building_tests': False, 'cmake_args': None, 'cmake_clean_cache': False, 'cmake_clean_first': False, 'cmake_force_configure': False, 'cmake_target': None, 'cmake_target_skip_unavailable': False, 'install_base': '/home/max/Documents/GitHub/IR2117/tb3_ws/install/robot_trajectory', 'merge_install': False, 'path': '/home/max/Documents/GitHub/IR2117/tb3_ws/src/robot_trajectory', 'symlink_install': False, 'test_result_base': None}
[0.483s] INFO:colcon.colcon_core.executor:Executing jobs using 'parallel' executor
[0.487s] DEBUG:colcon.colcon_parallel_executor.executor.parallel:run_until_complete
[0.487s] INFO:colcon.colcon_ros.task.ament_cmake.build:Building ROS package in '/home/max/Documents/GitHub/IR2117/tb3_ws/obstacles' with build type 'ament_cmake'
[0.487s] INFO:colcon.colcon_cmake.task.cmake.build:Building CMake package in '/home/max/Documents/GitHub/IR2117/tb3_ws/obstacles'
[0.492s] INFO:colcon.colcon_core.plugin_system:Skipping extension 'colcon_core.shell.bat': Not used on non-Windows systems
[0.492s] INFO:colcon.colcon_core.shell:Skip shell extension 'powershell' for command environment: Not usable outside of PowerShell
[0.492s] DEBUG:colcon.colcon_core.shell:Skip shell extension 'dsv' for command environment
[0.499s] INFO:colcon.colcon_ros.task.ament_cmake.build:Building ROS package in '/home/max/Documents/GitHub/IR2117/tb3_ws/src/robot_trajectory' with build type 'ament_cmake'
[0.500s] INFO:colcon.colcon_cmake.task.cmake.build:Building CMake package in '/home/max/Documents/GitHub/IR2117/tb3_ws/src/robot_trajectory'
[0.501s] INFO:colcon.colcon_core.shell:Skip shell extension 'powershell' for command environment: Not usable outside of PowerShell
[0.502s] DEBUG:colcon.colcon_core.shell:Skip shell extension 'dsv' for command environment
[0.513s] DEBUG:colcon.colcon_core.event_handler.log_command:Invoking command in '/home/max/Documents/GitHub/IR2117/tb3_ws/build/obstacles': CMAKE_PREFIX_PATH=${CMAKE_PREFIX_PATH}:/opt/ros/foxy /usr/bin/cmake --build /home/max/Documents/GitHub/IR2117/tb3_ws/build/obstacles -- -j20 -l20
[0.524s] DEBUG:colcon.colcon_core.event_handler.log_command:Invoking command in '/home/max/Documents/GitHub/IR2117/tb3_ws/build/robot_trajectory': CMAKE_PREFIX_PATH=${CMAKE_PREFIX_PATH}:/opt/ros/foxy /usr/bin/cmake --build /home/max/Documents/GitHub/IR2117/tb3_ws/build/robot_trajectory -- -j20 -l20
[0.616s] DEBUG:colcon.colcon_core.event_handler.log_command:Invoked command in '/home/max/Documents/GitHub/IR2117/tb3_ws/build/robot_trajectory' returned '0': CMAKE_PREFIX_PATH=${CMAKE_PREFIX_PATH}:/opt/ros/foxy /usr/bin/cmake --build /home/max/Documents/GitHub/IR2117/tb3_ws/build/robot_trajectory -- -j20 -l20
[0.654s] DEBUG:colcon.colcon_core.event_handler.log_command:Invoking command in '/home/max/Documents/GitHub/IR2117/tb3_ws/build/robot_trajectory': CMAKE_PREFIX_PATH=${CMAKE_PREFIX_PATH}:/opt/ros/foxy /usr/bin/cmake --install /home/max/Documents/GitHub/IR2117/tb3_ws/build/robot_trajectory
[0.666s] Level 1:colcon.colcon_core.environment:create_environment_scripts_only(robot_trajectory)
[0.666s] DEBUG:colcon.colcon_core.event_handler.log_command:Invoked command in '/home/max/Documents/GitHub/IR2117/tb3_ws/build/robot_trajectory' returned '0': CMAKE_PREFIX_PATH=${CMAKE_PREFIX_PATH}:/opt/ros/foxy /usr/bin/cmake --install /home/max/Documents/GitHub/IR2117/tb3_ws/build/robot_trajectory
[0.673s] Level 1:colcon.colcon_core.environment:checking '/home/max/Documents/GitHub/IR2117/tb3_ws/install/robot_trajectory' for CMake module files
[0.673s] Level 1:colcon.colcon_core.environment:checking '/home/max/Documents/GitHub/IR2117/tb3_ws/install/robot_trajectory' for CMake config files
[0.673s] Level 1:colcon.colcon_core.shell:create_environment_hook('robot_trajectory', 'cmake_prefix_path')
[0.675s] INFO:colcon.colcon_core.shell:Creating environment hook '/home/max/Documents/GitHub/IR2117/tb3_ws/install/robot_trajectory/share/robot_trajectory/hook/cmake_prefix_path.ps1'
[0.675s] INFO:colcon.colcon_core.shell:Creating environment descriptor '/home/max/Documents/GitHub/IR2117/tb3_ws/install/robot_trajectory/share/robot_trajectory/hook/cmake_prefix_path.dsv'
[0.676s] INFO:colcon.colcon_core.shell:Creating environment hook '/home/max/Documents/GitHub/IR2117/tb3_ws/install/robot_trajectory/share/robot_trajectory/hook/cmake_prefix_path.sh'
[0.676s] Level 1:colcon.colcon_core.environment:checking '/home/max/Documents/GitHub/IR2117/tb3_ws/install/robot_trajectory/lib'
[0.677s] Level 1:colcon.colcon_core.environment:checking '/home/max/Documents/GitHub/IR2117/tb3_ws/install/robot_trajectory/bin'
[0.677s] Level 1:colcon.colcon_core.environment:checking '/home/max/Documents/GitHub/IR2117/tb3_ws/install/robot_trajectory/lib/pkgconfig/robot_trajectory.pc'
[0.677s] Level 1:colcon.colcon_core.environment:checking '/home/max/Documents/GitHub/IR2117/tb3_ws/install/robot_trajectory/lib/python3.8/site-packages'
[0.677s] Level 1:colcon.colcon_core.environment:checking '/home/max/Documents/GitHub/IR2117/tb3_ws/install/robot_trajectory/bin'
[0.678s] INFO:colcon.colcon_core.shell:Creating package script '/home/max/Documents/GitHub/IR2117/tb3_ws/install/robot_trajectory/share/robot_trajectory/package.ps1'
[0.679s] INFO:colcon.colcon_core.shell:Creating package descriptor '/home/max/Documents/GitHub/IR2117/tb3_ws/install/robot_trajectory/share/robot_trajectory/package.dsv'
[0.679s] INFO:colcon.colcon_core.shell:Creating package script '/home/max/Documents/GitHub/IR2117/tb3_ws/install/robot_trajectory/share/robot_trajectory/package.sh'
[0.680s] INFO:colcon.colcon_core.shell:Creating package script '/home/max/Documents/GitHub/IR2117/tb3_ws/install/robot_trajectory/share/robot_trajectory/package.bash'
[0.680s] INFO:colcon.colcon_core.shell:Creating package script '/home/max/Documents/GitHub/IR2117/tb3_ws/install/robot_trajectory/share/robot_trajectory/package.zsh'
[0.681s] Level 1:colcon.colcon_core.environment:create_file_with_runtime_dependencies(/home/max/Documents/GitHub/IR2117/tb3_ws/install/robot_trajectory/share/colcon-core/packages/robot_trajectory)
[0.708s] Level 1:colcon.colcon_core.environment:create_environment_scripts_only(robot_trajectory)
[0.710s] Level 1:colcon.colcon_core.environment:checking '/home/max/Documents/GitHub/IR2117/tb3_ws/install/robot_trajectory' for CMake module files
[0.711s] Level 1:colcon.colcon_core.environment:checking '/home/max/Documents/GitHub/IR2117/tb3_ws/install/robot_trajectory' for CMake config files
[0.711s] Level 1:colcon.colcon_core.shell:create_environment_hook('robot_trajectory', 'cmake_prefix_path')
[0.712s] INFO:colcon.colcon_core.shell:Creating environment hook '/home/max/Documents/GitHub/IR2117/tb3_ws/install/robot_trajectory/share/robot_trajectory/hook/cmake_prefix_path.ps1'
[0.713s] INFO:colcon.colcon_core.shell:Creating environment descriptor '/home/max/Documents/GitHub/IR2117/tb3_ws/install/robot_trajectory/share/robot_trajectory/hook/cmake_prefix_path.dsv'
[0.713s] INFO:colcon.colcon_core.shell:Creating environment hook '/home/max/Documents/GitHub/IR2117/tb3_ws/install/robot_trajectory/share/robot_trajectory/hook/cmake_prefix_path.sh'
[0.714s] Level 1:colcon.colcon_core.environment:checking '/home/max/Documents/GitHub/IR2117/tb3_ws/install/robot_trajectory/lib'
[0.714s] Level 1:colcon.colcon_core.environment:checking '/home/max/Documents/GitHub/IR2117/tb3_ws/install/robot_trajectory/bin'
[0.714s] Level 1:colcon.colcon_core.environment:checking '/home/max/Documents/GitHub/IR2117/tb3_ws/install/robot_trajectory/lib/pkgconfig/robot_trajectory.pc'
[0.714s] Level 1:colcon.colcon_core.environment:checking '/home/max/Documents/GitHub/IR2117/tb3_ws/install/robot_trajectory/lib/python3.8/site-packages'
[0.715s] Level 1:colcon.colcon_core.environment:checking '/home/max/Documents/GitHub/IR2117/tb3_ws/install/robot_trajectory/bin'
[0.716s] INFO:colcon.colcon_core.shell:Creating package script '/home/max/Documents/GitHub/IR2117/tb3_ws/install/robot_trajectory/share/robot_trajectory/package.ps1'
[0.717s] INFO:colcon.colcon_core.shell:Creating package descriptor '/home/max/Documents/GitHub/IR2117/tb3_ws/install/robot_trajectory/share/robot_trajectory/package.dsv'
[0.717s] INFO:colcon.colcon_core.shell:Creating package script '/home/max/Documents/GitHub/IR2117/tb3_ws/install/robot_trajectory/share/robot_trajectory/package.sh'
[0.717s] INFO:colcon.colcon_core.shell:Creating package script '/home/max/Documents/GitHub/IR2117/tb3_ws/install/robot_trajectory/share/robot_trajectory/package.bash'
[0.718s] INFO:colcon.colcon_core.shell:Creating package script '/home/max/Documents/GitHub/IR2117/tb3_ws/install/robot_trajectory/share/robot_trajectory/package.zsh'
[0.718s] Level 1:colcon.colcon_core.environment:create_file_with_runtime_dependencies(/home/max/Documents/GitHub/IR2117/tb3_ws/install/robot_trajectory/share/colcon-core/packages/robot_trajectory)
[3.423s] DEBUG:colcon.colcon_core.event_handler.log_command:Invoked command in '/home/max/Documents/GitHub/IR2117/tb3_ws/build/obstacles' returned '2': CMAKE_PREFIX_PATH=${CMAKE_PREFIX_PATH}:/opt/ros/foxy /usr/bin/cmake --build /home/max/Documents/GitHub/IR2117/tb3_ws/build/obstacles -- -j20 -l20
[3.450s] Level 1:colcon.colcon_core.environment:create_environment_scripts_only(obstacles)
[3.459s] Level 1:colcon.colcon_core.environment:checking '/home/max/Documents/GitHub/IR2117/tb3_ws/install/obstacles' for CMake module files
[3.460s] Level 1:colcon.colcon_core.environment:checking '/home/max/Documents/GitHub/IR2117/tb3_ws/install/obstacles' for CMake config files
[3.460s] Level 1:colcon.colcon_core.shell:create_environment_hook('obstacles', 'cmake_prefix_path')
[3.461s] INFO:colcon.colcon_core.shell:Creating environment hook '/home/max/Documents/GitHub/IR2117/tb3_ws/install/obstacles/share/obstacles/hook/cmake_prefix_path.ps1'
[3.462s] INFO:colcon.colcon_core.shell:Creating environment descriptor '/home/max/Documents/GitHub/IR2117/tb3_ws/install/obstacles/share/obstacles/hook/cmake_prefix_path.dsv'
[3.462s] INFO:colcon.colcon_core.shell:Creating environment hook '/home/max/Documents/GitHub/IR2117/tb3_ws/install/obstacles/share/obstacles/hook/cmake_prefix_path.sh'
[3.463s] Level 1:colcon.colcon_core.environment:checking '/home/max/Documents/GitHub/IR2117/tb3_ws/install/obstacles/lib'
[3.463s] Level 1:colcon.colcon_core.environment:checking '/home/max/Documents/GitHub/IR2117/tb3_ws/install/obstacles/bin'
[3.463s] Level 1:colcon.colcon_core.environment:checking '/home/max/Documents/GitHub/IR2117/tb3_ws/install/obstacles/lib/pkgconfig/obstacles.pc'
[3.463s] Level 1:colcon.colcon_core.environment:checking '/home/max/Documents/GitHub/IR2117/tb3_ws/install/obstacles/lib/python3.8/site-packages'
[3.464s] Level 1:colcon.colcon_core.environment:checking '/home/max/Documents/GitHub/IR2117/tb3_ws/install/obstacles/bin'
[3.465s] INFO:colcon.colcon_core.shell:Creating package script '/home/max/Documents/GitHub/IR2117/tb3_ws/install/obstacles/share/obstacles/package.ps1'
[3.466s] INFO:colcon.colcon_core.shell:Creating package descriptor '/home/max/Documents/GitHub/IR2117/tb3_ws/install/obstacles/share/obstacles/package.dsv'
[3.466s] INFO:colcon.colcon_core.shell:Creating package script '/home/max/Documents/GitHub/IR2117/tb3_ws/install/obstacles/share/obstacles/package.sh'
[3.467s] INFO:colcon.colcon_core.shell:Creating package script '/home/max/Documents/GitHub/IR2117/tb3_ws/install/obstacles/share/obstacles/package.bash'
[3.467s] INFO:colcon.colcon_core.shell:Creating package script '/home/max/Documents/GitHub/IR2117/tb3_ws/install/obstacles/share/obstacles/package.zsh'
[3.467s] Level 1:colcon.colcon_core.environment:create_file_with_runtime_dependencies(/home/max/Documents/GitHub/IR2117/tb3_ws/install/obstacles/share/colcon-core/packages/obstacles)
[3.478s] DEBUG:colcon.colcon_parallel_executor.executor.parallel:closing loop
[3.478s] DEBUG:colcon.colcon_parallel_executor.executor.parallel:loop closed
[3.478s] DEBUG:colcon.colcon_parallel_executor.executor.parallel:run_until_complete finished with '2'
[3.478s] DEBUG:colcon.colcon_core.event_reactor:joining thread
[3.487s] INFO:colcon.colcon_core.plugin_system:Skipping extension 'colcon_notification.desktop_notification.notify_send': Could not find 'notify-send'
[3.487s] INFO:colcon.colcon_core.plugin_system:Skipping extension 'colcon_notification.desktop_notification.terminal_notifier': Not used on non-Darwin systems
[3.487s] INFO:colcon.colcon_core.plugin_system:Skipping extension 'colcon_notification.desktop_notification.win32': Not used on non-Windows systems
[3.487s] INFO:colcon.colcon_notification.desktop_notification:Sending desktop notification using 'notify2'
[3.509s] DEBUG:colcon.colcon_core.event_reactor:joined thread
[3.511s] INFO:colcon.colcon_core.shell:Creating prefix script '/home/max/Documents/GitHub/IR2117/tb3_ws/install/local_setup.ps1'
[3.512s] INFO:colcon.colcon_core.shell:Creating prefix util module '/home/max/Documents/GitHub/IR2117/tb3_ws/install/_local_setup_util_ps1.py'
[3.513s] INFO:colcon.colcon_core.shell:Creating prefix chain script '/home/max/Documents/GitHub/IR2117/tb3_ws/install/setup.ps1'
[3.514s] INFO:colcon.colcon_core.shell:Creating prefix script '/home/max/Documents/GitHub/IR2117/tb3_ws/install/local_setup.sh'
[3.515s] INFO:colcon.colcon_core.shell:Creating prefix util module '/home/max/Documents/GitHub/IR2117/tb3_ws/install/_local_setup_util_sh.py'
[3.516s] INFO:colcon.colcon_core.shell:Creating prefix chain script '/home/max/Documents/GitHub/IR2117/tb3_ws/install/setup.sh'
[3.518s] INFO:colcon.colcon_core.shell:Creating prefix script '/home/max/Documents/GitHub/IR2117/tb3_ws/install/local_setup.bash'
[3.519s] INFO:colcon.colcon_core.shell:Creating prefix chain script '/home/max/Documents/GitHub/IR2117/tb3_ws/install/setup.bash'
[3.520s] INFO:colcon.colcon_core.shell:Creating prefix script '/home/max/Documents/GitHub/IR2117/tb3_ws/install/local_setup.zsh'
[3.521s] INFO:colcon.colcon_core.shell:Creating prefix chain script '/home/max/Documents/GitHub/IR2117/tb3_ws/install/setup.zsh'
