[01m[K/home/max/Documents/GitHub/IR2117/tb3_ws/olympic/src/rings.cpp:12:23:[m[K [01;31m[Kerror: [m[K‘[01m[Kturtlesim::srv::TeleportRelative[m[K’ has not been declared
   12 | using turtlesim::srv::[01;31m[KTeleportRelative[m[K;
      |                       [01;31m[K^~~~~~~~~~~~~~~~[m[K
[01m[K/home/max/Documents/GitHub/IR2117/tb3_ws/olympic/src/rings.cpp:[m[K In function ‘[01m[Kint service_tp(std::shared_ptr<rclcpp::Node>, float, float)[m[K’:
[01m[K/home/max/Documents/GitHub/IR2117/tb3_ws/olympic/src/rings.cpp:49:17:[m[K [01;31m[Kerror: [m[K‘[01m[KTeleportRelative[m[K’ was not declared in this scope
   49 |  rclcpp::Client<[01;31m[KTeleportRelative[m[K>::SharedPtr client = node->create_client<TeleportRelative>("/turtle1/teleport_relative");
      |                 [01;31m[K^~~~~~~~~~~~~~~~[m[K
[01m[K/home/max/Documents/GitHub/IR2117/tb3_ws/olympic/src/rings.cpp:49:33:[m[K [01;31m[Kerror: [m[Ktemplate argument 1 is invalid
   49 |  rclcpp::Client<TeleportRelative[01;31m[K>[m[K::SharedPtr client = node->create_client<TeleportRelative>("/turtle1/teleport_relative");
      |                                 [01;31m[K^[m[K
[01m[K/home/max/Documents/GitHub/IR2117/tb3_ws/olympic/src/rings.cpp:49:46:[m[K [01;31m[Kerror: [m[Kexpected initializer before ‘[01m[Kclient[m[K’
   49 |  rclcpp::Client<TeleportRelative>::SharedPtr [01;31m[Kclient[m[K = node->create_client<TeleportRelative>("/turtle1/teleport_relative");
      |                                              [01;31m[K^~~~~~[m[K
[01m[K/home/max/Documents/GitHub/IR2117/tb3_ws/olympic/src/rings.cpp:51:22:[m[K [01;31m[Kerror: [m[Kparse error in template argument list
   51 |  auto request = std::[01;31m[Kmake_shared<TeleportRelative::Request>[m[K();
      |                      [01;31m[K^~~~~~~~~~~~~~~~~~~~~~~~~~~~~~~~~~~~~~[m[K
[01m[K/home/max/Documents/GitHub/IR2117/tb3_ws/olympic/src/rings.cpp:51:61:[m[K [01;31m[Kerror: [m[Kno matching function for call to ‘[01m[Kmake_shared<TeleportRelative>()[m[K’
   51 |  auto request = std::make_shared<TeleportRelative::Request>([01;31m[K)[m[K;
      |                                                             [01;31m[K^[m[K
In file included from [01m[K/usr/include/c++/9/memory:81[m[K,
                 from [01m[K/opt/ros/foxy/include/rclcpp/rclcpp.hpp:144[m[K,
                 from [01m[K/home/max/Documents/GitHub/IR2117/tb3_ws/olympic/src/rings.cpp:5[m[K:
[01m[K/usr/include/c++/9/bits/shared_ptr.h:714:5:[m[K [01;36m[Knote: [m[Kcandidate: ‘[01m[Ktemplate<class _Tp, class ... _Args> std::shared_ptr<_Tp> std::make_shared(_Args&& ...)[m[K’
  714 |     [01;36m[Kmake_shared[m[K(_Args&&... __args)
      |     [01;36m[K^~~~~~~~~~~[m[K
[01m[K/usr/include/c++/9/bits/shared_ptr.h:714:5:[m[K [01;36m[Knote: [m[K  template argument deduction/substitution failed:
[01m[K/home/max/Documents/GitHub/IR2117/tb3_ws/olympic/src/rings.cpp:55:10:[m[K [01;31m[Kerror: [m[K‘[01m[Kclient[m[K’ was not declared in this scope
   55 |  while (![01;31m[Kclient[m[K->wait_for_service(500ms)) {
      |          [01;31m[K^~~~~~[m[K
[01m[K/home/max/Documents/GitHub/IR2117/tb3_ws/olympic/src/rings.cpp:64:19:[m[K [01;31m[Kerror: [m[K‘[01m[Kclient[m[K’ was not declared in this scope
   64 |     auto result = [01;31m[Kclient[m[K->async_send_request(request);
      |                   [01;31m[K^~~~~~[m[K
[01m[K/home/max/Documents/GitHub/IR2117/tb3_ws/olympic/src/rings.cpp:[m[K In function ‘[01m[Kint main(int, char**)[m[K’:
[01m[K/home/max/Documents/GitHub/IR2117/tb3_ws/olympic/src/rings.cpp:107:40:[m[K [01;31m[Kerror: [m[Ktoo few arguments to function ‘[01m[Kint service_pen(std::shared_ptr<rclcpp::Node>, int, int, int, int)[m[K’
  107 |     tp = service_pen(node,radius*1.08,0[01;31m[K)[m[K;
      |                                        [01;31m[K^[m[K
[01m[K/home/max/Documents/GitHub/IR2117/tb3_ws/olympic/src/rings.cpp:14:5:[m[K [01;36m[Knote: [m[Kdeclared here
   14 | int [01;36m[Kservice_pen[m[K(std::shared_ptr<rclcpp::Node> node , int red, int green, int blue, int w){
      |     [01;36m[K^~~~~~~~~~~[m[K
make[2]: *** [CMakeFiles/rings.dir/build.make:63: CMakeFiles/rings.dir/src/rings.cpp.o] Error 1
make[1]: *** [CMakeFiles/Makefile2:78: CMakeFiles/rings.dir/all] Error 2
make: *** [Makefile:141: all] Error 2
