[0.007s] Invoking command in '/home/max/Documents/GitHub/IR2117/ros2_ws/src/build/olympic_interfaces': CMAKE_PREFIX_PATH=/opt/ros/foxy /usr/bin/cmake /home/max/Documents/GitHub/IR2117/ros2_ws/src/olympic_interfaces -DCMAKE_INSTALL_PREFIX=/home/max/Documents/GitHub/IR2117/ros2_ws/src/install/olympic_interfaces
[0.015s] -- Found ament_cmake: 0.9.11 (/opt/ros/foxy/share/ament_cmake/cmake)
[0.027s] -- Using PYTHON_EXECUTABLE: /usr/bin/python3
[0.108s] -- Found rclcpp: 2.4.2 (/opt/ros/foxy/share/rclcpp/cmake)
[0.126s] -- Using all available rosidl_typesupport_c: rosidl_typesupport_fastrtps_c;rosidl_typesupport_introspection_c
[0.128s] -- Found rosidl_adapter: 1.3.0 (/opt/ros/foxy/share/rosidl_adapter/cmake)
[0.189s] -- Using all available rosidl_typesupport_cpp: rosidl_typesupport_fastrtps_cpp;rosidl_typesupport_introspection_cpp
[0.214s] -- Found rmw_implementation_cmake: 1.0.3 (/opt/ros/foxy/share/rmw_implementation_cmake/cmake)
[0.215s] -- Using RMW implementation 'rmw_fastrtps_cpp' as default
[0.292s] -- Found rclcpp_action: 2.4.2 (/opt/ros/foxy/share/rclcpp_action/cmake)
[0.339s] -- Found ament_lint_auto: 0.9.7 (/opt/ros/foxy/share/ament_lint_auto/cmake)
[0.380s] -- Found rosidl_default_generators: 1.0.1 (/opt/ros/foxy/share/rosidl_default_generators/cmake)
[0.397s] -- Found PythonInterp: /usr/bin/python3 (found version "3.8.10") 
[0.429s] CMake Error at /opt/ros/foxy/share/rosidl_cmake/cmake/rosidl_generate_interfaces.cmake:229 (message):
[0.429s]   Packages installing interfaces must include
[0.429s]   '<member_of_group>rosidl_interface_packages</member_of_group>' in their
[0.429s]   package.xml
[0.429s] Call Stack (most recent call first):
[0.429s]   CMakeLists.txt:52 (rosidl_generate_interfaces)
[0.429s] 
[0.429s] 
[0.430s] -- Configuring incomplete, errors occurred!
[0.430s] See also "/home/max/Documents/GitHub/IR2117/ros2_ws/src/build/olympic_interfaces/CMakeFiles/CMakeOutput.log".
[0.430s] See also "/home/max/Documents/GitHub/IR2117/ros2_ws/src/build/olympic_interfaces/CMakeFiles/CMakeError.log".
[0.433s] Invoked command in '/home/max/Documents/GitHub/IR2117/ros2_ws/src/build/olympic_interfaces' returned '1': CMAKE_PREFIX_PATH=/opt/ros/foxy /usr/bin/cmake /home/max/Documents/GitHub/IR2117/ros2_ws/src/olympic_interfaces -DCMAKE_INSTALL_PREFIX=/home/max/Documents/GitHub/IR2117/ros2_ws/src/install/olympic_interfaces
