[35m[1mScanning dependencies of target detector[0m
[ 50%] [32mBuilding CXX object CMakeFiles/detector.dir/src/detector.cpp.o[0m
[01m[K/home/max/Documents/GitHub/IR2117/tb3_ws/obstacles/src/detector.cpp:7:14:[m[K [01;31m[Kerror: [m[Kfound ‘[01m[K:[m[K’ in nested-name-specifier, expected ‘[01m[K::[m[K’
    7 | obs_angle_min[01;31m[K:[m[K radians (default: -pi/8);
      |              [01;31m[K^[m[K
      |              [32m[K::[m[K
[01m[K/home/max/Documents/GitHub/IR2117/tb3_ws/obstacles/src/detector.cpp:7:1:[m[K [01;31m[Kerror: [m[K‘[01m[Kobs_angle_min[m[K’ does not name a type
    7 | [01;31m[Kobs_angle_min[m[K: radians (default: -pi/8);
      | [01;31m[K^~~~~~~~~~~~~[m[K
[01m[K/home/max/Documents/GitHub/IR2117/tb3_ws/obstacles/src/detector.cpp:8:14:[m[K [01;31m[Kerror: [m[Kfound ‘[01m[K:[m[K’ in nested-name-specifier, expected ‘[01m[K::[m[K’
    8 | obs_angle_max[01;31m[K:[m[K radians (default: pi/8);
      |              [01;31m[K^[m[K
      |              [32m[K::[m[K
[01m[K/home/max/Documents/GitHub/IR2117/tb3_ws/obstacles/src/detector.cpp:8:1:[m[K [01;31m[Kerror: [m[K‘[01m[Kobs_angle_max[m[K’ does not name a type
    8 | [01;31m[Kobs_angle_max[m[K: radians (default: pi/8);
      | [01;31m[K^~~~~~~~~~~~~[m[K
[01m[K/home/max/Documents/GitHub/IR2117/tb3_ws/obstacles/src/detector.cpp:9:14:[m[K [01;31m[Kerror: [m[Kfound ‘[01m[K:[m[K’ in nested-name-specifier, expected ‘[01m[K::[m[K’
    9 | obs_threshold[01;31m[K:[m[K meters (default: 1);
      |              [01;31m[K^[m[K
      |              [32m[K::[m[K
[01m[K/home/max/Documents/GitHub/IR2117/tb3_ws/obstacles/src/detector.cpp:9:1:[m[K [01;31m[Kerror: [m[K‘[01m[Kobs_threshold[m[K’ does not name a type
    9 | [01;31m[Kobs_threshold[m[K: meters (default: 1);
      | [01;31m[K^~~~~~~~~~~~~[m[K
[01m[K/home/max/Documents/GitHub/IR2117/tb3_ws/obstacles/src/detector.cpp:[m[K In function ‘[01m[Kvoid topic_callback(sensor_msgs::msg::LaserScan_<std::allocator<void> >::SharedPtr)[m[K’:
[01m[K/home/max/Documents/GitHub/IR2117/tb3_ws/obstacles/src/detector.cpp:18:21:[m[K [01;31m[Kerror: [m[K‘[01m[Kobs_angle_min[m[K’ was not declared in this scope
   18 |         if((angle >=[01;31m[Kobs_angle_min[m[K) and (angle <= obs_angle_max)){
      |                     [01;31m[K^~~~~~~~~~~~~[m[K
[01m[K/home/max/Documents/GitHub/IR2117/tb3_ws/obstacles/src/detector.cpp:18:50:[m[K [01;31m[Kerror: [m[K‘[01m[Kobs_angle_max[m[K’ was not declared in this scope
   18 |         if((angle >=obs_angle_min) and (angle <= [01;31m[Kobs_angle_max[m[K)){
      |                                                  [01;31m[K^~~~~~~~~~~~~[m[K
[01m[K/home/max/Documents/GitHub/IR2117/tb3_ws/obstacles/src/detector.cpp:19:24:[m[K [01;31m[Kerror: [m[K‘[01m[Kobs_threshold[m[K’ was not declared in this scope
   19 |             if(range<= [01;31m[Kobs_threshold[m[K){
      |                        [01;31m[K^~~~~~~~~~~~~[m[K
[01m[K/home/max/Documents/GitHub/IR2117/tb3_ws/obstacles/src/detector.cpp:[m[K In function ‘[01m[Kint main(int, char**)[m[K’:
[01m[K/home/max/Documents/GitHub/IR2117/tb3_ws/obstacles/src/detector.cpp:37:5:[m[K [01;31m[Kerror: [m[K‘[01m[Kobs_angle_min[m[K’ was not declared in this scope
   37 |     [01;31m[Kobs_angle_min[m[K = node->get_parameter("obs_angle_min").get_parameter_value().get<double>();
      |     [01;31m[K^~~~~~~~~~~~~[m[K
[01m[K/home/max/Documents/GitHub/IR2117/tb3_ws/obstacles/src/detector.cpp:38:5:[m[K [01;31m[Kerror: [m[K‘[01m[Kobs_angle_max[m[K’ was not declared in this scope
   38 |     [01;31m[Kobs_angle_max[m[K = node->get_parameter("obs_angle_max").get_parameter_value().get<double>();
      |     [01;31m[K^~~~~~~~~~~~~[m[K
[01m[K/home/max/Documents/GitHub/IR2117/tb3_ws/obstacles/src/detector.cpp:39:5:[m[K [01;31m[Kerror: [m[K‘[01m[Kobs_threshold[m[K’ was not declared in this scope
   39 |     [01;31m[Kobs_threshold[m[K = node->get_parameter("obs_threshold").get_parameter_value().get<double>();
      |     [01;31m[K^~~~~~~~~~~~~[m[K
make[2]: *** [CMakeFiles/detector.dir/build.make:63: CMakeFiles/detector.dir/src/detector.cpp.o] Error 1
make[1]: *** [CMakeFiles/Makefile2:78: CMakeFiles/detector.dir/all] Error 2
make: *** [Makefile:141: all] Error 2
