[0.008s] Invoking command in '/home/max/Documents/GitHub/IR2117/ros2_ws/build/action_tutorials_interfaces': CMAKE_PREFIX_PATH=/opt/ros/foxy /usr/bin/cmake /home/max/Documents/GitHub/IR2117/ros2_ws/src/action_tutorials_interfaces -DCMAKE_INSTALL_PREFIX=/home/max/Documents/GitHub/IR2117/ros2_ws/install/action_tutorials_interfaces
[0.015s] -- Found ament_cmake: 0.9.11 (/opt/ros/foxy/share/ament_cmake/cmake)
[0.028s] -- Found PythonInterp: /usr/bin/python3 (found suitable version "3.8.10", minimum required is "3") 
[0.028s] -- Using PYTHON_EXECUTABLE: /usr/bin/python3
[0.108s] -- Found ament_lint_auto: 0.9.7 (/opt/ros/foxy/share/ament_lint_auto/cmake)
[0.140s] -- Found rosidl_default_generators: 1.0.1 (/opt/ros/foxy/share/rosidl_default_generators/cmake)
[0.141s] -- Using all available rosidl_typesupport_c: rosidl_typesupport_fastrtps_c;rosidl_typesupport_introspection_c
[0.143s] -- Found rosidl_adapter: 1.3.0 (/opt/ros/foxy/share/rosidl_adapter/cmake)
[0.212s] -- Using all available rosidl_typesupport_cpp: rosidl_typesupport_fastrtps_cpp;rosidl_typesupport_introspection_cpp
[0.236s] -- Found PythonInterp: /usr/bin/python3 (found version "3.8.10") 
[0.327s] CMake Error at /opt/ros/foxy/share/rosidl_adapter/cmake/rosidl_adapt_interfaces.cmake:60 (message):
[0.327s]   execute_process(/usr/bin/python3 -m rosidl_adapter --package-name
[0.327s]   action_tutorials_interfaces --arguments-file
[0.327s]   /home/max/Documents/GitHub/IR2117/ros2_ws/build/action_tutorials_interfaces/rosidl_adapter__arguments__action_tutorials_interfaces.json
[0.327s]   --output-dir
[0.327s]   /home/max/Documents/GitHub/IR2117/ros2_ws/build/action_tutorials_interfaces/rosidl_adapter/action_tutorials_interfaces
[0.327s]   --output-file
[0.327s]   /home/max/Documents/GitHub/IR2117/ros2_ws/build/action_tutorials_interfaces/rosidl_adapter/action_tutorials_interfaces.idls)
[0.327s]   returned error code 1:
[0.327s] 
[0.327s]   Error processing 'int 32 order' of
[0.327s]   'action_tutorials_interfaces/Fibonacci_Goal': ''int' is an invalid message
[0.327s]   name.  It should have the pattern '^[A-Z][A-Za-z0-9]*$''
[0.327s] 
[0.327s]   Traceback (most recent call last):
[0.327s] 
[0.327s]     File "/usr/lib/python3.8/runpy.py", line 194, in _run_module_as_main
[0.327s]       return _run_code(code, main_globals, None,
[0.327s]     File "/usr/lib/python3.8/runpy.py", line 87, in _run_code
[0.327s]       exec(code, run_globals)
[0.327s]     File "/opt/ros/foxy/lib/python3.8/site-packages/rosidl_adapter/__main__.py", line 19, in <module>
[0.327s]       sys.exit(main())
[0.327s]     File "/opt/ros/foxy/lib/python3.8/site-packages/rosidl_adapter/main.py", line 53, in main
[0.327s]       abs_idl_file = convert_to_idl(
[0.327s]     File "/opt/ros/foxy/lib/python3.8/site-packages/rosidl_adapter/__init__.py", line 29, in convert_to_idl
[0.327s]       return convert_action_to_idl(
[0.327s]     File "/opt/ros/foxy/lib/python3.8/site-packages/rosidl_adapter/action/__init__.py", line 28, in convert_action_to_idl
[0.328s]       action = parse_action_string(package_name, input_file.stem, content)
[0.328s]     File "/opt/ros/foxy/lib/python3.8/site-packages/rosidl_adapter/parser.py", line 892, in parse_action_string
[0.328s]       goal_message = parse_message_string(
[0.328s]     File "/opt/ros/foxy/lib/python3.8/site-packages/rosidl_adapter/parser.py", line 516, in parse_message_string
[0.328s]       Type(type_string, context_package_name=pkg_name),
[0.328s]     File "/opt/ros/foxy/lib/python3.8/site-packages/rosidl_adapter/parser.py", line 276, in __init__
[0.328s]       super(Type, self).__init__(
[0.328s]     File "/opt/ros/foxy/lib/python3.8/site-packages/rosidl_adapter/parser.py", line 204, in __init__
[0.328s]       raise InvalidResourceName(
[0.328s] 
[0.328s]   rosidl_adapter.parser.InvalidResourceName: 'int' is an invalid message
[0.328s]   name.  It should have the pattern '^[A-Z][A-Za-z0-9]*$'
[0.328s] 
[0.328s] Call Stack (most recent call first):
[0.328s]   /opt/ros/foxy/share/rosidl_cmake/cmake/rosidl_generate_interfaces.cmake:130 (rosidl_adapt_interfaces)
[0.328s]   CMakeLists.txt:36 (rosidl_generate_interfaces)
[0.328s] 
[0.328s] 
[0.328s] -- Configuring incomplete, errors occurred!
[0.328s] See also "/home/max/Documents/GitHub/IR2117/ros2_ws/build/action_tutorials_interfaces/CMakeFiles/CMakeOutput.log".
[0.332s] Invoked command in '/home/max/Documents/GitHub/IR2117/ros2_ws/build/action_tutorials_interfaces' returned '1': CMAKE_PREFIX_PATH=/opt/ros/foxy /usr/bin/cmake /home/max/Documents/GitHub/IR2117/ros2_ws/src/action_tutorials_interfaces -DCMAKE_INSTALL_PREFIX=/home/max/Documents/GitHub/IR2117/ros2_ws/install/action_tutorials_interfaces
