[35m[1mScanning dependencies of target avoidance[0m
[ 50%] Built target detector
[ 75%] [32mBuilding CXX object CMakeFiles/avoidance.dir/src/avoidance.cpp.o[0m
[01m[K/home/max/Documents/GitHub/IR2117/tb3_ws/obstacles/src/avoidance.cpp:[m[K In function ‘[01m[Kvoid callback_front(example_interfaces::msg::Bool_<std::allocator<void> >::SharedPtr)[m[K’:
[01m[K/home/max/Documents/GitHub/IR2117/tb3_ws/obstacles/src/avoidance.cpp:11:10:[m[K [01;31m[Kerror: [m[Kcannot convert ‘[01m[Kconst SharedPtr[m[K’ {aka ‘[01m[Kconst std::shared_ptr<example_interfaces::msg::Bool_<std::allocator<void> > >[m[K’} to ‘[01m[Kbool[m[K’ in assignment
   11 |     fr = [01;31m[Kmsg[m[K;
      |          [01;31m[K^~~[m[K
      |          [01;31m[K|[m[K
      |          [01;31m[Kconst SharedPtr {aka const std::shared_ptr<example_interfaces::msg::Bool_<std::allocator<void> > >}[m[K
[01m[K/home/max/Documents/GitHub/IR2117/tb3_ws/obstacles/src/avoidance.cpp:[m[K In function ‘[01m[Kvoid callback_left(example_interfaces::msg::Bool_<std::allocator<void> >::SharedPtr)[m[K’:
[01m[K/home/max/Documents/GitHub/IR2117/tb3_ws/obstacles/src/avoidance.cpp:15:11:[m[K [01;31m[Kerror: [m[Kcannot convert ‘[01m[Kconst SharedPtr[m[K’ {aka ‘[01m[Kconst std::shared_ptr<example_interfaces::msg::Bool_<std::allocator<void> > >[m[K’} to ‘[01m[Kbool[m[K’ in assignment
   15 |     izq = [01;31m[Kmsg[m[K;
      |           [01;31m[K^~~[m[K
      |           [01;31m[K|[m[K
      |           [01;31m[Kconst SharedPtr {aka const std::shared_ptr<example_interfaces::msg::Bool_<std::allocator<void> > >}[m[K
[01m[K/home/max/Documents/GitHub/IR2117/tb3_ws/obstacles/src/avoidance.cpp:[m[K In function ‘[01m[Kvoid callback_right(example_interfaces::msg::Bool_<std::allocator<void> >::SharedPtr)[m[K’:
[01m[K/home/max/Documents/GitHub/IR2117/tb3_ws/obstacles/src/avoidance.cpp:19:11:[m[K [01;31m[Kerror: [m[Kcannot convert ‘[01m[Kconst SharedPtr[m[K’ {aka ‘[01m[Kconst std::shared_ptr<example_interfaces::msg::Bool_<std::allocator<void> > >[m[K’} to ‘[01m[Kbool[m[K’ in assignment
   19 |     der = [01;31m[Kmsg[m[K;
      |           [01;31m[K^~~[m[K
      |           [01;31m[K|[m[K
      |           [01;31m[Kconst SharedPtr {aka const std::shared_ptr<example_interfaces::msg::Bool_<std::allocator<void> > >}[m[K
[01m[K/home/max/Documents/GitHub/IR2117/tb3_ws/obstacles/src/avoidance.cpp:[m[K In function ‘[01m[Kint main(int, char**)[m[K’:
[01m[K/home/max/Documents/GitHub/IR2117/tb3_ws/obstacles/src/avoidance.cpp:42:17:[m[K [01;31m[Kerror: [m[K‘[01m[Kelse[m[K’ without a previous ‘[01m[Kif[m[K’
   42 |                 [01;31m[Kelse[m[K{
      |                 [01;31m[K^~~~[m[K
[01m[K/home/max/Documents/GitHub/IR2117/tb3_ws/obstacles/src/avoidance.cpp:44:25:[m[K [01;35m[Kwarning: [m[Kunused variable ‘[01m[Krandint[m[K’ [[01;35m[K-Wunused-variable[m[K]
   44 |                     int [01;35m[Krandint[m[K = rand() %10+1;
      |                         [01;35m[K^~~~~~~[m[K
[01m[K/home/max/Documents/GitHub/IR2117/tb3_ws/obstacles/src/avoidance.cpp:49:17:[m[K [01;35m[Kwarning: [m[Kleft operand of comma operator has no effect [[01;35m[K-Wunused-value[m[K]
   49 |                 [01;35m[Kturn_left[m[K, turn_right,rd = false,false,false;
      |                 [01;35m[K^~~~~~~~~[m[K
[01m[K/home/max/Documents/GitHub/IR2117/tb3_ws/obstacles/src/avoidance.cpp:49:44:[m[K [01;35m[Kwarning: [m[Kright operand of comma operator has no effect [[01;35m[K-Wunused-value[m[K]
   49 |                 turn_left, turn_right,rd = [01;35m[Kfalse[m[K,false,false;
      |                                            [01;35m[K^~~~~[m[K
[01m[K/home/max/Documents/GitHub/IR2117/tb3_ws/obstacles/src/avoidance.cpp:49:56:[m[K [01;35m[Kwarning: [m[Kright operand of comma operator has no effect [[01;35m[K-Wunused-value[m[K]
   49 |                 turn_left, turn_right,rd = false,false,[01;35m[Kfalse[m[K;
      |                                                        [01;35m[K^~~~~[m[K
[01m[K/home/max/Documents/GitHub/IR2117/tb3_ws/obstacles/src/avoidance.cpp:49:61:[m[K [01;35m[Kwarning: [m[Kright operand of comma operator has no effect [[01;35m[K-Wunused-value[m[K]
   49 |                 turn_left, turn_right,rd = false,false,false[01;35m[K;[m[K
      |                                                             [01;35m[K^[m[K
[01m[K/home/max/Documents/GitHub/IR2117/tb3_ws/obstacles/src/avoidance.cpp:54:33:[m[K [01;31m[Kerror: [m[K‘[01m[Krandint[m[K’ was not declared in this scope
   54 |         if(turn_left or (rd and [01;31m[Krandint[m[K <= 5))
      |                                 [01;31m[K^~~~~~~[m[K
[01m[K/home/max/Documents/GitHub/IR2117/tb3_ws/obstacles/src/avoidance.cpp:56:34:[m[K [01;31m[Kerror: [m[K‘[01m[Krandint[m[K’ was not declared in this scope
   56 |         if(turn_right or (rd and [01;31m[Krandint[m[K > 5))
      |                                  [01;31m[K^~~~~~~[m[K
make[2]: *** [CMakeFiles/avoidance.dir/build.make:63: CMakeFiles/avoidance.dir/src/avoidance.cpp.o] Error 1
make[1]: *** [CMakeFiles/Makefile2:107: CMakeFiles/avoidance.dir/all] Error 2
make: *** [Makefile:141: all] Error 2
