[0.007s] Invoking command in '/home/max/Documents/GitHub/IR2117/ros2_ws/src/build/olympic_interfaces': /usr/bin/cmake /home/max/Documents/GitHub/IR2117/ros2_ws/src/olympic_interfaces -DCMAKE_INSTALL_PREFIX=/home/max/Documents/GitHub/IR2117/ros2_ws/src/install/olympic_interfaces
[0.015s] -- Found ament_cmake: 0.9.11 (/opt/ros/foxy/share/ament_cmake/cmake)
[0.028s] -- Using PYTHON_EXECUTABLE: /usr/bin/python3
[0.109s] -- Found rclcpp: 2.4.2 (/opt/ros/foxy/share/rclcpp/cmake)
[0.142s] -- Using all available rosidl_typesupport_c: rosidl_typesupport_fastrtps_c;rosidl_typesupport_introspection_c
[0.146s] -- Found rosidl_adapter: 1.3.0 (/opt/ros/foxy/share/rosidl_adapter/cmake)
[0.203s] -- Found OpenSSL: /usr/lib/x86_64-linux-gnu/libcrypto.so (found version "1.1.1f")  
[0.221s] -- Found FastRTPS: /opt/ros/foxy/include  
[0.268s] -- Using all available rosidl_typesupport_cpp: rosidl_typesupport_fastrtps_cpp;rosidl_typesupport_introspection_cpp
[0.303s] -- Found rmw_implementation_cmake: 1.0.3 (/opt/ros/foxy/share/rmw_implementation_cmake/cmake)
[0.304s] -- Using RMW implementation 'rmw_fastrtps_cpp' as default
[0.305s] -- Looking for pthread.h
[0.362s] -- Looking for pthread.h - found
[0.362s] -- Performing Test CMAKE_HAVE_LIBC_PTHREAD
[0.434s] -- Performing Test CMAKE_HAVE_LIBC_PTHREAD - Failed
[0.434s] -- Looking for pthread_create in pthreads
[0.487s] -- Looking for pthread_create in pthreads - not found
[0.487s] -- Looking for pthread_create in pthread
[0.601s] -- Looking for pthread_create in pthread - found
[0.601s] -- Found Threads: TRUE  
[0.688s] -- Found rclcpp_action: 2.4.2 (/opt/ros/foxy/share/rclcpp_action/cmake)
[0.732s] CMake Error at /opt/ros/foxy/share/ament_cmake_target_dependencies/cmake/ament_target_dependencies.cmake:77 (message):
[0.732s]   ament_target_dependencies() the passed package name 'olympic_interfaces'
[0.732s]   was not found before
[0.732s] Call Stack (most recent call first):
[0.732s]   CMakeLists.txt:26 (ament_target_dependencies)
[0.732s] 
[0.732s] 
[0.732s] -- Configuring incomplete, errors occurred!
[0.732s] See also "/home/max/Documents/GitHub/IR2117/ros2_ws/src/build/olympic_interfaces/CMakeFiles/CMakeOutput.log".
[0.732s] See also "/home/max/Documents/GitHub/IR2117/ros2_ws/src/build/olympic_interfaces/CMakeFiles/CMakeError.log".
[0.736s] Invoked command in '/home/max/Documents/GitHub/IR2117/ros2_ws/src/build/olympic_interfaces' returned '1': /usr/bin/cmake /home/max/Documents/GitHub/IR2117/ros2_ws/src/olympic_interfaces -DCMAKE_INSTALL_PREFIX=/home/max/Documents/GitHub/IR2117/ros2_ws/src/install/olympic_interfaces
