[0.010s] Invoking command in '/home/max/Documents/GitHub/IR2117/ros2_ws/build/cpp_srvcli': CMAKE_PREFIX_PATH=/opt/ros/foxy /usr/bin/cmake /home/max/Documents/GitHub/IR2117/ros2_ws/src/cpp_srvcli -DCMAKE_INSTALL_PREFIX=/home/max/Documents/GitHub/IR2117/ros2_ws/install/cpp_srvcli
[0.161s] -- The C compiler identification is GNU 9.4.0
[0.343s] -- The CXX compiler identification is GNU 9.4.0
[0.349s] -- Check for working C compiler: /usr/bin/cc
[0.452s] -- Check for working C compiler: /usr/bin/cc -- works
[0.454s] -- Detecting C compiler ABI info
[0.536s] -- Detecting C compiler ABI info - done
[0.546s] -- Detecting C compile features
[0.546s] -- Detecting C compile features - done
[0.549s] -- Check for working CXX compiler: /usr/bin/c++
[0.666s] -- Check for working CXX compiler: /usr/bin/c++ -- works
[0.666s] -- Detecting CXX compiler ABI info
[0.714s] -- Detecting CXX compiler ABI info - done
[0.720s] -- Detecting CXX compile features
[0.721s] -- Detecting CXX compile features - done
[0.724s] -- Found ament_cmake: 0.9.11 (/opt/ros/foxy/share/ament_cmake/cmake)
[0.745s] -- Found PythonInterp: /usr/bin/python3 (found suitable version "3.8.10", minimum required is "3") 
[0.745s] -- Using PYTHON_EXECUTABLE: /usr/bin/python3
[0.847s] -- Found rclcpp: 2.4.2 (/opt/ros/foxy/share/rclcpp/cmake)
[0.881s] -- Using all available rosidl_typesupport_c: rosidl_typesupport_fastrtps_c;rosidl_typesupport_introspection_c
[0.886s] -- Found rosidl_adapter: 1.3.0 (/opt/ros/foxy/share/rosidl_adapter/cmake)
[0.944s] -- Found OpenSSL: /usr/lib/x86_64-linux-gnu/libcrypto.so (found version "1.1.1f")  
[0.961s] -- Found FastRTPS: /opt/ros/foxy/include  
[1.008s] -- Using all available rosidl_typesupport_cpp: rosidl_typesupport_fastrtps_cpp;rosidl_typesupport_introspection_cpp
[1.045s] -- Found rmw_implementation_cmake: 1.0.3 (/opt/ros/foxy/share/rmw_implementation_cmake/cmake)
[1.046s] -- Using RMW implementation 'rmw_fastrtps_cpp' as default
[1.047s] -- Looking for pthread.h
[1.105s] -- Looking for pthread.h - found
[1.106s] -- Performing Test CMAKE_HAVE_LIBC_PTHREAD
[1.192s] -- Performing Test CMAKE_HAVE_LIBC_PTHREAD - Failed
[1.192s] -- Looking for pthread_create in pthreads
[1.253s] -- Looking for pthread_create in pthreads - not found
[1.254s] -- Looking for pthread_create in pthread
[1.335s] -- Looking for pthread_create in pthread - found
[1.336s] -- Found Threads: TRUE  
[1.430s] -- Found example_interfaces: 0.9.1 (/opt/ros/foxy/share/example_interfaces/cmake)
[1.497s] CMake Error at CMakeLists.txt:25 (ament_target_dependecies):
[1.497s]   Unknown CMake command "ament_target_dependecies".
[1.497s] 
[1.497s] 
[1.498s] -- Configuring incomplete, errors occurred!
[1.498s] See also "/home/max/Documents/GitHub/IR2117/ros2_ws/build/cpp_srvcli/CMakeFiles/CMakeOutput.log".
[1.498s] See also "/home/max/Documents/GitHub/IR2117/ros2_ws/build/cpp_srvcli/CMakeFiles/CMakeError.log".
[1.502s] Invoked command in '/home/max/Documents/GitHub/IR2117/ros2_ws/build/cpp_srvcli' returned '1': CMAKE_PREFIX_PATH=/opt/ros/foxy /usr/bin/cmake /home/max/Documents/GitHub/IR2117/ros2_ws/src/cpp_srvcli -DCMAKE_INSTALL_PREFIX=/home/max/Documents/GitHub/IR2117/ros2_ws/install/cpp_srvcli
