[0.007s] Invoking command in '/home/max/Documents/GitHub/IR2117/ros2_ws/src/build/action_tutorials_interfaces': CMAKE_PREFIX_PATH=/opt/ros/foxy /usr/bin/cmake /home/max/Documents/GitHub/IR2117/ros2_ws/src/action_tutorials_interfaces -DCMAKE_INSTALL_PREFIX=/home/max/Documents/GitHub/IR2117/ros2_ws/src/install/action_tutorials_interfaces
[0.043s] -- The C compiler identification is GNU 9.4.0
[0.089s] -- The CXX compiler identification is GNU 9.4.0
[0.092s] -- Check for working C compiler: /usr/bin/cc
[0.149s] -- Check for working C compiler: /usr/bin/cc -- works
[0.149s] -- Detecting C compiler ABI info
[0.252s] -- Detecting C compiler ABI info - done
[0.261s] -- Detecting C compile features
[0.261s] -- Detecting C compile features - done
[0.262s] -- Check for working CXX compiler: /usr/bin/c++
[0.315s] -- Check for working CXX compiler: /usr/bin/c++ -- works
[0.315s] -- Detecting CXX compiler ABI info
[0.381s] -- Detecting CXX compiler ABI info - done
[0.400s] -- Detecting CXX compile features
[0.400s] -- Detecting CXX compile features - done
[0.401s] -- Found ament_cmake: 0.9.11 (/opt/ros/foxy/share/ament_cmake/cmake)
[0.417s] -- Found PythonInterp: /usr/bin/python3 (found suitable version "3.8.10", minimum required is "3") 
[0.417s] -- Using PYTHON_EXECUTABLE: /usr/bin/python3
[0.509s] CMake Error at /opt/ros/foxy/share/ament_cmake_target_dependencies/cmake/ament_target_dependencies.cmake:77 (message):
[0.509s]   ament_target_dependencies() the passed package name 'rclcpp' was not found
[0.510s]   before
[0.510s] Call Stack (most recent call first):
[0.510s]   CMakeLists.txt:24 (ament_target_dependencies)
[0.510s] 
[0.510s] 
[0.510s] -- Configuring incomplete, errors occurred!
[0.510s] See also "/home/max/Documents/GitHub/IR2117/ros2_ws/src/build/action_tutorials_interfaces/CMakeFiles/CMakeOutput.log".
[0.513s] Invoked command in '/home/max/Documents/GitHub/IR2117/ros2_ws/src/build/action_tutorials_interfaces' returned '1': CMAKE_PREFIX_PATH=/opt/ros/foxy /usr/bin/cmake /home/max/Documents/GitHub/IR2117/ros2_ws/src/action_tutorials_interfaces -DCMAKE_INSTALL_PREFIX=/home/max/Documents/GitHub/IR2117/ros2_ws/src/install/action_tutorials_interfaces
