[0.008s] Invoking command in '/home/max/Documents/GitHub/IR2117/ros2_ws/src/build/olympic_interfaces': CMAKE_PREFIX_PATH=/opt/ros/foxy /usr/bin/cmake /home/max/Documents/GitHub/IR2117/ros2_ws/src/olympic_interfaces -DCMAKE_INSTALL_PREFIX=/home/max/Documents/GitHub/IR2117/ros2_ws/src/install/olympic_interfaces
[0.015s] -- Found ament_cmake: 0.9.11 (/opt/ros/foxy/share/ament_cmake/cmake)
[0.028s] -- Using PYTHON_EXECUTABLE: /usr/bin/python3
[0.111s] -- Found rclcpp: 2.4.2 (/opt/ros/foxy/share/rclcpp/cmake)
[0.129s] -- Using all available rosidl_typesupport_c: rosidl_typesupport_fastrtps_c;rosidl_typesupport_introspection_c
[0.131s] -- Found rosidl_adapter: 1.3.0 (/opt/ros/foxy/share/rosidl_adapter/cmake)
[0.194s] -- Using all available rosidl_typesupport_cpp: rosidl_typesupport_fastrtps_cpp;rosidl_typesupport_introspection_cpp
[0.219s] -- Found rmw_implementation_cmake: 1.0.3 (/opt/ros/foxy/share/rmw_implementation_cmake/cmake)
[0.220s] -- Using RMW implementation 'rmw_fastrtps_cpp' as default
[0.297s] -- Found rclcpp_action: 2.4.2 (/opt/ros/foxy/share/rclcpp_action/cmake)
[0.337s] CMake Error at /opt/ros/foxy/share/ament_cmake_target_dependencies/cmake/ament_target_dependencies.cmake:77 (message):
[0.337s]   ament_target_dependencies() the passed package name 'olympic_interfaces'
[0.337s]   was not found before
[0.337s] Call Stack (most recent call first):
[0.337s]   CMakeLists.txt:26 (ament_target_dependencies)
[0.337s] 
[0.337s] 
[0.337s] -- Configuring incomplete, errors occurred!
[0.337s] See also "/home/max/Documents/GitHub/IR2117/ros2_ws/src/build/olympic_interfaces/CMakeFiles/CMakeOutput.log".
[0.338s] See also "/home/max/Documents/GitHub/IR2117/ros2_ws/src/build/olympic_interfaces/CMakeFiles/CMakeError.log".
[0.342s] Invoked command in '/home/max/Documents/GitHub/IR2117/ros2_ws/src/build/olympic_interfaces' returned '1': CMAKE_PREFIX_PATH=/opt/ros/foxy /usr/bin/cmake /home/max/Documents/GitHub/IR2117/ros2_ws/src/olympic_interfaces -DCMAKE_INSTALL_PREFIX=/home/max/Documents/GitHub/IR2117/ros2_ws/src/install/olympic_interfaces
