[0.007s] Invoking command in '/home/max/Documents/GitHub/IR2117/ros2_ws/build/action_tutorials_interfaces': CMAKE_PREFIX_PATH=/opt/ros/foxy /usr/bin/cmake /home/max/Documents/GitHub/IR2117/ros2_ws/src/action_tutorials_interfaces -DCMAKE_INSTALL_PREFIX=/home/max/Documents/GitHub/IR2117/ros2_ws/install/action_tutorials_interfaces
[0.015s] -- Found ament_cmake: 0.9.11 (/opt/ros/foxy/share/ament_cmake/cmake)
[0.028s] -- Found PythonInterp: /usr/bin/python3 (found suitable version "3.8.10", minimum required is "3") 
[0.028s] -- Using PYTHON_EXECUTABLE: /usr/bin/python3
[0.107s] -- Found ament_lint_auto: 0.9.7 (/opt/ros/foxy/share/ament_lint_auto/cmake)
[0.139s] -- Found rosidl_default_generators: 1.0.1 (/opt/ros/foxy/share/rosidl_default_generators/cmake)
[0.139s] -- Using all available rosidl_typesupport_c: rosidl_typesupport_fastrtps_c;rosidl_typesupport_introspection_c
[0.141s] -- Found rosidl_adapter: 1.3.0 (/opt/ros/foxy/share/rosidl_adapter/cmake)
[0.211s] -- Using all available rosidl_typesupport_cpp: rosidl_typesupport_fastrtps_cpp;rosidl_typesupport_introspection_cpp
[0.235s] -- Found PythonInterp: /usr/bin/python3 (found version "3.8.10") 
[0.304s] -- Found ament_cmake_ros: 0.9.2 (/opt/ros/foxy/share/ament_cmake_ros/cmake)
[0.371s] -- Using all available rosidl_typesupport_c: rosidl_typesupport_fastrtps_c;rosidl_typesupport_introspection_c
[0.382s] -- Using all available rosidl_typesupport_cpp: rosidl_typesupport_fastrtps_cpp;rosidl_typesupport_introspection_cpp
[0.396s] -- Found PythonInterp: /usr/bin/python3 (found suitable version "3.8.10", minimum required is "3.5") 
[0.397s] -- Found python_cmake_module: 0.8.1 (/opt/ros/foxy/share/python_cmake_module/cmake)
[0.412s] -- Found PythonLibs: /usr/lib/x86_64-linux-gnu/libpython3.8.so (found suitable version "3.8.10", minimum required is "3.5") 
[0.412s] -- Using PYTHON_EXECUTABLE: /usr/bin/python3
[0.412s] -- Using PYTHON_INCLUDE_DIRS: /usr/include/python3.8
[0.412s] -- Using PYTHON_LIBRARIES: /usr/lib/x86_64-linux-gnu/libpython3.8.so
[0.425s] -- Found PythonExtra: .so  
[0.457s] -- Added test 'copyright' to check source files copyright and LICENSE
[0.458s] -- Added test 'lint_cmake' to check CMake code style
[0.459s] -- Added test 'xmllint' to check XML markup files
[0.462s] -- Configuring done
[0.485s] -- Generating done
[0.486s] -- Build files have been written to: /home/max/Documents/GitHub/IR2117/ros2_ws/build/action_tutorials_interfaces
[0.492s] Invoked command in '/home/max/Documents/GitHub/IR2117/ros2_ws/build/action_tutorials_interfaces' returned '0': CMAKE_PREFIX_PATH=/opt/ros/foxy /usr/bin/cmake /home/max/Documents/GitHub/IR2117/ros2_ws/src/action_tutorials_interfaces -DCMAKE_INSTALL_PREFIX=/home/max/Documents/GitHub/IR2117/ros2_ws/install/action_tutorials_interfaces
[0.492s] Invoking command in '/home/max/Documents/GitHub/IR2117/ros2_ws/build/action_tutorials_interfaces': CMAKE_PREFIX_PATH=/opt/ros/foxy /usr/bin/cmake --build /home/max/Documents/GitHub/IR2117/ros2_ws/build/action_tutorials_interfaces -- -j20 -l20
[0.513s] [35m[1mScanning dependencies of target action_tutorials_interfaces__cpp[0m
[0.513s] [  3%] [34m[1mGenerating C code for ROS interfaces[0m
[0.518s] [  6%] [34m[1mGenerating C++ code for ROS interfaces[0m
[0.693s] [  6%] Built target action_tutorials_interfaces__cpp
[0.698s] [  9%] [34m[1mGenerating C++ introspection for ROS interfaces[0m
[0.698s] [ 12%] [34m[1mGenerating C++ type support for eProsima Fast-RTPS[0m
[0.699s] [ 16%] [34m[1mGenerating C++ type support dispatch for ROS interfaces[0m
[0.700s] [35m[1mScanning dependencies of target action_tutorials_interfaces__rosidl_generator_c[0m
[0.707s] [ 19%] [32mBuilding C object CMakeFiles/action_tutorials_interfaces__rosidl_generator_c.dir/rosidl_generator_c/action_tutorials_interfaces/action/detail/fibonacci__functions.c.o[0m
[0.788s] [ 22%] [32m[1mLinking C shared library libaction_tutorials_interfaces__rosidl_generator_c.so[0m
[0.809s] [ 22%] Built target action_tutorials_interfaces__rosidl_generator_c
[0.815s] [ 25%] [34m[1mGenerating C introspection for ROS interfaces[0m
[0.815s] [ 29%] [34m[1mGenerating C type support dispatch for ROS interfaces[0m
[0.829s] [35m[1mScanning dependencies of target action_tutorials_interfaces__rosidl_typesupport_cpp[0m
[0.839s] [ 32%] [32mBuilding CXX object CMakeFiles/action_tutorials_interfaces__rosidl_typesupport_cpp.dir/rosidl_typesupport_cpp/action_tutorials_interfaces/action/fibonacci__type_support.cpp.o[0m
[0.850s] [35m[1mScanning dependencies of target action_tutorials_interfaces__rosidl_typesupport_introspection_cpp[0m
[0.858s] [ 35%] [32mBuilding CXX object CMakeFiles/action_tutorials_interfaces__rosidl_typesupport_introspection_cpp.dir/rosidl_typesupport_introspection_cpp/action_tutorials_interfaces/action/detail/fibonacci__type_support.cpp.o[0m
[0.878s] [35m[1mScanning dependencies of target action_tutorials_interfaces__rosidl_typesupport_fastrtps_cpp[0m
[0.890s] [ 38%] [32mBuilding CXX object CMakeFiles/action_tutorials_interfaces__rosidl_typesupport_fastrtps_cpp.dir/rosidl_typesupport_fastrtps_cpp/action_tutorials_interfaces/action/detail/dds_fastrtps/fibonacci__type_support.cpp.o[0m
[0.948s] [35m[1mScanning dependencies of target action_tutorials_interfaces__rosidl_typesupport_c[0m
[0.957s] [ 41%] [32mBuilding CXX object CMakeFiles/action_tutorials_interfaces__rosidl_typesupport_c.dir/rosidl_typesupport_c/action_tutorials_interfaces/action/fibonacci__type_support.cpp.o[0m
[0.984s] [ 45%] [32m[1mLinking CXX shared library libaction_tutorials_interfaces__rosidl_typesupport_c.so[0m
[0.984s] [35m[1mScanning dependencies of target action_tutorials_interfaces__rosidl_typesupport_introspection_c[0m
[0.993s] [ 48%] [32mBuilding C object CMakeFiles/action_tutorials_interfaces__rosidl_typesupport_introspection_c.dir/rosidl_typesupport_introspection_c/action_tutorials_interfaces/action/detail/fibonacci__type_support.c.o[0m
[0.999s] [ 51%] [32m[1mLinking CXX shared library libaction_tutorials_interfaces__rosidl_typesupport_cpp.so[0m
[1.007s] [ 51%] Built target action_tutorials_interfaces__rosidl_typesupport_c
[1.019s] [ 54%] [32m[1mLinking C shared library libaction_tutorials_interfaces__rosidl_typesupport_introspection_c.so[0m
[1.022s] [ 54%] Built target action_tutorials_interfaces__rosidl_typesupport_cpp
[1.037s] [ 54%] Built target action_tutorials_interfaces__rosidl_typesupport_introspection_c
[1.051s] [ 58%] [32m[1mLinking CXX shared library libaction_tutorials_interfaces__rosidl_typesupport_introspection_cpp.so[0m
[1.090s] [ 58%] Built target action_tutorials_interfaces__rosidl_typesupport_introspection_cpp
[1.147s] [ 61%] [32m[1mLinking CXX shared library libaction_tutorials_interfaces__rosidl_typesupport_fastrtps_cpp.so[0m
[1.193s] [ 61%] Built target action_tutorials_interfaces__rosidl_typesupport_fastrtps_cpp
[1.198s] [ 64%] [34m[1mGenerating C type support for eProsima Fast-RTPS[0m
[1.365s] [35m[1mScanning dependencies of target action_tutorials_interfaces__rosidl_typesupport_fastrtps_c[0m
[1.375s] [ 67%] [32mBuilding CXX object CMakeFiles/action_tutorials_interfaces__rosidl_typesupport_fastrtps_c.dir/rosidl_typesupport_fastrtps_c/action_tutorials_interfaces/action/detail/fibonacci__type_support_c.cpp.o[0m
[1.550s] [ 70%] [32m[1mLinking CXX shared library libaction_tutorials_interfaces__rosidl_typesupport_fastrtps_c.so[0m
[1.598s] [ 70%] Built target action_tutorials_interfaces__rosidl_typesupport_fastrtps_c
[1.603s] [35m[1mScanning dependencies of target action_tutorials_interfaces[0m
[1.609s] [ 70%] Built target action_tutorials_interfaces
[1.614s] [35m[1mScanning dependencies of target action_tutorials_interfaces__py[0m
[1.619s] [ 74%] [34m[1mGenerating Python code for ROS interfaces[0m
[1.973s] [ 74%] Built target action_tutorials_interfaces__py
[1.978s] [35m[1mScanning dependencies of target action_tutorials_interfaces__python[0m
[1.998s] [ 77%] [32mBuilding C object CMakeFiles/action_tutorials_interfaces__python.dir/rosidl_generator_py/action_tutorials_interfaces/action/_fibonacci_s.c.o[0m
[2.080s] [ 80%] [32m[1mLinking C shared library rosidl_generator_py/action_tutorials_interfaces/libaction_tutorials_interfaces__python.so[0m
[2.104s] [ 80%] Built target action_tutorials_interfaces__python
[2.110s] [35m[1mScanning dependencies of target action_tutorials_interfaces__rosidl_typesupport_fastrtps_c__pyext[0m
[2.110s] [35m[1mScanning dependencies of target action_tutorials_interfaces__rosidl_typesupport_c__pyext[0m
[2.110s] [35m[1mScanning dependencies of target action_tutorials_interfaces__rosidl_typesupport_introspection_c__pyext[0m
[2.119s] [ 83%] [32mBuilding C object CMakeFiles/action_tutorials_interfaces__rosidl_typesupport_c__pyext.dir/rosidl_generator_py/action_tutorials_interfaces/_action_tutorials_interfaces_s.ep.rosidl_typesupport_c.c.o[0m
[2.120s] [ 87%] [32mBuilding C object CMakeFiles/action_tutorials_interfaces__rosidl_typesupport_fastrtps_c__pyext.dir/rosidl_generator_py/action_tutorials_interfaces/_action_tutorials_interfaces_s.ep.rosidl_typesupport_fastrtps_c.c.o[0m
[2.120s] [ 90%] [32mBuilding C object CMakeFiles/action_tutorials_interfaces__rosidl_typesupport_introspection_c__pyext.dir/rosidl_generator_py/action_tutorials_interfaces/_action_tutorials_interfaces_s.ep.rosidl_typesupport_introspection_c.c.o[0m
[2.173s] [100%] [32m[1mLinking C shared library rosidl_generator_py/action_tutorials_interfaces/action_tutorials_interfaces_s__rosidl_typesupport_c.cpython-38-x86_64-linux-gnu.so[0m
[2.173s] [100%] [32m[1mLinking C shared library rosidl_generator_py/action_tutorials_interfaces/action_tutorials_interfaces_s__rosidl_typesupport_introspection_c.cpython-38-x86_64-linux-gnu.so[0m
[2.173s] [100%] [32m[1mLinking CXX shared library rosidl_generator_py/action_tutorials_interfaces/action_tutorials_interfaces_s__rosidl_typesupport_fastrtps_c.cpython-38-x86_64-linux-gnu.so[0m
[2.194s] [100%] Built target action_tutorials_interfaces__rosidl_typesupport_introspection_c__pyext
[2.194s] [100%] Built target action_tutorials_interfaces__rosidl_typesupport_c__pyext
[2.209s] [100%] Built target action_tutorials_interfaces__rosidl_typesupport_fastrtps_c__pyext
[2.217s] Invoked command in '/home/max/Documents/GitHub/IR2117/ros2_ws/build/action_tutorials_interfaces' returned '0': CMAKE_PREFIX_PATH=/opt/ros/foxy /usr/bin/cmake --build /home/max/Documents/GitHub/IR2117/ros2_ws/build/action_tutorials_interfaces -- -j20 -l20
[2.245s] Invoking command in '/home/max/Documents/GitHub/IR2117/ros2_ws/build/action_tutorials_interfaces': CMAKE_PREFIX_PATH=/opt/ros/foxy /usr/bin/cmake --install /home/max/Documents/GitHub/IR2117/ros2_ws/build/action_tutorials_interfaces
[2.250s] -- Install configuration: ""
[2.250s] -- Installing: /home/max/Documents/GitHub/IR2117/ros2_ws/install/action_tutorials_interfaces/share/ament_index/resource_index/rosidl_interfaces/action_tutorials_interfaces
[2.250s] -- Installing: /home/max/Documents/GitHub/IR2117/ros2_ws/install/action_tutorials_interfaces/include/action_tutorials_interfaces
[2.250s] -- Installing: /home/max/Documents/GitHub/IR2117/ros2_ws/install/action_tutorials_interfaces/include/action_tutorials_interfaces/action
[2.250s] -- Installing: /home/max/Documents/GitHub/IR2117/ros2_ws/install/action_tutorials_interfaces/include/action_tutorials_interfaces/action/detail
[2.250s] -- Installing: /home/max/Documents/GitHub/IR2117/ros2_ws/install/action_tutorials_interfaces/include/action_tutorials_interfaces/action/detail/fibonacci__functions.c
[2.250s] -- Installing: /home/max/Documents/GitHub/IR2117/ros2_ws/install/action_tutorials_interfaces/include/action_tutorials_interfaces/action/detail/fibonacci__struct.h
[2.250s] -- Installing: /home/max/Documents/GitHub/IR2117/ros2_ws/install/action_tutorials_interfaces/include/action_tutorials_interfaces/action/detail/fibonacci__functions.h
[2.250s] -- Installing: /home/max/Documents/GitHub/IR2117/ros2_ws/install/action_tutorials_interfaces/include/action_tutorials_interfaces/action/detail/fibonacci__type_support.h
[2.250s] -- Installing: /home/max/Documents/GitHub/IR2117/ros2_ws/install/action_tutorials_interfaces/include/action_tutorials_interfaces/action/fibonacci.h
[2.250s] -- Installing: /home/max/Documents/GitHub/IR2117/ros2_ws/install/action_tutorials_interfaces/include/action_tutorials_interfaces/msg
[2.250s] -- Installing: /home/max/Documents/GitHub/IR2117/ros2_ws/install/action_tutorials_interfaces/include/action_tutorials_interfaces/msg/rosidl_generator_c__visibility_control.h
[2.250s] -- Installing: /home/max/Documents/GitHub/IR2117/ros2_ws/install/action_tutorials_interfaces/share/action_tutorials_interfaces/environment/library_path.sh
[2.250s] -- Installing: /home/max/Documents/GitHub/IR2117/ros2_ws/install/action_tutorials_interfaces/share/action_tutorials_interfaces/environment/library_path.dsv
[2.250s] -- Installing: /home/max/Documents/GitHub/IR2117/ros2_ws/install/action_tutorials_interfaces/lib/libaction_tutorials_interfaces__rosidl_generator_c.so
[2.250s] -- Set runtime path of "/home/max/Documents/GitHub/IR2117/ros2_ws/install/action_tutorials_interfaces/lib/libaction_tutorials_interfaces__rosidl_generator_c.so" to ""
[2.250s] -- Up-to-date: /home/max/Documents/GitHub/IR2117/ros2_ws/install/action_tutorials_interfaces/include/action_tutorials_interfaces
[2.250s] -- Up-to-date: /home/max/Documents/GitHub/IR2117/ros2_ws/install/action_tutorials_interfaces/include/action_tutorials_interfaces/action
[2.250s] -- Up-to-date: /home/max/Documents/GitHub/IR2117/ros2_ws/install/action_tutorials_interfaces/include/action_tutorials_interfaces/action/detail
[2.251s] -- Installing: /home/max/Documents/GitHub/IR2117/ros2_ws/install/action_tutorials_interfaces/include/action_tutorials_interfaces/action/detail/fibonacci__rosidl_typesupport_fastrtps_c.h
[2.251s] -- Up-to-date: /home/max/Documents/GitHub/IR2117/ros2_ws/install/action_tutorials_interfaces/include/action_tutorials_interfaces/msg
[2.251s] -- Installing: /home/max/Documents/GitHub/IR2117/ros2_ws/install/action_tutorials_interfaces/include/action_tutorials_interfaces/msg/rosidl_typesupport_fastrtps_c__visibility_control.h
[2.251s] -- Installing: /home/max/Documents/GitHub/IR2117/ros2_ws/install/action_tutorials_interfaces/lib/libaction_tutorials_interfaces__rosidl_typesupport_fastrtps_c.so
[2.251s] -- Set runtime path of "/home/max/Documents/GitHub/IR2117/ros2_ws/install/action_tutorials_interfaces/lib/libaction_tutorials_interfaces__rosidl_typesupport_fastrtps_c.so" to ""
[2.251s] -- Up-to-date: /home/max/Documents/GitHub/IR2117/ros2_ws/install/action_tutorials_interfaces/include/action_tutorials_interfaces
[2.251s] -- Up-to-date: /home/max/Documents/GitHub/IR2117/ros2_ws/install/action_tutorials_interfaces/include/action_tutorials_interfaces/action
[2.251s] -- Up-to-date: /home/max/Documents/GitHub/IR2117/ros2_ws/install/action_tutorials_interfaces/include/action_tutorials_interfaces/action/detail
[2.251s] -- Installing: /home/max/Documents/GitHub/IR2117/ros2_ws/install/action_tutorials_interfaces/include/action_tutorials_interfaces/action/detail/dds_fastrtps
[2.251s] -- Installing: /home/max/Documents/GitHub/IR2117/ros2_ws/install/action_tutorials_interfaces/include/action_tutorials_interfaces/action/detail/fibonacci__rosidl_typesupport_fastrtps_cpp.hpp
[2.251s] -- Up-to-date: /home/max/Documents/GitHub/IR2117/ros2_ws/install/action_tutorials_interfaces/include/action_tutorials_interfaces/msg
[2.251s] -- Installing: /home/max/Documents/GitHub/IR2117/ros2_ws/install/action_tutorials_interfaces/include/action_tutorials_interfaces/msg/rosidl_typesupport_fastrtps_cpp__visibility_control.h
[2.251s] -- Installing: /home/max/Documents/GitHub/IR2117/ros2_ws/install/action_tutorials_interfaces/lib/libaction_tutorials_interfaces__rosidl_typesupport_fastrtps_cpp.so
[2.251s] -- Set runtime path of "/home/max/Documents/GitHub/IR2117/ros2_ws/install/action_tutorials_interfaces/lib/libaction_tutorials_interfaces__rosidl_typesupport_fastrtps_cpp.so" to ""
[2.251s] -- Up-to-date: /home/max/Documents/GitHub/IR2117/ros2_ws/install/action_tutorials_interfaces/include/action_tutorials_interfaces
[2.251s] -- Up-to-date: /home/max/Documents/GitHub/IR2117/ros2_ws/install/action_tutorials_interfaces/include/action_tutorials_interfaces/action
[2.251s] -- Up-to-date: /home/max/Documents/GitHub/IR2117/ros2_ws/install/action_tutorials_interfaces/include/action_tutorials_interfaces/action/detail
[2.251s] -- Installing: /home/max/Documents/GitHub/IR2117/ros2_ws/install/action_tutorials_interfaces/include/action_tutorials_interfaces/action/detail/fibonacci__rosidl_typesupport_introspection_c.h
[2.251s] -- Installing: /home/max/Documents/GitHub/IR2117/ros2_ws/install/action_tutorials_interfaces/include/action_tutorials_interfaces/action/detail/fibonacci__type_support.c
[2.251s] -- Up-to-date: /home/max/Documents/GitHub/IR2117/ros2_ws/install/action_tutorials_interfaces/include/action_tutorials_interfaces/msg
[2.252s] -- Installing: /home/max/Documents/GitHub/IR2117/ros2_ws/install/action_tutorials_interfaces/include/action_tutorials_interfaces/msg/rosidl_typesupport_introspection_c__visibility_control.h
[2.252s] -- Installing: /home/max/Documents/GitHub/IR2117/ros2_ws/install/action_tutorials_interfaces/lib/libaction_tutorials_interfaces__rosidl_typesupport_introspection_c.so
[2.252s] -- Set runtime path of "/home/max/Documents/GitHub/IR2117/ros2_ws/install/action_tutorials_interfaces/lib/libaction_tutorials_interfaces__rosidl_typesupport_introspection_c.so" to ""
[2.252s] -- Installing: /home/max/Documents/GitHub/IR2117/ros2_ws/install/action_tutorials_interfaces/lib/libaction_tutorials_interfaces__rosidl_typesupport_c.so
[2.252s] -- Set runtime path of "/home/max/Documents/GitHub/IR2117/ros2_ws/install/action_tutorials_interfaces/lib/libaction_tutorials_interfaces__rosidl_typesupport_c.so" to ""
[2.252s] -- Up-to-date: /home/max/Documents/GitHub/IR2117/ros2_ws/install/action_tutorials_interfaces/include/action_tutorials_interfaces
[2.252s] -- Up-to-date: /home/max/Documents/GitHub/IR2117/ros2_ws/install/action_tutorials_interfaces/include/action_tutorials_interfaces/action
[2.252s] -- Installing: /home/max/Documents/GitHub/IR2117/ros2_ws/install/action_tutorials_interfaces/include/action_tutorials_interfaces/action/fibonacci.hpp
[2.252s] -- Up-to-date: /home/max/Documents/GitHub/IR2117/ros2_ws/install/action_tutorials_interfaces/include/action_tutorials_interfaces/action/detail
[2.252s] -- Installing: /home/max/Documents/GitHub/IR2117/ros2_ws/install/action_tutorials_interfaces/include/action_tutorials_interfaces/action/detail/fibonacci__struct.hpp
[2.252s] -- Installing: /home/max/Documents/GitHub/IR2117/ros2_ws/install/action_tutorials_interfaces/include/action_tutorials_interfaces/action/detail/fibonacci__traits.hpp
[2.252s] -- Installing: /home/max/Documents/GitHub/IR2117/ros2_ws/install/action_tutorials_interfaces/include/action_tutorials_interfaces/action/detail/fibonacci__builder.hpp
[2.252s] -- Up-to-date: /home/max/Documents/GitHub/IR2117/ros2_ws/install/action_tutorials_interfaces/include/action_tutorials_interfaces
[2.252s] -- Up-to-date: /home/max/Documents/GitHub/IR2117/ros2_ws/install/action_tutorials_interfaces/include/action_tutorials_interfaces/action
[2.252s] -- Up-to-date: /home/max/Documents/GitHub/IR2117/ros2_ws/install/action_tutorials_interfaces/include/action_tutorials_interfaces/action/detail
[2.252s] -- Installing: /home/max/Documents/GitHub/IR2117/ros2_ws/install/action_tutorials_interfaces/include/action_tutorials_interfaces/action/detail/fibonacci__type_support.cpp
[2.252s] -- Installing: /home/max/Documents/GitHub/IR2117/ros2_ws/install/action_tutorials_interfaces/include/action_tutorials_interfaces/action/detail/fibonacci__rosidl_typesupport_introspection_cpp.hpp
[2.252s] -- Installing: /home/max/Documents/GitHub/IR2117/ros2_ws/install/action_tutorials_interfaces/lib/libaction_tutorials_interfaces__rosidl_typesupport_introspection_cpp.so
[2.253s] -- Set runtime path of "/home/max/Documents/GitHub/IR2117/ros2_ws/install/action_tutorials_interfaces/lib/libaction_tutorials_interfaces__rosidl_typesupport_introspection_cpp.so" to ""
[2.253s] -- Installing: /home/max/Documents/GitHub/IR2117/ros2_ws/install/action_tutorials_interfaces/lib/libaction_tutorials_interfaces__rosidl_typesupport_cpp.so
[2.253s] -- Set runtime path of "/home/max/Documents/GitHub/IR2117/ros2_ws/install/action_tutorials_interfaces/lib/libaction_tutorials_interfaces__rosidl_typesupport_cpp.so" to ""
[2.253s] -- Installing: /home/max/Documents/GitHub/IR2117/ros2_ws/install/action_tutorials_interfaces/share/action_tutorials_interfaces/environment/pythonpath.sh
[2.253s] -- Installing: /home/max/Documents/GitHub/IR2117/ros2_ws/install/action_tutorials_interfaces/share/action_tutorials_interfaces/environment/pythonpath.dsv
[2.253s] -- Installing: /home/max/Documents/GitHub/IR2117/ros2_ws/install/action_tutorials_interfaces/lib/python3.8/site-packages/action_tutorials_interfaces/__init__.py
[2.269s] Compiling '/home/max/Documents/GitHub/IR2117/ros2_ws/install/action_tutorials_interfaces/lib/python3.8/site-packages/action_tutorials_interfaces/__init__.py'...
[2.272s] -- Installing: /home/max/Documents/GitHub/IR2117/ros2_ws/install/action_tutorials_interfaces/lib/python3.8/site-packages/action_tutorials_interfaces/action
[2.272s] -- Installing: /home/max/Documents/GitHub/IR2117/ros2_ws/install/action_tutorials_interfaces/lib/python3.8/site-packages/action_tutorials_interfaces/action/_fibonacci_s.c
[2.272s] -- Installing: /home/max/Documents/GitHub/IR2117/ros2_ws/install/action_tutorials_interfaces/lib/python3.8/site-packages/action_tutorials_interfaces/action/__init__.py
[2.272s] -- Installing: /home/max/Documents/GitHub/IR2117/ros2_ws/install/action_tutorials_interfaces/lib/python3.8/site-packages/action_tutorials_interfaces/action/_fibonacci.py
[2.272s] -- Installing: /home/max/Documents/GitHub/IR2117/ros2_ws/install/action_tutorials_interfaces/lib/python3.8/site-packages/action_tutorials_interfaces/action_tutorials_interfaces_s__rosidl_typesupport_fastrtps_c.cpython-38-x86_64-linux-gnu.so
[2.272s] -- Set runtime path of "/home/max/Documents/GitHub/IR2117/ros2_ws/install/action_tutorials_interfaces/lib/python3.8/site-packages/action_tutorials_interfaces/action_tutorials_interfaces_s__rosidl_typesupport_fastrtps_c.cpython-38-x86_64-linux-gnu.so" to ""
[2.272s] -- Installing: /home/max/Documents/GitHub/IR2117/ros2_ws/install/action_tutorials_interfaces/lib/python3.8/site-packages/action_tutorials_interfaces/action_tutorials_interfaces_s__rosidl_typesupport_introspection_c.cpython-38-x86_64-linux-gnu.so
[2.273s] -- Set runtime path of "/home/max/Documents/GitHub/IR2117/ros2_ws/install/action_tutorials_interfaces/lib/python3.8/site-packages/action_tutorials_interfaces/action_tutorials_interfaces_s__rosidl_typesupport_introspection_c.cpython-38-x86_64-linux-gnu.so" to ""
[2.273s] -- Installing: /home/max/Documents/GitHub/IR2117/ros2_ws/install/action_tutorials_interfaces/lib/python3.8/site-packages/action_tutorials_interfaces/action_tutorials_interfaces_s__rosidl_typesupport_c.cpython-38-x86_64-linux-gnu.so
[2.273s] -- Set runtime path of "/home/max/Documents/GitHub/IR2117/ros2_ws/install/action_tutorials_interfaces/lib/python3.8/site-packages/action_tutorials_interfaces/action_tutorials_interfaces_s__rosidl_typesupport_c.cpython-38-x86_64-linux-gnu.so" to ""
[2.273s] -- Installing: /home/max/Documents/GitHub/IR2117/ros2_ws/install/action_tutorials_interfaces/lib/libaction_tutorials_interfaces__python.so
[2.273s] -- Set runtime path of "/home/max/Documents/GitHub/IR2117/ros2_ws/install/action_tutorials_interfaces/lib/libaction_tutorials_interfaces__python.so" to ""
[2.273s] -- Installing: /home/max/Documents/GitHub/IR2117/ros2_ws/install/action_tutorials_interfaces/share/action_tutorials_interfaces/action/Fibonacci.idl
[2.273s] -- Installing: /home/max/Documents/GitHub/IR2117/ros2_ws/install/action_tutorials_interfaces/share/action_tutorials_interfaces/action/Fibonacci.action
[2.274s] -- Installing: /home/max/Documents/GitHub/IR2117/ros2_ws/install/action_tutorials_interfaces/share/ament_index/resource_index/package_run_dependencies/action_tutorials_interfaces
[2.274s] -- Installing: /home/max/Documents/GitHub/IR2117/ros2_ws/install/action_tutorials_interfaces/share/ament_index/resource_index/parent_prefix_path/action_tutorials_interfaces
[2.274s] -- Installing: /home/max/Documents/GitHub/IR2117/ros2_ws/install/action_tutorials_interfaces/share/action_tutorials_interfaces/environment/ament_prefix_path.sh
[2.274s] -- Installing: /home/max/Documents/GitHub/IR2117/ros2_ws/install/action_tutorials_interfaces/share/action_tutorials_interfaces/environment/ament_prefix_path.dsv
[2.274s] -- Installing: /home/max/Documents/GitHub/IR2117/ros2_ws/install/action_tutorials_interfaces/share/action_tutorials_interfaces/environment/path.sh
[2.274s] -- Installing: /home/max/Documents/GitHub/IR2117/ros2_ws/install/action_tutorials_interfaces/share/action_tutorials_interfaces/environment/path.dsv
[2.274s] -- Installing: /home/max/Documents/GitHub/IR2117/ros2_ws/install/action_tutorials_interfaces/share/action_tutorials_interfaces/local_setup.bash
[2.274s] -- Installing: /home/max/Documents/GitHub/IR2117/ros2_ws/install/action_tutorials_interfaces/share/action_tutorials_interfaces/local_setup.sh
[2.274s] -- Installing: /home/max/Documents/GitHub/IR2117/ros2_ws/install/action_tutorials_interfaces/share/action_tutorials_interfaces/local_setup.zsh
[2.274s] -- Installing: /home/max/Documents/GitHub/IR2117/ros2_ws/install/action_tutorials_interfaces/share/action_tutorials_interfaces/local_setup.dsv
[2.274s] -- Installing: /home/max/Documents/GitHub/IR2117/ros2_ws/install/action_tutorials_interfaces/share/action_tutorials_interfaces/package.dsv
[2.274s] -- Installing: /home/max/Documents/GitHub/IR2117/ros2_ws/install/action_tutorials_interfaces/share/ament_index/resource_index/packages/action_tutorials_interfaces
[2.274s] -- Installing: /home/max/Documents/GitHub/IR2117/ros2_ws/install/action_tutorials_interfaces/share/action_tutorials_interfaces/cmake/action_tutorials_interfaces__rosidl_generator_cExport.cmake
[2.274s] -- Installing: /home/max/Documents/GitHub/IR2117/ros2_ws/install/action_tutorials_interfaces/share/action_tutorials_interfaces/cmake/action_tutorials_interfaces__rosidl_generator_cExport-noconfig.cmake
[2.274s] -- Installing: /home/max/Documents/GitHub/IR2117/ros2_ws/install/action_tutorials_interfaces/share/action_tutorials_interfaces/cmake/action_tutorials_interfaces__rosidl_typesupport_introspection_cExport.cmake
[2.274s] -- Installing: /home/max/Documents/GitHub/IR2117/ros2_ws/install/action_tutorials_interfaces/share/action_tutorials_interfaces/cmake/action_tutorials_interfaces__rosidl_typesupport_introspection_cExport-noconfig.cmake
[2.274s] -- Installing: /home/max/Documents/GitHub/IR2117/ros2_ws/install/action_tutorials_interfaces/share/action_tutorials_interfaces/cmake/action_tutorials_interfaces__rosidl_typesupport_cExport.cmake
[2.274s] -- Installing: /home/max/Documents/GitHub/IR2117/ros2_ws/install/action_tutorials_interfaces/share/action_tutorials_interfaces/cmake/action_tutorials_interfaces__rosidl_typesupport_cExport-noconfig.cmake
[2.275s] -- Installing: /home/max/Documents/GitHub/IR2117/ros2_ws/install/action_tutorials_interfaces/share/action_tutorials_interfaces/cmake/action_tutorials_interfaces__rosidl_generator_cppExport.cmake
[2.275s] -- Installing: /home/max/Documents/GitHub/IR2117/ros2_ws/install/action_tutorials_interfaces/share/action_tutorials_interfaces/cmake/action_tutorials_interfaces__rosidl_typesupport_introspection_cppExport.cmake
[2.275s] -- Installing: /home/max/Documents/GitHub/IR2117/ros2_ws/install/action_tutorials_interfaces/share/action_tutorials_interfaces/cmake/action_tutorials_interfaces__rosidl_typesupport_introspection_cppExport-noconfig.cmake
[2.275s] -- Installing: /home/max/Documents/GitHub/IR2117/ros2_ws/install/action_tutorials_interfaces/share/action_tutorials_interfaces/cmake/action_tutorials_interfaces__rosidl_typesupport_cppExport.cmake
[2.275s] -- Installing: /home/max/Documents/GitHub/IR2117/ros2_ws/install/action_tutorials_interfaces/share/action_tutorials_interfaces/cmake/action_tutorials_interfaces__rosidl_typesupport_cppExport-noconfig.cmake
[2.275s] -- Installing: /home/max/Documents/GitHub/IR2117/ros2_ws/install/action_tutorials_interfaces/share/action_tutorials_interfaces/cmake/rosidl_cmake-extras.cmake
[2.275s] -- Installing: /home/max/Documents/GitHub/IR2117/ros2_ws/install/action_tutorials_interfaces/share/action_tutorials_interfaces/cmake/ament_cmake_export_dependencies-extras.cmake
[2.275s] -- Installing: /home/max/Documents/GitHub/IR2117/ros2_ws/install/action_tutorials_interfaces/share/action_tutorials_interfaces/cmake/ament_cmake_export_libraries-extras.cmake
[2.275s] -- Installing: /home/max/Documents/GitHub/IR2117/ros2_ws/install/action_tutorials_interfaces/share/action_tutorials_interfaces/cmake/ament_cmake_export_targets-extras.cmake
[2.275s] -- Installing: /home/max/Documents/GitHub/IR2117/ros2_ws/install/action_tutorials_interfaces/share/action_tutorials_interfaces/cmake/ament_cmake_export_include_directories-extras.cmake
[2.275s] -- Installing: /home/max/Documents/GitHub/IR2117/ros2_ws/install/action_tutorials_interfaces/share/action_tutorials_interfaces/cmake/rosidl_cmake_export_typesupport_libraries-extras.cmake
[2.275s] -- Installing: /home/max/Documents/GitHub/IR2117/ros2_ws/install/action_tutorials_interfaces/share/action_tutorials_interfaces/cmake/rosidl_cmake_export_typesupport_targets-extras.cmake
[2.275s] -- Installing: /home/max/Documents/GitHub/IR2117/ros2_ws/install/action_tutorials_interfaces/share/action_tutorials_interfaces/cmake/action_tutorials_interfacesConfig.cmake
[2.275s] -- Installing: /home/max/Documents/GitHub/IR2117/ros2_ws/install/action_tutorials_interfaces/share/action_tutorials_interfaces/cmake/action_tutorials_interfacesConfig-version.cmake
[2.275s] -- Installing: /home/max/Documents/GitHub/IR2117/ros2_ws/install/action_tutorials_interfaces/share/action_tutorials_interfaces/package.xml
[2.277s] Invoked command in '/home/max/Documents/GitHub/IR2117/ros2_ws/build/action_tutorials_interfaces' returned '0': CMAKE_PREFIX_PATH=/opt/ros/foxy /usr/bin/cmake --install /home/max/Documents/GitHub/IR2117/ros2_ws/build/action_tutorials_interfaces
