[35m[1mScanning dependencies of target rings[0m
[ 50%] [32mBuilding CXX object CMakeFiles/rings.dir/src/rings.cpp.o[0m
[01m[K/home/max/Documents/GitHub/IR2117/tb3_ws/olympic/src/rings.cpp:[m[K In function ‘[01m[Kint main(int, char**)[m[K’:
[01m[K/home/max/Documents/GitHub/IR2117/tb3_ws/olympic/src/rings.cpp:26:27:[m[K [01;35m[Kwarning: [m[Ksuggest parentheses around ‘[01m[K&&[m[K’ within ‘[01m[K||[m[K’ [[01;35m[K-Wparentheses[m[K]
   26 |    while([01;35m[K(ini_x != pos_x) and (ini_y != pos_y)[m[K or (pos_vel == 0.0)){
      |          [01;35m[K~~~~~~~~~~~~~~~~~^~~~~~~~~~~~~~~~~~~~[m[K
[100%] [32m[1mLinking CXX executable rings[0m
[100%] Built target rings
-- Install configuration: ""
-- Installing: /home/max/Documents/GitHub/IR2117/tb3_ws/install/olympic/lib/olympic/rings
-- Set runtime path of "/home/max/Documents/GitHub/IR2117/tb3_ws/install/olympic/lib/olympic/rings" to ""
-- Up-to-date: /home/max/Documents/GitHub/IR2117/tb3_ws/install/olympic/share/ament_index/resource_index/package_run_dependencies/olympic
-- Up-to-date: /home/max/Documents/GitHub/IR2117/tb3_ws/install/olympic/share/ament_index/resource_index/parent_prefix_path/olympic
-- Up-to-date: /home/max/Documents/GitHub/IR2117/tb3_ws/install/olympic/share/olympic/environment/ament_prefix_path.sh
-- Up-to-date: /home/max/Documents/GitHub/IR2117/tb3_ws/install/olympic/share/olympic/environment/ament_prefix_path.dsv
-- Up-to-date: /home/max/Documents/GitHub/IR2117/tb3_ws/install/olympic/share/olympic/environment/path.sh
-- Up-to-date: /home/max/Documents/GitHub/IR2117/tb3_ws/install/olympic/share/olympic/environment/path.dsv
-- Up-to-date: /home/max/Documents/GitHub/IR2117/tb3_ws/install/olympic/share/olympic/local_setup.bash
-- Up-to-date: /home/max/Documents/GitHub/IR2117/tb3_ws/install/olympic/share/olympic/local_setup.sh
-- Up-to-date: /home/max/Documents/GitHub/IR2117/tb3_ws/install/olympic/share/olympic/local_setup.zsh
-- Up-to-date: /home/max/Documents/GitHub/IR2117/tb3_ws/install/olympic/share/olympic/local_setup.dsv
-- Installing: /home/max/Documents/GitHub/IR2117/tb3_ws/install/olympic/share/olympic/package.dsv
-- Up-to-date: /home/max/Documents/GitHub/IR2117/tb3_ws/install/olympic/share/ament_index/resource_index/packages/olympic
-- Up-to-date: /home/max/Documents/GitHub/IR2117/tb3_ws/install/olympic/share/olympic/cmake/olympicConfig.cmake
-- Up-to-date: /home/max/Documents/GitHub/IR2117/tb3_ws/install/olympic/share/olympic/cmake/olympicConfig-version.cmake
-- Up-to-date: /home/max/Documents/GitHub/IR2117/tb3_ws/install/olympic/share/olympic/package.xml
