[0.007s] Invoking command in '/home/max/Documents/GitHub/IR2117/tb3_ws/build/olympic': CMAKE_PREFIX_PATH=${CMAKE_PREFIX_PATH}:/opt/ros/foxy /usr/bin/cmake --build /home/max/Documents/GitHub/IR2117/tb3_ws/build/olympic -- -j20 -l20
[0.031s] [35m[1mScanning dependencies of target rings[0m
[0.043s] [ 50%] [32mBuilding CXX object CMakeFiles/rings.dir/src/rings.cpp.o[0m
[0.605s] [01m[K/home/max/Documents/GitHub/IR2117/tb3_ws/olympic/src/rings.cpp:[m[K In function ‘[01m[Kint main(int, char**)[m[K’:
[0.605s] [01m[K/home/max/Documents/GitHub/IR2117/tb3_ws/olympic/src/rings.cpp:26:27:[m[K [01;35m[Kwarning: [m[Ksuggest parentheses around ‘[01m[K&&[m[K’ within ‘[01m[K||[m[K’ [[01;35m[K-Wparentheses[m[K]
[0.605s]    26 |    while([01;35m[K(ini_x != pos_x) and (ini_y != pos_y)[m[K or (pos_vel == 0.0)){
[0.605s]       |          [01;35m[K~~~~~~~~~~~~~~~~~^~~~~~~~~~~~~~~~~~~~[m[K
[2.464s] [100%] [32m[1mLinking CXX executable rings[0m
[2.588s] [100%] Built target rings
[2.595s] Invoked command in '/home/max/Documents/GitHub/IR2117/tb3_ws/build/olympic' returned '0': CMAKE_PREFIX_PATH=${CMAKE_PREFIX_PATH}:/opt/ros/foxy /usr/bin/cmake --build /home/max/Documents/GitHub/IR2117/tb3_ws/build/olympic -- -j20 -l20
[2.618s] Invoking command in '/home/max/Documents/GitHub/IR2117/tb3_ws/build/olympic': CMAKE_PREFIX_PATH=${CMAKE_PREFIX_PATH}:/opt/ros/foxy /usr/bin/cmake --install /home/max/Documents/GitHub/IR2117/tb3_ws/build/olympic
[2.622s] -- Install configuration: ""
[2.622s] -- Installing: /home/max/Documents/GitHub/IR2117/tb3_ws/install/olympic/lib/olympic/rings
[2.623s] -- Set runtime path of "/home/max/Documents/GitHub/IR2117/tb3_ws/install/olympic/lib/olympic/rings" to ""
[2.623s] -- Up-to-date: /home/max/Documents/GitHub/IR2117/tb3_ws/install/olympic/share/ament_index/resource_index/package_run_dependencies/olympic
[2.623s] -- Up-to-date: /home/max/Documents/GitHub/IR2117/tb3_ws/install/olympic/share/ament_index/resource_index/parent_prefix_path/olympic
[2.623s] -- Up-to-date: /home/max/Documents/GitHub/IR2117/tb3_ws/install/olympic/share/olympic/environment/ament_prefix_path.sh
[2.624s] -- Up-to-date: /home/max/Documents/GitHub/IR2117/tb3_ws/install/olympic/share/olympic/environment/ament_prefix_path.dsv
[2.624s] -- Up-to-date: /home/max/Documents/GitHub/IR2117/tb3_ws/install/olympic/share/olympic/environment/path.sh
[2.624s] -- Up-to-date: /home/max/Documents/GitHub/IR2117/tb3_ws/install/olympic/share/olympic/environment/path.dsv
[2.624s] -- Up-to-date: /home/max/Documents/GitHub/IR2117/tb3_ws/install/olympic/share/olympic/local_setup.bash
[2.624s] -- Up-to-date: /home/max/Documents/GitHub/IR2117/tb3_ws/install/olympic/share/olympic/local_setup.sh
[2.624s] -- Up-to-date: /home/max/Documents/GitHub/IR2117/tb3_ws/install/olympic/share/olympic/local_setup.zsh
[2.624s] -- Up-to-date: /home/max/Documents/GitHub/IR2117/tb3_ws/install/olympic/share/olympic/local_setup.dsv
[2.624s] -- Installing: /home/max/Documents/GitHub/IR2117/tb3_ws/install/olympic/share/olympic/package.dsv
[2.624s] -- Up-to-date: /home/max/Documents/GitHub/IR2117/tb3_ws/install/olympic/share/ament_index/resource_index/packages/olympic
[2.624s] -- Up-to-date: /home/max/Documents/GitHub/IR2117/tb3_ws/install/olympic/share/olympic/cmake/olympicConfig.cmake
[2.624s] -- Up-to-date: /home/max/Documents/GitHub/IR2117/tb3_ws/install/olympic/share/olympic/cmake/olympicConfig-version.cmake
[2.624s] -- Up-to-date: /home/max/Documents/GitHub/IR2117/tb3_ws/install/olympic/share/olympic/package.xml
[2.625s] Invoked command in '/home/max/Documents/GitHub/IR2117/tb3_ws/build/olympic' returned '0': CMAKE_PREFIX_PATH=${CMAKE_PREFIX_PATH}:/opt/ros/foxy /usr/bin/cmake --install /home/max/Documents/GitHub/IR2117/tb3_ws/build/olympic
