[0.008s] Invoking command in '/home/max/Documents/GitHub/IR2117/tb3_ws/obstacles/build/obstacles': CMAKE_PREFIX_PATH=/opt/ros/foxy /usr/bin/cmake --build /home/max/Documents/GitHub/IR2117/tb3_ws/obstacles/build/obstacles -- -j20 -l20
[0.031s] [35m[1mScanning dependencies of target avoidance[0m
[0.042s] [ 50%] Built target detector
[0.043s] [ 75%] [32mBuilding CXX object CMakeFiles/avoidance.dir/src/avoidance.cpp.o[0m
[1.355s] [100%] [32m[1mLinking CXX executable avoidance[0m
[1.436s] [100%] Built target avoidance
[1.443s] Invoked command in '/home/max/Documents/GitHub/IR2117/tb3_ws/obstacles/build/obstacles' returned '0': CMAKE_PREFIX_PATH=/opt/ros/foxy /usr/bin/cmake --build /home/max/Documents/GitHub/IR2117/tb3_ws/obstacles/build/obstacles -- -j20 -l20
[1.460s] Invoking command in '/home/max/Documents/GitHub/IR2117/tb3_ws/obstacles/build/obstacles': CMAKE_PREFIX_PATH=/opt/ros/foxy /usr/bin/cmake --install /home/max/Documents/GitHub/IR2117/tb3_ws/obstacles/build/obstacles
[1.464s] -- Install configuration: ""
[1.464s] -- Installing: /home/max/Documents/GitHub/IR2117/tb3_ws/obstacles/install/obstacles/lib/obstacles/detector
[1.465s] -- Set runtime path of "/home/max/Documents/GitHub/IR2117/tb3_ws/obstacles/install/obstacles/lib/obstacles/detector" to ""
[1.465s] -- Installing: /home/max/Documents/GitHub/IR2117/tb3_ws/obstacles/install/obstacles/lib/obstacles/avoidance
[1.465s] -- Set runtime path of "/home/max/Documents/GitHub/IR2117/tb3_ws/obstacles/install/obstacles/lib/obstacles/avoidance" to ""
[1.465s] -- Installing: /home/max/Documents/GitHub/IR2117/tb3_ws/obstacles/install/obstacles/share/obstacles/launch
[1.465s] -- Installing: /home/max/Documents/GitHub/IR2117/tb3_ws/obstacles/install/obstacles/share/obstacles/launch/triple_detector.py
[1.466s] -- Installing: /home/max/Documents/GitHub/IR2117/tb3_ws/obstacles/install/obstacles/share/obstacles/launch/detector_test.launch.py
[1.466s] -- Installing: /home/max/Documents/GitHub/IR2117/tb3_ws/obstacles/install/obstacles/share/ament_index/resource_index/package_run_dependencies/obstacles
[1.466s] -- Installing: /home/max/Documents/GitHub/IR2117/tb3_ws/obstacles/install/obstacles/share/ament_index/resource_index/parent_prefix_path/obstacles
[1.466s] -- Installing: /home/max/Documents/GitHub/IR2117/tb3_ws/obstacles/install/obstacles/share/obstacles/environment/ament_prefix_path.sh
[1.466s] -- Installing: /home/max/Documents/GitHub/IR2117/tb3_ws/obstacles/install/obstacles/share/obstacles/environment/ament_prefix_path.dsv
[1.466s] -- Installing: /home/max/Documents/GitHub/IR2117/tb3_ws/obstacles/install/obstacles/share/obstacles/environment/path.sh
[1.466s] -- Installing: /home/max/Documents/GitHub/IR2117/tb3_ws/obstacles/install/obstacles/share/obstacles/environment/path.dsv
[1.466s] -- Installing: /home/max/Documents/GitHub/IR2117/tb3_ws/obstacles/install/obstacles/share/obstacles/local_setup.bash
[1.466s] -- Installing: /home/max/Documents/GitHub/IR2117/tb3_ws/obstacles/install/obstacles/share/obstacles/local_setup.sh
[1.466s] -- Installing: /home/max/Documents/GitHub/IR2117/tb3_ws/obstacles/install/obstacles/share/obstacles/local_setup.zsh
[1.466s] -- Installing: /home/max/Documents/GitHub/IR2117/tb3_ws/obstacles/install/obstacles/share/obstacles/local_setup.dsv
[1.466s] -- Installing: /home/max/Documents/GitHub/IR2117/tb3_ws/obstacles/install/obstacles/share/obstacles/package.dsv
[1.466s] -- Installing: /home/max/Documents/GitHub/IR2117/tb3_ws/obstacles/install/obstacles/share/ament_index/resource_index/packages/obstacles
[1.466s] -- Installing: /home/max/Documents/GitHub/IR2117/tb3_ws/obstacles/install/obstacles/share/obstacles/cmake/obstaclesConfig.cmake
[1.466s] -- Installing: /home/max/Documents/GitHub/IR2117/tb3_ws/obstacles/install/obstacles/share/obstacles/cmake/obstaclesConfig-version.cmake
[1.466s] -- Installing: /home/max/Documents/GitHub/IR2117/tb3_ws/obstacles/install/obstacles/share/obstacles/package.xml
[1.467s] Invoked command in '/home/max/Documents/GitHub/IR2117/tb3_ws/obstacles/build/obstacles' returned '0': CMAKE_PREFIX_PATH=/opt/ros/foxy /usr/bin/cmake --install /home/max/Documents/GitHub/IR2117/tb3_ws/obstacles/build/obstacles
