[35m[1mScanning dependencies of target avoidance[0m
[ 50%] Built target detector
[ 75%] [32mBuilding CXX object CMakeFiles/avoidance.dir/src/avoidance.cpp.o[0m
[01m[K/home/max/Documents/GitHub/IR2117/tb3_ws/obstacles/src/avoidance.cpp:[m[K In function ‘[01m[Kint main(int, char**)[m[K’:
[01m[K/home/max/Documents/GitHub/IR2117/tb3_ws/obstacles/src/avoidance.cpp:45:17:[m[K [01;35m[Kwarning: [m[Kleft operand of comma operator has no effect [[01;35m[K-Wunused-value[m[K]
   45 |                 [01;35m[Kturn_left[m[K, turn_right,rd = false,false,false;
      |                 [01;35m[K^~~~~~~~~[m[K
[01m[K/home/max/Documents/GitHub/IR2117/tb3_ws/obstacles/src/avoidance.cpp:45:44:[m[K [01;35m[Kwarning: [m[Kright operand of comma operator has no effect [[01;35m[K-Wunused-value[m[K]
   45 |                 turn_left, turn_right,rd = [01;35m[Kfalse[m[K,false,false;
      |                                            [01;35m[K^~~~~[m[K
[01m[K/home/max/Documents/GitHub/IR2117/tb3_ws/obstacles/src/avoidance.cpp:45:56:[m[K [01;35m[Kwarning: [m[Kright operand of comma operator has no effect [[01;35m[K-Wunused-value[m[K]
   45 |                 turn_left, turn_right,rd = false,false,[01;35m[Kfalse[m[K;
      |                                                        [01;35m[K^~~~~[m[K
[01m[K/home/max/Documents/GitHub/IR2117/tb3_ws/obstacles/src/avoidance.cpp:45:61:[m[K [01;35m[Kwarning: [m[Kright operand of comma operator has no effect [[01;35m[K-Wunused-value[m[K]
   45 |                 turn_left, turn_right,rd = false,false,false[01;35m[K;[m[K
      |                                                             [01;35m[K^[m[K
[100%] [32m[1mLinking CXX executable avoidance[0m
[100%] Built target avoidance
-- Install configuration: ""
-- Up-to-date: /home/max/Documents/GitHub/IR2117/tb3_ws/install/obstacles/lib/obstacles/detector
-- Installing: /home/max/Documents/GitHub/IR2117/tb3_ws/install/obstacles/lib/obstacles/avoidance
-- Set runtime path of "/home/max/Documents/GitHub/IR2117/tb3_ws/install/obstacles/lib/obstacles/avoidance" to ""
-- Up-to-date: /home/max/Documents/GitHub/IR2117/tb3_ws/install/obstacles/share/obstacles/launch
-- Up-to-date: /home/max/Documents/GitHub/IR2117/tb3_ws/install/obstacles/share/obstacles/launch/triple_detector_weebots.launch.py
-- Up-to-date: /home/max/Documents/GitHub/IR2117/tb3_ws/install/obstacles/share/obstacles/launch/triple_detector.launch.py
-- Up-to-date: /home/max/Documents/GitHub/IR2117/tb3_ws/install/obstacles/share/obstacles/launch/detector_test.launch.py
-- Up-to-date: /home/max/Documents/GitHub/IR2117/tb3_ws/install/obstacles/share/ament_index/resource_index/package_run_dependencies/obstacles
-- Up-to-date: /home/max/Documents/GitHub/IR2117/tb3_ws/install/obstacles/share/ament_index/resource_index/parent_prefix_path/obstacles
-- Up-to-date: /home/max/Documents/GitHub/IR2117/tb3_ws/install/obstacles/share/obstacles/environment/ament_prefix_path.sh
-- Up-to-date: /home/max/Documents/GitHub/IR2117/tb3_ws/install/obstacles/share/obstacles/environment/ament_prefix_path.dsv
-- Up-to-date: /home/max/Documents/GitHub/IR2117/tb3_ws/install/obstacles/share/obstacles/environment/path.sh
-- Up-to-date: /home/max/Documents/GitHub/IR2117/tb3_ws/install/obstacles/share/obstacles/environment/path.dsv
-- Up-to-date: /home/max/Documents/GitHub/IR2117/tb3_ws/install/obstacles/share/obstacles/local_setup.bash
-- Up-to-date: /home/max/Documents/GitHub/IR2117/tb3_ws/install/obstacles/share/obstacles/local_setup.sh
-- Up-to-date: /home/max/Documents/GitHub/IR2117/tb3_ws/install/obstacles/share/obstacles/local_setup.zsh
-- Up-to-date: /home/max/Documents/GitHub/IR2117/tb3_ws/install/obstacles/share/obstacles/local_setup.dsv
-- Installing: /home/max/Documents/GitHub/IR2117/tb3_ws/install/obstacles/share/obstacles/package.dsv
-- Up-to-date: /home/max/Documents/GitHub/IR2117/tb3_ws/install/obstacles/share/ament_index/resource_index/packages/obstacles
-- Up-to-date: /home/max/Documents/GitHub/IR2117/tb3_ws/install/obstacles/share/obstacles/cmake/obstaclesConfig.cmake
-- Up-to-date: /home/max/Documents/GitHub/IR2117/tb3_ws/install/obstacles/share/obstacles/cmake/obstaclesConfig-version.cmake
-- Up-to-date: /home/max/Documents/GitHub/IR2117/tb3_ws/install/obstacles/share/obstacles/package.xml
