[35m[1mScanning dependencies of target sum[0m
[ 50%] [32mBuilding CXX object CMakeFiles/sum.dir/sum.cpp.o[0m
[100%] [32m[1mLinking CXX executable sum[0m
[100%] Built target sum
-- Install configuration: ""
-- Installing: /home/max/Documents/GitHub/IR2117/ros2_ws/install/examples_sum/lib/examples_sum/sum
-- Set runtime path of "/home/max/Documents/GitHub/IR2117/ros2_ws/install/examples_sum/lib/examples_sum/sum" to ""
-- Up-to-date: /home/max/Documents/GitHub/IR2117/ros2_ws/install/examples_sum/share/ament_index/resource_index/package_run_dependencies/examples_sum
-- Up-to-date: /home/max/Documents/GitHub/IR2117/ros2_ws/install/examples_sum/share/ament_index/resource_index/parent_prefix_path/examples_sum
-- Up-to-date: /home/max/Documents/GitHub/IR2117/ros2_ws/install/examples_sum/share/examples_sum/environment/ament_prefix_path.sh
-- Up-to-date: /home/max/Documents/GitHub/IR2117/ros2_ws/install/examples_sum/share/examples_sum/environment/ament_prefix_path.dsv
-- Up-to-date: /home/max/Documents/GitHub/IR2117/ros2_ws/install/examples_sum/share/examples_sum/environment/path.sh
-- Up-to-date: /home/max/Documents/GitHub/IR2117/ros2_ws/install/examples_sum/share/examples_sum/environment/path.dsv
-- Up-to-date: /home/max/Documents/GitHub/IR2117/ros2_ws/install/examples_sum/share/examples_sum/local_setup.bash
-- Up-to-date: /home/max/Documents/GitHub/IR2117/ros2_ws/install/examples_sum/share/examples_sum/local_setup.sh
-- Up-to-date: /home/max/Documents/GitHub/IR2117/ros2_ws/install/examples_sum/share/examples_sum/local_setup.zsh
-- Up-to-date: /home/max/Documents/GitHub/IR2117/ros2_ws/install/examples_sum/share/examples_sum/local_setup.dsv
-- Installing: /home/max/Documents/GitHub/IR2117/ros2_ws/install/examples_sum/share/examples_sum/package.dsv
-- Up-to-date: /home/max/Documents/GitHub/IR2117/ros2_ws/install/examples_sum/share/ament_index/resource_index/packages/examples_sum
-- Up-to-date: /home/max/Documents/GitHub/IR2117/ros2_ws/install/examples_sum/share/examples_sum/cmake/examples_sumConfig.cmake
-- Up-to-date: /home/max/Documents/GitHub/IR2117/ros2_ws/install/examples_sum/share/examples_sum/cmake/examples_sumConfig-version.cmake
-- Up-to-date: /home/max/Documents/GitHub/IR2117/ros2_ws/install/examples_sum/share/examples_sum/package.xml
