[0.135s] DEBUG:colcon:Command line arguments: ['/usr/bin/colcon', 'build']
[0.135s] DEBUG:colcon:Parsed command line arguments: Namespace(allow_overriding=[], ament_cmake_args=None, base_paths=['.'], build_base='build', catkin_cmake_args=None, catkin_skip_building_tests=False, cmake_args=None, cmake_clean_cache=False, cmake_clean_first=False, cmake_force_configure=False, cmake_target=None, cmake_target_skip_unavailable=False, continue_on_error=False, event_handlers=None, executor='parallel', ignore_user_meta=False, install_base='install', log_base=None, log_level=None, main=<bound method BuildVerb.main of <colcon_core.verb.build.BuildVerb object at 0x7fec214b8760>>, merge_install=False, metas=['./colcon.meta'], packages_above=None, packages_above_and_dependencies=None, packages_above_depth=None, packages_end=None, packages_ignore=None, packages_ignore_regex=None, packages_select=None, packages_select_build_failed=False, packages_select_by_dep=None, packages_select_regex=None, packages_select_test_failures=False, packages_skip=None, packages_skip_build_finished=False, packages_skip_by_dep=None, packages_skip_regex=None, packages_skip_test_passed=False, packages_skip_up_to=None, packages_start=None, packages_up_to=None, packages_up_to_regex=None, parallel_workers=20, paths=None, symlink_install=False, test_result_base=None, verb_extension=<colcon_core.verb.build.BuildVerb object at 0x7fec214b8760>, verb_name='build', verb_parser=<colcon_defaults.argument_parser.defaults.DefaultArgumentsDecorator object at 0x7fec214b8cd0>)
[0.147s] Level 1:colcon.colcon_core.package_discovery:discover_packages(colcon_meta) check parameters
[0.148s] Level 1:colcon.colcon_core.package_discovery:discover_packages(recursive) check parameters
[0.148s] Level 1:colcon.colcon_core.package_discovery:discover_packages(ignore) check parameters
[0.148s] Level 1:colcon.colcon_core.package_discovery:discover_packages(path) check parameters
[0.148s] Level 1:colcon.colcon_core.package_discovery:discover_packages(colcon_meta) discover
[0.148s] Level 1:colcon.colcon_core.package_discovery:discover_packages(recursive) discover
[0.148s] INFO:colcon.colcon_core.package_discovery:Crawling recursively for packages in '/home/max/Documents/GitHub/IR2117/ros2_ws'
[0.148s] Level 1:colcon.colcon_core.package_identification:_identify(.) by extensions ['ignore', 'ignore_ament_install']
[0.148s] Level 1:colcon.colcon_core.package_identification:_identify(.) by extension 'ignore'
[0.148s] Level 1:colcon.colcon_core.package_identification:_identify(.) by extension 'ignore_ament_install'
[0.148s] Level 1:colcon.colcon_core.package_identification:_identify(.) by extensions ['colcon_pkg']
[0.148s] Level 1:colcon.colcon_core.package_identification:_identify(.) by extension 'colcon_pkg'
[0.148s] Level 1:colcon.colcon_core.package_identification:_identify(.) by extensions ['colcon_meta']
[0.148s] Level 1:colcon.colcon_core.package_identification:_identify(.) by extension 'colcon_meta'
[0.148s] Level 1:colcon.colcon_core.package_identification:_identify(.) by extensions ['ros']
[0.148s] Level 1:colcon.colcon_core.package_identification:_identify(.) by extension 'ros'
[0.157s] Level 1:colcon.colcon_core.package_identification:_identify(.) by extensions ['cmake', 'python']
[0.157s] Level 1:colcon.colcon_core.package_identification:_identify(.) by extension 'cmake'
[0.157s] Level 1:colcon.colcon_core.package_identification:_identify(.) by extension 'python'
[0.157s] Level 1:colcon.colcon_core.package_identification:_identify(.) by extensions ['python_setup_py']
[0.157s] Level 1:colcon.colcon_core.package_identification:_identify(.) by extension 'python_setup_py'
[0.157s] Level 1:colcon.colcon_core.package_identification:_identify(build) by extensions ['ignore', 'ignore_ament_install']
[0.158s] Level 1:colcon.colcon_core.package_identification:_identify(build) by extension 'ignore'
[0.158s] Level 1:colcon.colcon_core.package_identification:_identify(build) ignored
[0.158s] Level 1:colcon.colcon_core.package_identification:_identify(install) by extensions ['ignore', 'ignore_ament_install']
[0.158s] Level 1:colcon.colcon_core.package_identification:_identify(install) by extension 'ignore'
[0.158s] Level 1:colcon.colcon_core.package_identification:_identify(install) ignored
[0.158s] Level 1:colcon.colcon_core.package_identification:_identify(log) by extensions ['ignore', 'ignore_ament_install']
[0.158s] Level 1:colcon.colcon_core.package_identification:_identify(log) by extension 'ignore'
[0.158s] Level 1:colcon.colcon_core.package_identification:_identify(log) ignored
[0.158s] Level 1:colcon.colcon_core.package_identification:_identify(src) by extensions ['ignore', 'ignore_ament_install']
[0.158s] Level 1:colcon.colcon_core.package_identification:_identify(src) by extension 'ignore'
[0.158s] Level 1:colcon.colcon_core.package_identification:_identify(src) by extension 'ignore_ament_install'
[0.158s] Level 1:colcon.colcon_core.package_identification:_identify(src) by extensions ['colcon_pkg']
[0.158s] Level 1:colcon.colcon_core.package_identification:_identify(src) by extension 'colcon_pkg'
[0.158s] Level 1:colcon.colcon_core.package_identification:_identify(src) by extensions ['colcon_meta']
[0.158s] Level 1:colcon.colcon_core.package_identification:_identify(src) by extension 'colcon_meta'
[0.158s] Level 1:colcon.colcon_core.package_identification:_identify(src) by extensions ['ros']
[0.158s] Level 1:colcon.colcon_core.package_identification:_identify(src) by extension 'ros'
[0.158s] Level 1:colcon.colcon_core.package_identification:_identify(src) by extensions ['cmake', 'python']
[0.158s] Level 1:colcon.colcon_core.package_identification:_identify(src) by extension 'cmake'
[0.158s] Level 1:colcon.colcon_core.package_identification:_identify(src) by extension 'python'
[0.158s] Level 1:colcon.colcon_core.package_identification:_identify(src) by extensions ['python_setup_py']
[0.158s] Level 1:colcon.colcon_core.package_identification:_identify(src) by extension 'python_setup_py'
[0.158s] Level 1:colcon.colcon_core.package_identification:_identify(src/examples) by extensions ['ignore', 'ignore_ament_install']
[0.158s] Level 1:colcon.colcon_core.package_identification:_identify(src/examples) by extension 'ignore'
[0.158s] Level 1:colcon.colcon_core.package_identification:_identify(src/examples) by extension 'ignore_ament_install'
[0.158s] Level 1:colcon.colcon_core.package_identification:_identify(src/examples) by extensions ['colcon_pkg']
[0.158s] Level 1:colcon.colcon_core.package_identification:_identify(src/examples) by extension 'colcon_pkg'
[0.158s] Level 1:colcon.colcon_core.package_identification:_identify(src/examples) by extensions ['colcon_meta']
[0.158s] Level 1:colcon.colcon_core.package_identification:_identify(src/examples) by extension 'colcon_meta'
[0.158s] Level 1:colcon.colcon_core.package_identification:_identify(src/examples) by extensions ['ros']
[0.158s] Level 1:colcon.colcon_core.package_identification:_identify(src/examples) by extension 'ros'
[0.158s] Level 1:colcon.colcon_core.package_identification:_identify(src/examples) by extensions ['cmake', 'python']
[0.158s] Level 1:colcon.colcon_core.package_identification:_identify(src/examples) by extension 'cmake'
[0.158s] Level 1:colcon.colcon_core.package_identification:_identify(src/examples) by extension 'python'
[0.158s] Level 1:colcon.colcon_core.package_identification:_identify(src/examples) by extensions ['python_setup_py']
[0.158s] Level 1:colcon.colcon_core.package_identification:_identify(src/examples) by extension 'python_setup_py'
[0.158s] Level 1:colcon.colcon_core.package_identification:_identify(src/examples/sum) by extensions ['ignore', 'ignore_ament_install']
[0.159s] Level 1:colcon.colcon_core.package_identification:_identify(src/examples/sum) by extension 'ignore'
[0.159s] Level 1:colcon.colcon_core.package_identification:_identify(src/examples/sum) by extension 'ignore_ament_install'
[0.159s] Level 1:colcon.colcon_core.package_identification:_identify(src/examples/sum) by extensions ['colcon_pkg']
[0.159s] Level 1:colcon.colcon_core.package_identification:_identify(src/examples/sum) by extension 'colcon_pkg'
[0.159s] Level 1:colcon.colcon_core.package_identification:_identify(src/examples/sum) by extensions ['colcon_meta']
[0.159s] Level 1:colcon.colcon_core.package_identification:_identify(src/examples/sum) by extension 'colcon_meta'
[0.159s] Level 1:colcon.colcon_core.package_identification:_identify(src/examples/sum) by extensions ['ros']
[0.159s] Level 1:colcon.colcon_core.package_identification:_identify(src/examples/sum) by extension 'ros'
[0.160s] DEBUG:colcon.colcon_core.package_identification:Package 'src/examples/sum' with type 'ros.ament_cmake' and name 'examples_sum'
[0.160s] Level 1:colcon.colcon_core.package_identification:_identify(src/examples/topics) by extensions ['ignore', 'ignore_ament_install']
[0.160s] Level 1:colcon.colcon_core.package_identification:_identify(src/examples/topics) by extension 'ignore'
[0.160s] Level 1:colcon.colcon_core.package_identification:_identify(src/examples/topics) by extension 'ignore_ament_install'
[0.160s] Level 1:colcon.colcon_core.package_identification:_identify(src/examples/topics) by extensions ['colcon_pkg']
[0.160s] Level 1:colcon.colcon_core.package_identification:_identify(src/examples/topics) by extension 'colcon_pkg'
[0.160s] Level 1:colcon.colcon_core.package_identification:_identify(src/examples/topics) by extensions ['colcon_meta']
[0.160s] Level 1:colcon.colcon_core.package_identification:_identify(src/examples/topics) by extension 'colcon_meta'
[0.160s] Level 1:colcon.colcon_core.package_identification:_identify(src/examples/topics) by extensions ['ros']
[0.160s] Level 1:colcon.colcon_core.package_identification:_identify(src/examples/topics) by extension 'ros'
[0.160s] DEBUG:colcon.colcon_core.package_identification:Package 'src/examples/topics' with type 'ros.ament_cmake' and name 'examples_topics'
[0.160s] Level 1:colcon.colcon_core.package_discovery:discover_packages(recursive) using defaults
[0.160s] Level 1:colcon.colcon_core.package_discovery:discover_packages(ignore) discover
[0.160s] Level 1:colcon.colcon_core.package_discovery:discover_packages(ignore) using defaults
[0.160s] Level 1:colcon.colcon_core.package_discovery:discover_packages(path) discover
[0.161s] Level 1:colcon.colcon_core.package_discovery:discover_packages(path) using defaults
[0.170s] Level 1:colcon.colcon_core.package_discovery:discover_packages(prefix_path) check parameters
[0.170s] Level 1:colcon.colcon_core.package_discovery:discover_packages(prefix_path) discover
[0.171s] DEBUG:colcon.colcon_installed_package_information.package_discovery:Found 2 installed packages in /home/max/Documents/GitHub/IR2117/ros2_ws/install
[0.172s] DEBUG:colcon.colcon_installed_package_information.package_discovery:Found 256 installed packages in /opt/ros/foxy
[0.173s] Level 1:colcon.colcon_core.package_discovery:discover_packages(prefix_path) using defaults
[0.203s] Level 5:colcon.colcon_core.verb:set package 'examples_sum' build argument 'cmake_args' from command line to 'None'
[0.203s] Level 5:colcon.colcon_core.verb:set package 'examples_sum' build argument 'cmake_target' from command line to 'None'
[0.203s] Level 5:colcon.colcon_core.verb:set package 'examples_sum' build argument 'cmake_target_skip_unavailable' from command line to 'False'
[0.203s] Level 5:colcon.colcon_core.verb:set package 'examples_sum' build argument 'cmake_clean_cache' from command line to 'False'
[0.203s] Level 5:colcon.colcon_core.verb:set package 'examples_sum' build argument 'cmake_clean_first' from command line to 'False'
[0.203s] Level 5:colcon.colcon_core.verb:set package 'examples_sum' build argument 'cmake_force_configure' from command line to 'False'
[0.203s] Level 5:colcon.colcon_core.verb:set package 'examples_sum' build argument 'ament_cmake_args' from command line to 'None'
[0.203s] Level 5:colcon.colcon_core.verb:set package 'examples_sum' build argument 'catkin_cmake_args' from command line to 'None'
[0.203s] Level 5:colcon.colcon_core.verb:set package 'examples_sum' build argument 'catkin_skip_building_tests' from command line to 'False'
[0.203s] DEBUG:colcon.colcon_core.verb:Building package 'examples_sum' with the following arguments: {'ament_cmake_args': None, 'build_base': '/home/max/Documents/GitHub/IR2117/ros2_ws/build/examples_sum', 'catkin_cmake_args': None, 'catkin_skip_building_tests': False, 'cmake_args': None, 'cmake_clean_cache': False, 'cmake_clean_first': False, 'cmake_force_configure': False, 'cmake_target': None, 'cmake_target_skip_unavailable': False, 'install_base': '/home/max/Documents/GitHub/IR2117/ros2_ws/install/examples_sum', 'merge_install': False, 'path': '/home/max/Documents/GitHub/IR2117/ros2_ws/src/examples/sum', 'symlink_install': False, 'test_result_base': None}
[0.203s] Level 5:colcon.colcon_core.verb:set package 'examples_topics' build argument 'cmake_args' from command line to 'None'
[0.203s] Level 5:colcon.colcon_core.verb:set package 'examples_topics' build argument 'cmake_target' from command line to 'None'
[0.203s] Level 5:colcon.colcon_core.verb:set package 'examples_topics' build argument 'cmake_target_skip_unavailable' from command line to 'False'
[0.203s] Level 5:colcon.colcon_core.verb:set package 'examples_topics' build argument 'cmake_clean_cache' from command line to 'False'
[0.203s] Level 5:colcon.colcon_core.verb:set package 'examples_topics' build argument 'cmake_clean_first' from command line to 'False'
[0.203s] Level 5:colcon.colcon_core.verb:set package 'examples_topics' build argument 'cmake_force_configure' from command line to 'False'
[0.203s] Level 5:colcon.colcon_core.verb:set package 'examples_topics' build argument 'ament_cmake_args' from command line to 'None'
[0.203s] Level 5:colcon.colcon_core.verb:set package 'examples_topics' build argument 'catkin_cmake_args' from command line to 'None'
[0.203s] Level 5:colcon.colcon_core.verb:set package 'examples_topics' build argument 'catkin_skip_building_tests' from command line to 'False'
[0.203s] DEBUG:colcon.colcon_core.verb:Building package 'examples_topics' with the following arguments: {'ament_cmake_args': None, 'build_base': '/home/max/Documents/GitHub/IR2117/ros2_ws/build/examples_topics', 'catkin_cmake_args': None, 'catkin_skip_building_tests': False, 'cmake_args': None, 'cmake_clean_cache': False, 'cmake_clean_first': False, 'cmake_force_configure': False, 'cmake_target': None, 'cmake_target_skip_unavailable': False, 'install_base': '/home/max/Documents/GitHub/IR2117/ros2_ws/install/examples_topics', 'merge_install': False, 'path': '/home/max/Documents/GitHub/IR2117/ros2_ws/src/examples/topics', 'symlink_install': False, 'test_result_base': None}
[0.204s] INFO:colcon.colcon_core.executor:Executing jobs using 'parallel' executor
[0.205s] DEBUG:colcon.colcon_parallel_executor.executor.parallel:run_until_complete
[0.206s] INFO:colcon.colcon_ros.task.ament_cmake.build:Building ROS package in '/home/max/Documents/GitHub/IR2117/ros2_ws/src/examples/sum' with build type 'ament_cmake'
[0.206s] INFO:colcon.colcon_cmake.task.cmake.build:Building CMake package in '/home/max/Documents/GitHub/IR2117/ros2_ws/src/examples/sum'
[0.208s] INFO:colcon.colcon_core.plugin_system:Skipping extension 'colcon_core.shell.bat': Not used on non-Windows systems
[0.208s] INFO:colcon.colcon_core.shell:Skip shell extension 'powershell' for command environment: Not usable outside of PowerShell
[0.208s] DEBUG:colcon.colcon_core.shell:Skip shell extension 'dsv' for command environment
[0.211s] INFO:colcon.colcon_ros.task.ament_cmake.build:Building ROS package in '/home/max/Documents/GitHub/IR2117/ros2_ws/src/examples/topics' with build type 'ament_cmake'
[0.211s] INFO:colcon.colcon_cmake.task.cmake.build:Building CMake package in '/home/max/Documents/GitHub/IR2117/ros2_ws/src/examples/topics'
[0.212s] INFO:colcon.colcon_core.shell:Skip shell extension 'powershell' for command environment: Not usable outside of PowerShell
[0.212s] DEBUG:colcon.colcon_core.shell:Skip shell extension 'dsv' for command environment
[0.219s] DEBUG:colcon.colcon_core.event_handler.log_command:Invoking command in '/home/max/Documents/GitHub/IR2117/ros2_ws/build/examples_sum': CMAKE_PREFIX_PATH=${CMAKE_PREFIX_PATH}:/opt/ros/foxy /usr/bin/cmake --build /home/max/Documents/GitHub/IR2117/ros2_ws/build/examples_sum -- -j20 -l20
[0.223s] DEBUG:colcon.colcon_core.event_handler.log_command:Invoking command in '/home/max/Documents/GitHub/IR2117/ros2_ws/build/examples_topics': CMAKE_PREFIX_PATH=${CMAKE_PREFIX_PATH}:/opt/ros/foxy /usr/bin/cmake --build /home/max/Documents/GitHub/IR2117/ros2_ws/build/examples_topics -- -j20 -l20
[0.259s] DEBUG:colcon.colcon_core.event_handler.log_command:Invoked command in '/home/max/Documents/GitHub/IR2117/ros2_ws/build/examples_topics' returned '0': CMAKE_PREFIX_PATH=${CMAKE_PREFIX_PATH}:/opt/ros/foxy /usr/bin/cmake --build /home/max/Documents/GitHub/IR2117/ros2_ws/build/examples_topics -- -j20 -l20
[0.275s] DEBUG:colcon.colcon_core.event_handler.log_command:Invoking command in '/home/max/Documents/GitHub/IR2117/ros2_ws/build/examples_topics': CMAKE_PREFIX_PATH=${CMAKE_PREFIX_PATH}:/opt/ros/foxy /usr/bin/cmake --install /home/max/Documents/GitHub/IR2117/ros2_ws/build/examples_topics
[0.282s] Level 1:colcon.colcon_core.environment:create_environment_scripts_only(examples_topics)
[0.282s] DEBUG:colcon.colcon_core.event_handler.log_command:Invoked command in '/home/max/Documents/GitHub/IR2117/ros2_ws/build/examples_topics' returned '0': CMAKE_PREFIX_PATH=${CMAKE_PREFIX_PATH}:/opt/ros/foxy /usr/bin/cmake --install /home/max/Documents/GitHub/IR2117/ros2_ws/build/examples_topics
[0.285s] Level 1:colcon.colcon_core.environment:checking '/home/max/Documents/GitHub/IR2117/ros2_ws/install/examples_topics' for CMake module files
[0.285s] Level 1:colcon.colcon_core.environment:checking '/home/max/Documents/GitHub/IR2117/ros2_ws/install/examples_topics' for CMake config files
[0.286s] Level 1:colcon.colcon_core.shell:create_environment_hook('examples_topics', 'cmake_prefix_path')
[0.286s] INFO:colcon.colcon_core.shell:Creating environment hook '/home/max/Documents/GitHub/IR2117/ros2_ws/install/examples_topics/share/examples_topics/hook/cmake_prefix_path.ps1'
[0.287s] INFO:colcon.colcon_core.shell:Creating environment descriptor '/home/max/Documents/GitHub/IR2117/ros2_ws/install/examples_topics/share/examples_topics/hook/cmake_prefix_path.dsv'
[0.287s] INFO:colcon.colcon_core.shell:Creating environment hook '/home/max/Documents/GitHub/IR2117/ros2_ws/install/examples_topics/share/examples_topics/hook/cmake_prefix_path.sh'
[0.287s] Level 1:colcon.colcon_core.environment:checking '/home/max/Documents/GitHub/IR2117/ros2_ws/install/examples_topics/lib'
[0.287s] Level 1:colcon.colcon_core.environment:checking '/home/max/Documents/GitHub/IR2117/ros2_ws/install/examples_topics/bin'
[0.287s] Level 1:colcon.colcon_core.environment:checking '/home/max/Documents/GitHub/IR2117/ros2_ws/install/examples_topics/lib/pkgconfig/examples_topics.pc'
[0.288s] Level 1:colcon.colcon_core.environment:checking '/home/max/Documents/GitHub/IR2117/ros2_ws/install/examples_topics/lib/python3.8/site-packages'
[0.288s] Level 1:colcon.colcon_core.environment:checking '/home/max/Documents/GitHub/IR2117/ros2_ws/install/examples_topics/bin'
[0.288s] INFO:colcon.colcon_core.shell:Creating package script '/home/max/Documents/GitHub/IR2117/ros2_ws/install/examples_topics/share/examples_topics/package.ps1'
[0.289s] INFO:colcon.colcon_core.shell:Creating package descriptor '/home/max/Documents/GitHub/IR2117/ros2_ws/install/examples_topics/share/examples_topics/package.dsv'
[0.289s] INFO:colcon.colcon_core.shell:Creating package script '/home/max/Documents/GitHub/IR2117/ros2_ws/install/examples_topics/share/examples_topics/package.sh'
[0.289s] INFO:colcon.colcon_core.shell:Creating package script '/home/max/Documents/GitHub/IR2117/ros2_ws/install/examples_topics/share/examples_topics/package.bash'
[0.290s] INFO:colcon.colcon_core.shell:Creating package script '/home/max/Documents/GitHub/IR2117/ros2_ws/install/examples_topics/share/examples_topics/package.zsh'
[0.290s] Level 1:colcon.colcon_core.environment:create_file_with_runtime_dependencies(/home/max/Documents/GitHub/IR2117/ros2_ws/install/examples_topics/share/colcon-core/packages/examples_topics)
[0.303s] Level 1:colcon.colcon_core.environment:create_environment_scripts_only(examples_topics)
[0.304s] Level 1:colcon.colcon_core.environment:checking '/home/max/Documents/GitHub/IR2117/ros2_ws/install/examples_topics' for CMake module files
[0.304s] Level 1:colcon.colcon_core.environment:checking '/home/max/Documents/GitHub/IR2117/ros2_ws/install/examples_topics' for CMake config files
[0.304s] Level 1:colcon.colcon_core.shell:create_environment_hook('examples_topics', 'cmake_prefix_path')
[0.305s] INFO:colcon.colcon_core.shell:Creating environment hook '/home/max/Documents/GitHub/IR2117/ros2_ws/install/examples_topics/share/examples_topics/hook/cmake_prefix_path.ps1'
[0.306s] INFO:colcon.colcon_core.shell:Creating environment descriptor '/home/max/Documents/GitHub/IR2117/ros2_ws/install/examples_topics/share/examples_topics/hook/cmake_prefix_path.dsv'
[0.306s] INFO:colcon.colcon_core.shell:Creating environment hook '/home/max/Documents/GitHub/IR2117/ros2_ws/install/examples_topics/share/examples_topics/hook/cmake_prefix_path.sh'
[0.306s] Level 1:colcon.colcon_core.environment:checking '/home/max/Documents/GitHub/IR2117/ros2_ws/install/examples_topics/lib'
[0.306s] Level 1:colcon.colcon_core.environment:checking '/home/max/Documents/GitHub/IR2117/ros2_ws/install/examples_topics/bin'
[0.306s] Level 1:colcon.colcon_core.environment:checking '/home/max/Documents/GitHub/IR2117/ros2_ws/install/examples_topics/lib/pkgconfig/examples_topics.pc'
[0.306s] Level 1:colcon.colcon_core.environment:checking '/home/max/Documents/GitHub/IR2117/ros2_ws/install/examples_topics/lib/python3.8/site-packages'
[0.306s] Level 1:colcon.colcon_core.environment:checking '/home/max/Documents/GitHub/IR2117/ros2_ws/install/examples_topics/bin'
[0.307s] INFO:colcon.colcon_core.shell:Creating package script '/home/max/Documents/GitHub/IR2117/ros2_ws/install/examples_topics/share/examples_topics/package.ps1'
[0.307s] INFO:colcon.colcon_core.shell:Creating package descriptor '/home/max/Documents/GitHub/IR2117/ros2_ws/install/examples_topics/share/examples_topics/package.dsv'
[0.308s] INFO:colcon.colcon_core.shell:Creating package script '/home/max/Documents/GitHub/IR2117/ros2_ws/install/examples_topics/share/examples_topics/package.sh'
[0.308s] INFO:colcon.colcon_core.shell:Creating package script '/home/max/Documents/GitHub/IR2117/ros2_ws/install/examples_topics/share/examples_topics/package.bash'
[0.308s] INFO:colcon.colcon_core.shell:Creating package script '/home/max/Documents/GitHub/IR2117/ros2_ws/install/examples_topics/share/examples_topics/package.zsh'
[0.308s] Level 1:colcon.colcon_core.environment:create_file_with_runtime_dependencies(/home/max/Documents/GitHub/IR2117/ros2_ws/install/examples_topics/share/colcon-core/packages/examples_topics)
[2.584s] DEBUG:colcon.colcon_core.event_handler.log_command:Invoked command in '/home/max/Documents/GitHub/IR2117/ros2_ws/build/examples_sum' returned '0': CMAKE_PREFIX_PATH=${CMAKE_PREFIX_PATH}:/opt/ros/foxy /usr/bin/cmake --build /home/max/Documents/GitHub/IR2117/ros2_ws/build/examples_sum -- -j20 -l20
[2.596s] DEBUG:colcon.colcon_core.event_handler.log_command:Invoking command in '/home/max/Documents/GitHub/IR2117/ros2_ws/build/examples_sum': CMAKE_PREFIX_PATH=${CMAKE_PREFIX_PATH}:/opt/ros/foxy /usr/bin/cmake --install /home/max/Documents/GitHub/IR2117/ros2_ws/build/examples_sum
[2.602s] Level 1:colcon.colcon_core.environment:create_environment_scripts_only(examples_sum)
[2.604s] Level 1:colcon.colcon_core.environment:checking '/home/max/Documents/GitHub/IR2117/ros2_ws/install/examples_sum' for CMake module files
[2.605s] DEBUG:colcon.colcon_core.event_handler.log_command:Invoked command in '/home/max/Documents/GitHub/IR2117/ros2_ws/build/examples_sum' returned '0': CMAKE_PREFIX_PATH=${CMAKE_PREFIX_PATH}:/opt/ros/foxy /usr/bin/cmake --install /home/max/Documents/GitHub/IR2117/ros2_ws/build/examples_sum
[2.605s] Level 1:colcon.colcon_core.environment:checking '/home/max/Documents/GitHub/IR2117/ros2_ws/install/examples_sum' for CMake config files
[2.605s] Level 1:colcon.colcon_core.shell:create_environment_hook('examples_sum', 'cmake_prefix_path')
[2.606s] INFO:colcon.colcon_core.shell:Creating environment hook '/home/max/Documents/GitHub/IR2117/ros2_ws/install/examples_sum/share/examples_sum/hook/cmake_prefix_path.ps1'
[2.606s] INFO:colcon.colcon_core.shell:Creating environment descriptor '/home/max/Documents/GitHub/IR2117/ros2_ws/install/examples_sum/share/examples_sum/hook/cmake_prefix_path.dsv'
[2.607s] INFO:colcon.colcon_core.shell:Creating environment hook '/home/max/Documents/GitHub/IR2117/ros2_ws/install/examples_sum/share/examples_sum/hook/cmake_prefix_path.sh'
[2.607s] Level 1:colcon.colcon_core.environment:checking '/home/max/Documents/GitHub/IR2117/ros2_ws/install/examples_sum/lib'
[2.607s] Level 1:colcon.colcon_core.environment:checking '/home/max/Documents/GitHub/IR2117/ros2_ws/install/examples_sum/bin'
[2.607s] Level 1:colcon.colcon_core.environment:checking '/home/max/Documents/GitHub/IR2117/ros2_ws/install/examples_sum/lib/pkgconfig/examples_sum.pc'
[2.608s] Level 1:colcon.colcon_core.environment:checking '/home/max/Documents/GitHub/IR2117/ros2_ws/install/examples_sum/lib/python3.8/site-packages'
[2.608s] Level 1:colcon.colcon_core.environment:checking '/home/max/Documents/GitHub/IR2117/ros2_ws/install/examples_sum/bin'
[2.609s] INFO:colcon.colcon_core.shell:Creating package script '/home/max/Documents/GitHub/IR2117/ros2_ws/install/examples_sum/share/examples_sum/package.ps1'
[2.609s] INFO:colcon.colcon_core.shell:Creating package descriptor '/home/max/Documents/GitHub/IR2117/ros2_ws/install/examples_sum/share/examples_sum/package.dsv'
[2.610s] INFO:colcon.colcon_core.shell:Creating package script '/home/max/Documents/GitHub/IR2117/ros2_ws/install/examples_sum/share/examples_sum/package.sh'
[2.610s] INFO:colcon.colcon_core.shell:Creating package script '/home/max/Documents/GitHub/IR2117/ros2_ws/install/examples_sum/share/examples_sum/package.bash'
[2.610s] INFO:colcon.colcon_core.shell:Creating package script '/home/max/Documents/GitHub/IR2117/ros2_ws/install/examples_sum/share/examples_sum/package.zsh'
[2.610s] Level 1:colcon.colcon_core.environment:create_file_with_runtime_dependencies(/home/max/Documents/GitHub/IR2117/ros2_ws/install/examples_sum/share/colcon-core/packages/examples_sum)
[2.640s] Level 1:colcon.colcon_core.environment:create_environment_scripts_only(examples_sum)
[2.644s] Level 1:colcon.colcon_core.environment:checking '/home/max/Documents/GitHub/IR2117/ros2_ws/install/examples_sum' for CMake module files
[2.644s] Level 1:colcon.colcon_core.environment:checking '/home/max/Documents/GitHub/IR2117/ros2_ws/install/examples_sum' for CMake config files
[2.645s] Level 1:colcon.colcon_core.shell:create_environment_hook('examples_sum', 'cmake_prefix_path')
[2.646s] INFO:colcon.colcon_core.shell:Creating environment hook '/home/max/Documents/GitHub/IR2117/ros2_ws/install/examples_sum/share/examples_sum/hook/cmake_prefix_path.ps1'
[2.647s] INFO:colcon.colcon_core.shell:Creating environment descriptor '/home/max/Documents/GitHub/IR2117/ros2_ws/install/examples_sum/share/examples_sum/hook/cmake_prefix_path.dsv'
[2.647s] INFO:colcon.colcon_core.shell:Creating environment hook '/home/max/Documents/GitHub/IR2117/ros2_ws/install/examples_sum/share/examples_sum/hook/cmake_prefix_path.sh'
[2.648s] Level 1:colcon.colcon_core.environment:checking '/home/max/Documents/GitHub/IR2117/ros2_ws/install/examples_sum/lib'
[2.648s] Level 1:colcon.colcon_core.environment:checking '/home/max/Documents/GitHub/IR2117/ros2_ws/install/examples_sum/bin'
[2.648s] Level 1:colcon.colcon_core.environment:checking '/home/max/Documents/GitHub/IR2117/ros2_ws/install/examples_sum/lib/pkgconfig/examples_sum.pc'
[2.648s] Level 1:colcon.colcon_core.environment:checking '/home/max/Documents/GitHub/IR2117/ros2_ws/install/examples_sum/lib/python3.8/site-packages'
[2.649s] Level 1:colcon.colcon_core.environment:checking '/home/max/Documents/GitHub/IR2117/ros2_ws/install/examples_sum/bin'
[2.650s] INFO:colcon.colcon_core.shell:Creating package script '/home/max/Documents/GitHub/IR2117/ros2_ws/install/examples_sum/share/examples_sum/package.ps1'
[2.650s] INFO:colcon.colcon_core.shell:Creating package descriptor '/home/max/Documents/GitHub/IR2117/ros2_ws/install/examples_sum/share/examples_sum/package.dsv'
[2.650s] INFO:colcon.colcon_core.shell:Creating package script '/home/max/Documents/GitHub/IR2117/ros2_ws/install/examples_sum/share/examples_sum/package.sh'
[2.651s] INFO:colcon.colcon_core.shell:Creating package script '/home/max/Documents/GitHub/IR2117/ros2_ws/install/examples_sum/share/examples_sum/package.bash'
[2.651s] INFO:colcon.colcon_core.shell:Creating package script '/home/max/Documents/GitHub/IR2117/ros2_ws/install/examples_sum/share/examples_sum/package.zsh'
[2.651s] Level 1:colcon.colcon_core.environment:create_file_with_runtime_dependencies(/home/max/Documents/GitHub/IR2117/ros2_ws/install/examples_sum/share/colcon-core/packages/examples_sum)
[2.651s] DEBUG:colcon.colcon_parallel_executor.executor.parallel:closing loop
[2.651s] DEBUG:colcon.colcon_parallel_executor.executor.parallel:loop closed
[2.652s] DEBUG:colcon.colcon_parallel_executor.executor.parallel:run_until_complete finished with '0'
[2.652s] DEBUG:colcon.colcon_core.event_reactor:joining thread
[2.656s] INFO:colcon.colcon_core.plugin_system:Skipping extension 'colcon_notification.desktop_notification.notify_send': Could not find 'notify-send'
[2.656s] INFO:colcon.colcon_core.plugin_system:Skipping extension 'colcon_notification.desktop_notification.terminal_notifier': Not used on non-Darwin systems
[2.656s] INFO:colcon.colcon_core.plugin_system:Skipping extension 'colcon_notification.desktop_notification.win32': Not used on non-Windows systems
[2.656s] INFO:colcon.colcon_notification.desktop_notification:Sending desktop notification using 'notify2'
[2.695s] DEBUG:colcon.colcon_core.event_reactor:joined thread
[2.697s] INFO:colcon.colcon_core.shell:Creating prefix script '/home/max/Documents/GitHub/IR2117/ros2_ws/install/local_setup.ps1'
[2.698s] INFO:colcon.colcon_core.shell:Creating prefix util module '/home/max/Documents/GitHub/IR2117/ros2_ws/install/_local_setup_util_ps1.py'
[2.699s] INFO:colcon.colcon_core.shell:Creating prefix chain script '/home/max/Documents/GitHub/IR2117/ros2_ws/install/setup.ps1'
[2.701s] INFO:colcon.colcon_core.shell:Creating prefix script '/home/max/Documents/GitHub/IR2117/ros2_ws/install/local_setup.sh'
[2.702s] INFO:colcon.colcon_core.shell:Creating prefix util module '/home/max/Documents/GitHub/IR2117/ros2_ws/install/_local_setup_util_sh.py'
[2.704s] INFO:colcon.colcon_core.shell:Creating prefix chain script '/home/max/Documents/GitHub/IR2117/ros2_ws/install/setup.sh'
[2.707s] INFO:colcon.colcon_core.shell:Creating prefix script '/home/max/Documents/GitHub/IR2117/ros2_ws/install/local_setup.bash'
[2.708s] INFO:colcon.colcon_core.shell:Creating prefix chain script '/home/max/Documents/GitHub/IR2117/ros2_ws/install/setup.bash'
[2.710s] INFO:colcon.colcon_core.shell:Creating prefix script '/home/max/Documents/GitHub/IR2117/ros2_ws/install/local_setup.zsh'
[2.711s] INFO:colcon.colcon_core.shell:Creating prefix chain script '/home/max/Documents/GitHub/IR2117/ros2_ws/install/setup.zsh'
