[0.008s] Invoking command in '/home/max/Documents/GitHub/IR2117/tb3_ws/build/olympic': CMAKE_PREFIX_PATH=${CMAKE_PREFIX_PATH}:/opt/ros/foxy /usr/bin/cmake --build /home/max/Documents/GitHub/IR2117/tb3_ws/build/olympic -- -j20 -l20
[0.032s] [35m[1mScanning dependencies of target rings[0m
[0.047s] [ 50%] [32mBuilding CXX object CMakeFiles/rings.dir/src/rings.cpp.o[0m
[2.492s] [100%] [32m[1mLinking CXX executable rings[0m
[2.613s] [100%] Built target rings
[2.619s] Invoked command in '/home/max/Documents/GitHub/IR2117/tb3_ws/build/olympic' returned '0': CMAKE_PREFIX_PATH=${CMAKE_PREFIX_PATH}:/opt/ros/foxy /usr/bin/cmake --build /home/max/Documents/GitHub/IR2117/tb3_ws/build/olympic -- -j20 -l20
[2.639s] Invoking command in '/home/max/Documents/GitHub/IR2117/tb3_ws/build/olympic': CMAKE_PREFIX_PATH=${CMAKE_PREFIX_PATH}:/opt/ros/foxy /usr/bin/cmake --install /home/max/Documents/GitHub/IR2117/tb3_ws/build/olympic
[2.644s] -- Install configuration: ""
[2.644s] -- Installing: /home/max/Documents/GitHub/IR2117/tb3_ws/install/olympic/lib/olympic/rings
[2.646s] -- Set runtime path of "/home/max/Documents/GitHub/IR2117/tb3_ws/install/olympic/lib/olympic/rings" to ""
[2.646s] -- Up-to-date: /home/max/Documents/GitHub/IR2117/tb3_ws/install/olympic/share/ament_index/resource_index/package_run_dependencies/olympic
[2.647s] -- Up-to-date: /home/max/Documents/GitHub/IR2117/tb3_ws/install/olympic/share/ament_index/resource_index/parent_prefix_path/olympic
[2.647s] -- Up-to-date: /home/max/Documents/GitHub/IR2117/tb3_ws/install/olympic/share/olympic/environment/ament_prefix_path.sh
[2.647s] -- Up-to-date: /home/max/Documents/GitHub/IR2117/tb3_ws/install/olympic/share/olympic/environment/ament_prefix_path.dsv
[2.647s] -- Up-to-date: /home/max/Documents/GitHub/IR2117/tb3_ws/install/olympic/share/olympic/environment/path.sh
[2.647s] -- Up-to-date: /home/max/Documents/GitHub/IR2117/tb3_ws/install/olympic/share/olympic/environment/path.dsv
[2.647s] -- Up-to-date: /home/max/Documents/GitHub/IR2117/tb3_ws/install/olympic/share/olympic/local_setup.bash
[2.647s] -- Up-to-date: /home/max/Documents/GitHub/IR2117/tb3_ws/install/olympic/share/olympic/local_setup.sh
[2.647s] -- Up-to-date: /home/max/Documents/GitHub/IR2117/tb3_ws/install/olympic/share/olympic/local_setup.zsh
[2.647s] -- Up-to-date: /home/max/Documents/GitHub/IR2117/tb3_ws/install/olympic/share/olympic/local_setup.dsv
[2.647s] -- Installing: /home/max/Documents/GitHub/IR2117/tb3_ws/install/olympic/share/olympic/package.dsv
[2.647s] -- Up-to-date: /home/max/Documents/GitHub/IR2117/tb3_ws/install/olympic/share/ament_index/resource_index/packages/olympic
[2.647s] -- Up-to-date: /home/max/Documents/GitHub/IR2117/tb3_ws/install/olympic/share/olympic/cmake/olympicConfig.cmake
[2.647s] -- Up-to-date: /home/max/Documents/GitHub/IR2117/tb3_ws/install/olympic/share/olympic/cmake/olympicConfig-version.cmake
[2.648s] -- Up-to-date: /home/max/Documents/GitHub/IR2117/tb3_ws/install/olympic/share/olympic/package.xml
[2.649s] Invoked command in '/home/max/Documents/GitHub/IR2117/tb3_ws/build/olympic' returned '0': CMAKE_PREFIX_PATH=${CMAKE_PREFIX_PATH}:/opt/ros/foxy /usr/bin/cmake --install /home/max/Documents/GitHub/IR2117/tb3_ws/build/olympic
